2023-10-03 00:02:35,425 [INFO] ApplicationProperties:184 - Using Application install path: C:\ST\STM32CubeIDE_1.12.1\STM32CubeIDE\plugins\com.st.stm32cube.common.mx_6.8.1.202304191431
2023-10-03 00:02:35,519 [INFO] DbMcusXml:78 - Set database path to: C:\ST\STM32CubeIDE_1.12.1\STM32CubeIDE\plugins\com.st.stm32cube.common.mx_6.8.1.202304191431\\db\/mcu/
2023-10-03 00:02:35,519 [INFO] ApiDb:274 - Set plugin database path to: C:\ST\STM32CubeIDE_1.12.1\STM32CubeIDE\plugins\com.st.stm32cube.common.mx_6.8.1.202304191431\\db\/plugins/boardmanager/
2023-10-03 00:02:35,524 [WARN] ApiDb:259 - Overriding images path with different value:  => C:\ST\STM32CubeIDE_1.12.1\STM32CubeIDE\plugins\com.st.stm32cube.common.mx_6.8.1.202304191431\\db\/plugins/mcufinder/images/
2023-10-03 00:02:35,583 [INFO] ApiDb:250 - Set database path to: C:\Users\thinh\.stmcufinder\plugins\mcufinder//mcu/
2023-10-03 00:02:35,586 [INFO] DbMcusAds:125 - Set database path to: C:\Users\thinh\.stmcufinder\plugins\mcufinder//mcu/
2023-10-03 00:02:35,623 [INFO] CrossReferenceDbSqlite:203 - Set database path to: C:\Users\thinh\.stmcufinder\plugins\mcufinder//mcu/cs/
2023-10-03 00:02:35,840 [INFO] RulesReader:64 - Compatibility file has been processed (293 Rules)
2023-10-03 00:02:36,000 [INFO] DbMcusXml:78 - Set database path to: C:\ST\STM32CubeIDE_1.12.1\STM32CubeIDE\plugins\com.st.stm32cube.common.mx_6.8.1.202304191431\\db\/mcu/
2023-10-03 00:02:36,000 [INFO] ApiDb:274 - Set plugin database path to: C:\ST\STM32CubeIDE_1.12.1\STM32CubeIDE\plugins\com.st.stm32cube.common.mx_6.8.1.202304191431\\db\/plugins/boardmanager/
2023-10-03 00:02:36,000 [INFO] ApiDb:261 - Set plugin images path to: C:\ST\STM32CubeIDE_1.12.1\STM32CubeIDE\plugins\com.st.stm32cube.common.mx_6.8.1.202304191431\\db\/plugins/mcufinder/images/
2023-10-03 00:02:36,001 [WARN] DbFile:41 - Overriding database path with different value: C:\Users\thinh\.stmcufinder\plugins\mcufinder/ => C:\Users\thinh\.stmcufinder\plugins\mcufinder
2023-10-03 00:02:36,001 [INFO] ApiDb:250 - Set database path to: C:\Users\thinh\.stmcufinder\plugins\mcufinder//mcu/
2023-10-03 00:02:36,001 [WARN] DbFile:41 - Overriding database path with different value: C:\Users\thinh\.stmcufinder\plugins\mcufinder/ => C:\Users\thinh\.stmcufinder\plugins\mcufinder
2023-10-03 00:02:36,001 [INFO] DbMcusAds:125 - Set database path to: C:\Users\thinh\.stmcufinder\plugins\mcufinder//mcu/
2023-10-03 00:02:36,001 [WARN] DbFile:41 - Overriding database path with different value: C:\Users\thinh\.stmcufinder\plugins\mcufinder/ => C:\Users\thinh\.stmcufinder\plugins\mcufinder
2023-10-03 00:02:36,001 [WARN] DbFile:41 - Overriding database path with different value: C:\Users\thinh\.stmcufinder\plugins\mcufinder/ => C:\Users\thinh\.stmcufinder\plugins\mcufinder
2023-10-03 00:02:36,002 [INFO] CrossReferenceDbSqlite:203 - Set database path to: C:\Users\thinh\.stmcufinder\plugins\mcufinder//mcu/cs/
2023-10-03 00:02:36,160 [INFO] MainPanel:253 - HeapMemory: 646971392
2023-10-03 00:02:36,327 [INFO] DbMcusXml:78 - Set database path to: C:\ST\STM32CubeIDE_1.12.1\STM32CubeIDE\plugins\com.st.stm32cube.common.mx_6.8.1.202304191431\\db\/mcu/
2023-10-03 00:02:36,327 [INFO] ApiDb:274 - Set plugin database path to: C:\ST\STM32CubeIDE_1.12.1\STM32CubeIDE\plugins\com.st.stm32cube.common.mx_6.8.1.202304191431\\db\/plugins/boardmanager/
2023-10-03 00:02:36,327 [INFO] ApiDb:261 - Set plugin images path to: C:\ST\STM32CubeIDE_1.12.1\STM32CubeIDE\plugins\com.st.stm32cube.common.mx_6.8.1.202304191431\\db\/plugins/mcufinder/images/
2023-10-03 00:02:36,328 [WARN] DbFile:41 - Overriding database path with different value: C:\Users\thinh\.stmcufinder\plugins\mcufinder/ => C:\Users\thinh\.stmcufinder\plugins\mcufinder
2023-10-03 00:02:36,328 [INFO] ApiDb:250 - Set database path to: C:\Users\thinh\.stmcufinder\plugins\mcufinder//mcu/
2023-10-03 00:02:36,328 [WARN] DbFile:41 - Overriding database path with different value: C:\Users\thinh\.stmcufinder\plugins\mcufinder/ => C:\Users\thinh\.stmcufinder\plugins\mcufinder
2023-10-03 00:02:36,328 [INFO] DbMcusAds:125 - Set database path to: C:\Users\thinh\.stmcufinder\plugins\mcufinder//mcu/
2023-10-03 00:02:36,329 [WARN] DbFile:41 - Overriding database path with different value: C:\Users\thinh\.stmcufinder\plugins\mcufinder/ => C:\Users\thinh\.stmcufinder\plugins\mcufinder
2023-10-03 00:02:36,329 [WARN] DbFile:41 - Overriding database path with different value: C:\Users\thinh\.stmcufinder\plugins\mcufinder/ => C:\Users\thinh\.stmcufinder\plugins\mcufinder
2023-10-03 00:02:36,329 [INFO] CrossReferenceDbSqlite:203 - Set database path to: C:\Users\thinh\.stmcufinder\plugins\mcufinder//mcu/cs/
2023-10-03 00:02:36,360 [INFO] ApplicationProperties:184 - Using Application install path: C:\ST\STM32CubeIDE_1.12.1\STM32CubeIDE\plugins\com.st.stm32cube.common.mx_6.8.1.202304191431
2023-10-03 00:02:36,362 [INFO] PluginManage:196 - Search for loadable plugins [exclusion list=, ]
2023-10-03 00:02:36,365 [INFO] PluginManage:310 - Check plugin analytics
2023-10-03 00:02:36,679 [INFO] AnalyticsPlugin:253 - Accepted Software Licenses: STM32CubeMX.6.9.0
2023-10-03 00:02:36,679 [INFO] AnalyticsPlugin:255 - Accepted CMSIS Pack Licenses: 
2023-10-03 00:02:36,680 [INFO] AnalyticsPlugin:257 - Accepted Firmware Licenses: 
2023-10-03 00:02:36,703 [INFO] PluginManage:359 - Loaded plugin analytics (category:tool,tabindex:-1)
2023-10-03 00:02:36,704 [INFO] PluginManage:310 - Check plugin cadmodel
2023-10-03 00:02:36,728 [INFO] CADModel:105 - Init CAD model plugin
2023-10-03 00:02:36,728 [INFO] PluginManage:359 - Loaded plugin cadmodel (category:power,tabindex:5)
2023-10-03 00:02:36,728 [INFO] PluginManage:310 - Check plugin clock
2023-10-03 00:02:36,762 [INFO] PluginManage:359 - Loaded plugin clock (category:base,tabindex:2)
2023-10-03 00:02:36,762 [INFO] PluginManage:310 - Check plugin ddr
2023-10-03 00:02:36,766 [INFO] PluginManage:359 - Loaded plugin ddr (category:tool,tabindex:6)
2023-10-03 00:02:36,767 [INFO] PluginManage:310 - Check plugin filemanager
2023-10-03 00:02:37,009 [INFO] PluginManage:359 - Loaded plugin filemanager (category:base,tabindex:10)
2023-10-03 00:02:37,009 [INFO] PluginManage:310 - Check plugin ipmanager
2023-10-03 00:02:37,021 [INFO] PluginManage:359 - Loaded plugin ipmanager (category:base,tabindex:5)
2023-10-03 00:02:37,021 [INFO] PluginManage:310 - Check plugin lpbam
2023-10-03 00:02:37,050 [INFO] PluginManage:359 - Loaded plugin lpbam (category:base,tabindex:0)
2023-10-03 00:02:37,050 [INFO] PluginManage:310 - Check plugin pinoutandconfiguration
2023-10-03 00:02:37,071 [INFO] PluginManage:359 - Loaded plugin pinoutandconfiguration (category:base,tabindex:1)
2023-10-03 00:02:37,071 [INFO] PluginManage:310 - Check plugin pinoutconfig
2023-10-03 00:02:37,234 [WARN] SupportedApi:132 - Cannot load RTOS API schema: s4s-elt-must-match.1: The content of 'definitions' must match (annotation?, (simpleType | complexType)?, (unique | key | keyref)*)). A problem was found starting at: attribute.
2023-10-03 00:02:37,446 [INFO] PluginManage:359 - Loaded plugin pinoutconfig (category:base,tabindex:0)
2023-10-03 00:02:37,446 [INFO] PluginManage:310 - Check plugin power
2023-10-03 00:02:37,484 [INFO] PluginManage:359 - Loaded plugin power (category:power,tabindex:4)
2023-10-03 00:02:37,484 [INFO] PluginManage:310 - Check plugin projectmanager
2023-10-03 00:02:37,506 [INFO] PluginManage:359 - Loaded plugin projectmanager (category:projectmanager,tabindex:3)
2023-10-03 00:02:37,507 [INFO] PluginManage:310 - Check plugin thirdparty
2023-10-03 00:02:37,834 [INFO] PluginManage:359 - Loaded plugin thirdparty (category:base,tabindex:-1)
2023-10-03 00:02:37,834 [WARN] IntegrityCheckThread:84 - waiting for thirdparty lock release [integrity check]
2023-10-03 00:02:37,835 [INFO] PluginManage:310 - Check plugin tools
2023-10-03 00:02:37,835 [INFO] IntegrityCheckThread:86 - entering critical section [integrity check]
2023-10-03 00:02:37,839 [INFO] ThirdPartyUpdaterWithRetryManager:70 - Updater plugin not ready yet. [1/15]
2023-10-03 00:02:37,869 [INFO] PluginManage:359 - Loaded plugin tools (category:base,tabindex:7)
2023-10-03 00:02:37,869 [INFO] PluginManage:310 - Check plugin tutovideos
2023-10-03 00:02:38,207 [INFO] PluginManage:359 - Loaded plugin tutovideos (category:base,tabindex:-1)
2023-10-03 00:02:38,207 [INFO] PluginManage:310 - Check plugin updater
2023-10-03 00:02:38,235 [INFO] PluginManage:359 - Loaded plugin updater (category:base,tabindex:12)
2023-10-03 00:02:38,236 [INFO] PluginManage:283 - PluginManage : Loaded plugins [15]
2023-10-03 00:02:38,691 [INFO] PinOutPanel:1499 - setPackage(No Configuration,No Configuration)
2023-10-03 00:02:38,809 [INFO] CADModel:165 - CPN selected for project level
2023-10-03 00:02:38,809 [INFO] CADModel:114 - Register for checkConnection events
2023-10-03 00:02:38,855 [INFO] IPUIPlugin:80 - create IPUIPlugin
2023-10-03 00:02:38,855 [INFO] PluginManager:220 - loadIPPluginJar : add adc
2023-10-03 00:02:38,892 [INFO] IPUIPlugin:80 - create IPUIPlugin
2023-10-03 00:02:38,892 [INFO] PluginManager:220 - loadIPPluginJar : add aes
2023-10-03 00:02:38,935 [INFO] IPUIPlugin:80 - create IPUIPlugin
2023-10-03 00:02:38,935 [INFO] PluginManager:220 - loadIPPluginJar : add can
2023-10-03 00:02:38,957 [INFO] IPUIPlugin:80 - create IPUIPlugin
2023-10-03 00:02:38,958 [INFO] PluginManager:220 - loadIPPluginJar : add comp
2023-10-03 00:02:38,993 [INFO] IPUIPlugin:80 - create IPUIPlugin
2023-10-03 00:02:38,993 [INFO] PluginManager:220 - loadIPPluginJar : add cryp
2023-10-03 00:02:39,026 [INFO] IPUIPlugin:80 - create IPUIPlugin
2023-10-03 00:02:39,026 [INFO] PluginManager:220 - loadIPPluginJar : add dfsdm
2023-10-03 00:02:39,042 [INFO] IPUIPlugin:80 - create IPUIPlugin
2023-10-03 00:02:39,043 [INFO] PluginManager:220 - loadIPPluginJar : add dma
2023-10-03 00:02:39,089 [INFO] IPUIPlugin:80 - create IPUIPlugin
2023-10-03 00:02:39,090 [INFO] PluginManager:220 - loadIPPluginJar : add dma3
2023-10-03 00:02:39,111 [INFO] IPUIPlugin:80 - create IPUIPlugin
2023-10-03 00:02:39,111 [INFO] PluginManager:220 - loadIPPluginJar : add fatfs
2023-10-03 00:02:39,161 [INFO] IPUIPlugin:80 - create IPUIPlugin
2023-10-03 00:02:39,161 [INFO] PluginManager:220 - loadIPPluginJar : add fmc
2023-10-03 00:02:39,180 [INFO] IPUIPlugin:80 - create IPUIPlugin
2023-10-03 00:02:39,180 [INFO] PluginManager:220 - loadIPPluginJar : add freertos
2023-10-03 00:02:39,202 [INFO] IPUIPlugin:80 - create IPUIPlugin
2023-10-03 00:02:39,202 [INFO] PluginManager:220 - loadIPPluginJar : add genericplugin
2023-10-03 00:02:39,308 [INFO] IPUIPlugin:80 - create IPUIPlugin
2023-10-03 00:02:39,308 [INFO] PluginManager:220 - loadIPPluginJar : add gfxmmu
2023-10-03 00:02:39,451 [INFO] IPUIPlugin:80 - create IPUIPlugin
2023-10-03 00:02:39,451 [INFO] PluginManager:220 - loadIPPluginJar : add gic
2023-10-03 00:02:39,466 [INFO] IPUIPlugin:80 - create IPUIPlugin
2023-10-03 00:02:39,466 [INFO] PluginManager:220 - loadIPPluginJar : add gpio
2023-10-03 00:02:39,580 [INFO] IPUIPlugin:80 - create IPUIPlugin
2023-10-03 00:02:39,580 [INFO] PluginManager:220 - loadIPPluginJar : add gtzc
2023-10-03 00:02:39,618 [INFO] IPUIPlugin:80 - create IPUIPlugin
2023-10-03 00:02:39,619 [INFO] PluginManager:220 - loadIPPluginJar : add hash
2023-10-03 00:02:39,696 [INFO] IPUIPlugin:80 - create IPUIPlugin
2023-10-03 00:02:39,696 [INFO] PluginManager:220 - loadIPPluginJar : add i2c
2023-10-03 00:02:39,742 [INFO] IPUIPlugin:80 - create IPUIPlugin
2023-10-03 00:02:39,742 [INFO] PluginManager:220 - loadIPPluginJar : add i2s
2023-10-03 00:02:39,786 [INFO] IPUIPlugin:80 - create IPUIPlugin
2023-10-03 00:02:39,787 [INFO] PluginManager:220 - loadIPPluginJar : add i3c
2023-10-03 00:02:39,902 [INFO] IPUIPlugin:80 - create IPUIPlugin
2023-10-03 00:02:39,902 [INFO] PluginManager:220 - loadIPPluginJar : add ipddr
2023-10-03 00:02:40,005 [INFO] IPUIPlugin:80 - create IPUIPlugin
2023-10-03 00:02:40,005 [INFO] PluginManager:220 - loadIPPluginJar : add linkedlist
2023-10-03 00:02:40,042 [INFO] IPUIPlugin:80 - create IPUIPlugin
2023-10-03 00:02:40,043 [INFO] PluginManager:220 - loadIPPluginJar : add lorawan
2023-10-03 00:02:40,087 [INFO] IPUIPlugin:80 - create IPUIPlugin
2023-10-03 00:02:40,087 [INFO] PluginManager:220 - loadIPPluginJar : add ltdc
2023-10-03 00:02:40,106 [INFO] IPUIPlugin:80 - create IPUIPlugin
2023-10-03 00:02:40,106 [INFO] PluginManager:220 - loadIPPluginJar : add mdma
2023-10-03 00:02:40,119 [INFO] IPUIPlugin:80 - create IPUIPlugin
2023-10-03 00:02:40,119 [INFO] PluginManager:220 - loadIPPluginJar : add nvic
2023-10-03 00:02:40,157 [INFO] IPUIPlugin:80 - create IPUIPlugin
2023-10-03 00:02:40,158 [INFO] PluginManager:220 - loadIPPluginJar : add opamp
2023-10-03 00:02:40,224 [INFO] IPUIPlugin:80 - create IPUIPlugin
2023-10-03 00:02:40,224 [INFO] PluginManager:220 - loadIPPluginJar : add openamp
2023-10-03 00:02:40,290 [INFO] IPUIPlugin:80 - create IPUIPlugin
2023-10-03 00:02:40,290 [INFO] PluginManager:220 - loadIPPluginJar : add pdm2pcm
2023-10-03 00:02:40,310 [INFO] IPUIPlugin:80 - create IPUIPlugin
2023-10-03 00:02:40,314 [INFO] PluginManager:220 - loadIPPluginJar : add plateformsettings
2023-10-03 00:02:40,342 [INFO] IPUIPlugin:80 - create IPUIPlugin
2023-10-03 00:02:40,342 [INFO] PluginManager:220 - loadIPPluginJar : add quadspi
2023-10-03 00:02:40,361 [INFO] IPUIPlugin:80 - create IPUIPlugin
2023-10-03 00:02:40,361 [INFO] PluginManager:220 - loadIPPluginJar : add resmgrutility
2023-10-03 00:02:40,425 [INFO] IPUIPlugin:80 - create IPUIPlugin
2023-10-03 00:02:40,426 [INFO] PluginManager:220 - loadIPPluginJar : add sai
2023-10-03 00:02:40,469 [INFO] IPUIPlugin:80 - create IPUIPlugin
2023-10-03 00:02:40,469 [INFO] PluginManager:220 - loadIPPluginJar : add spi
2023-10-03 00:02:40,530 [INFO] IPUIPlugin:80 - create IPUIPlugin
2023-10-03 00:02:40,530 [INFO] PluginManager:220 - loadIPPluginJar : add stm32_wpan
2023-10-03 00:02:40,555 [INFO] IPUIPlugin:80 - create IPUIPlugin
2023-10-03 00:02:40,555 [INFO] PluginManager:220 - loadIPPluginJar : add tim
2023-10-03 00:02:40,614 [INFO] IPUIPlugin:80 - create IPUIPlugin
2023-10-03 00:02:40,614 [INFO] PluginManager:220 - loadIPPluginJar : add touchsensing
2023-10-03 00:02:40,638 [INFO] IPUIPlugin:80 - create IPUIPlugin
2023-10-03 00:02:40,638 [INFO] PluginManager:220 - loadIPPluginJar : add tracer_emb
2023-10-03 00:02:40,662 [INFO] IPUIPlugin:80 - create IPUIPlugin
2023-10-03 00:02:40,662 [INFO] PluginManager:220 - loadIPPluginJar : add ts
2023-10-03 00:02:40,684 [INFO] IPUIPlugin:80 - create IPUIPlugin
2023-10-03 00:02:40,684 [INFO] PluginManager:220 - loadIPPluginJar : add tsc
2023-10-03 00:02:40,708 [INFO] IPUIPlugin:80 - create IPUIPlugin
2023-10-03 00:02:40,709 [INFO] PluginManager:220 - loadIPPluginJar : add ucpd
2023-10-03 00:02:40,755 [INFO] IPUIPlugin:80 - create IPUIPlugin
2023-10-03 00:02:40,755 [INFO] PluginManager:220 - loadIPPluginJar : add usart
2023-10-03 00:02:40,800 [INFO] IPUIPlugin:80 - create IPUIPlugin
2023-10-03 00:02:40,800 [INFO] PluginManager:220 - loadIPPluginJar : add usbx
2023-10-03 00:02:40,845 [INFO] ThirdPartyUpdaterWithRetryManager:70 - Updater plugin not ready yet. [2/15]
2023-10-03 00:02:40,957 [INFO] CADModel:165 - CPN selected for project level
2023-10-03 00:02:40,957 [INFO] CADModel:114 - Register for checkConnection events
2023-10-03 00:02:40,959 [FATAL] Updater:308 - Updater called before beeing initialized
2023-10-03 00:02:40,959 [ERROR] CADModel:125 - Updater not yet initialized, retry later 
2023-10-03 00:02:41,250 [INFO] CADModel:165 - CPN selected for project level
2023-10-03 00:02:41,251 [INFO] CADModel:114 - Register for checkConnection events
2023-10-03 00:02:41,251 [FATAL] Updater:308 - Updater called before beeing initialized
2023-10-03 00:02:41,251 [ERROR] CADModel:125 - Updater not yet initialized, retry later 
2023-10-03 00:02:41,257 [FATAL] Updater:308 - Updater called before beeing initialized
2023-10-03 00:02:41,526 [FATAL] Updater:308 - Updater called before beeing initialized
2023-10-03 00:02:41,556 [INFO] DbMcusAds:53 - JSON generation date=Tue Mar 07 15:50:55 ICT 2023 (1678179055114)
2023-10-03 00:02:41,556 [FATAL] Updater:308 - Updater called before beeing initialized
2023-10-03 00:02:41,664 [WARN] DetailPanel:346 - Failed to get advertising image, set to default
2023-10-03 00:02:41,874 [FATAL] Updater:308 - Updater called before beeing initialized
2023-10-03 00:02:41,877 [FATAL] Updater:308 - Updater called before beeing initialized
2023-10-03 00:02:41,878 [FATAL] Updater:308 - Updater called before beeing initialized
2023-10-03 00:02:41,878 [WARN] DetailPanel:346 - Failed to get advertising image, set to default
2023-10-03 00:02:41,879 [FATAL] Updater:308 - Updater called before beeing initialized
2023-10-03 00:02:41,959 [ERROR] Updater:1120 - MainUpdater not yet initialized. External WinMGr cannot be set.
2023-10-03 00:02:41,971 [INFO] Updater:1056 - Updater Version found : 6.8.1
2023-10-03 00:02:41,998 [INFO] ApplicationProperties:184 - Using Application install path: C:\ST\STM32CubeIDE_1.12.1\STM32CubeIDE\plugins\com.st.stm32cube.common.mx_6.8.1.202304191431
2023-10-03 00:02:42,256 [INFO] MainUpdater:2854 - connection check result : 10
2023-10-03 00:02:42,256 [INFO] MainUpdater:3548 - Updater definition file requires update
2023-10-03 00:02:42,258 [INFO] MainUpdater:283 - Updater Check For Update Now.
2023-10-03 00:02:42,259 [INFO] MicroXplorer:498 - Change Database Version : DB.6.0.81
2023-10-03 00:02:42,310 [INFO] ServerAccessManage:473 - Download File updaters.zip
2023-10-03 00:02:42,439 [INFO] FileExtend:240 - Unzip File : updaters.zip
2023-10-03 00:02:42,439 [INFO] FileExtend:255 - Standard Zip Deflate
2023-10-03 00:02:43,229 [INFO] ServerAccessManage:473 - Download File PacksControlFlags.xml
2023-10-03 00:02:43,321 [INFO] ServerAccessManage:473 - Download File cubemx.pidx
2023-10-03 00:02:43,886 [WARN] MainUpdater:1187 - Updater busy. Cannot search thirdparties
2023-10-03 00:02:43,890 [INFO] ThirdPartyUpdaterWithRetryManager:96 - Updater plugin is busy. [1/15]
2023-10-03 00:02:45,026 [INFO] ServerAccessManage:473 - Download File STMicroelectronics.X-CUBE-TOUCHGFX.pdsc
2023-10-03 00:02:46,908 [WARN] MainUpdater:1187 - Updater busy. Cannot search thirdparties
2023-10-03 00:02:46,908 [INFO] ThirdPartyUpdaterWithRetryManager:96 - Updater plugin is busy. [2/15]
2023-10-03 00:02:49,919 [WARN] MainUpdater:1187 - Updater busy. Cannot search thirdparties
2023-10-03 00:02:49,919 [INFO] ThirdPartyUpdaterWithRetryManager:96 - Updater plugin is busy. [3/15]
2023-10-03 00:02:51,464 [ERROR] ServerAccessManage:1096 - Problem, Http access forbiden
2023-10-03 00:02:51,465 [ERROR] ServerAccessManage:651 - Problem, Http access forbiden : RoweBots.I-CUBE-UNISONRTOS.pdsc.
2023-10-03 00:02:52,759 [INFO] ServerAccessManage:473 - Download File ITTIA_DB.I-CUBE-ITTIADB.pdsc
2023-10-03 00:02:52,920 [WARN] MainUpdater:1187 - Updater busy. Cannot search thirdparties
2023-10-03 00:02:52,920 [INFO] ThirdPartyUpdaterWithRetryManager:96 - Updater plugin is busy. [4/15]
2023-10-03 00:02:55,927 [WARN] MainUpdater:1187 - Updater busy. Cannot search thirdparties
2023-10-03 00:02:55,927 [INFO] ThirdPartyUpdaterWithRetryManager:96 - Updater plugin is busy. [5/15]
2023-10-03 00:02:57,566 [WARN] PackLoader:240 - Cannot read IP mode file for STMicroelectronics.X-CUBE-TOUCHGFX.4.22.1
2023-10-03 00:02:57,588 [WARN] PackLoader:240 - Cannot read IP mode file for ITTIA_DB.I-CUBE-ITTIADB.8.8.0
2023-10-03 00:02:57,590 [INFO] PopulateThirdPartyThread:66 - Ending populate Thread
2023-10-03 00:02:57,597 [INFO] ThirdParty:1030 - CMSIS Pack Vendor :STMicroelectronics X-CUBE-TOUCHGFX 4.22.1
2023-10-03 00:02:57,597 [INFO] ThirdParty:1030 - CMSIS Pack Vendor :ITTIA_DB I-CUBE-ITTIADB 8.8.0
2023-10-03 00:02:57,598 [INFO] LoadServerUpdatesThread:373 - End of LoadServerUpdate Thread
2023-10-03 00:02:57,782 [INFO] CheckServerUpdateThread:120 - End of CheckServer Thread
2023-10-03 00:02:57,796 [INFO] MainUpdater:2854 - connection check result : 10
2023-10-03 00:02:57,831 [INFO] McuFinderGlobals:66 - Set McuFinderConnectedMode to true
2023-10-03 00:02:58,225 [INFO] ServerAccessManage:473 - Download File mcusAds.json._tmp_
2023-10-03 00:02:58,350 [INFO] LoadUrlFilesThread:156 - End of LoadUrlFiles Thread
2023-10-03 00:02:58,476 [INFO] ServerAccessManage:473 - Download File cube-finder-db.zip
2023-10-03 00:02:58,930 [WARN] MainUpdater:1187 - Updater busy. Cannot search thirdparties
2023-10-03 00:02:58,930 [INFO] ThirdPartyUpdaterWithRetryManager:96 - Updater plugin is busy. [6/15]
2023-10-03 00:02:59,801 [ERROR] ServerAccessManage:651 - User Cancel Download : cube-finder-db.zip.
2023-10-03 00:02:59,935 [INFO] LoadUrlFilesThread:156 - End of LoadUrlFiles Thread
2023-10-03 00:03:01,270 [INFO] DbMcusAds:53 - JSON generation date=Tue Mar 07 15:50:55 ICT 2023 (1678179055114)
2023-10-03 00:03:01,307 [ERROR] TargetSelectorAdapter:267 - Unable to refresh data
2023-10-03 00:03:01,774 [INFO] ApiDb:581 - Connected to CubeFinder SQLite database (C:\Users\thinh\.stmcufinder\plugins\mcufinder\mcu\cube-finder-db.db)
2023-10-03 00:03:01,904 [INFO] ApiDb:668 - CubeFinder database Data Model version=2.1
2023-10-03 00:03:01,904 [INFO] ApiDb:669 - CubeFinder database Configuration version=3.0.37
2023-10-03 00:03:01,904 [INFO] ApiDb:670 - CubeFinder database generation date=2023-08-09 (1691586011)
2023-10-03 00:03:01,905 [INFO] ApiDb:671 - CubeFinder database FW Pack versions=[FP-ATR-ASTRA1_V2.0.0, FP-SNS-FLIGHT1_V5.0.1, FP-SNS-FLIGHT1_V5.0.2, FP-SNS-MOTENV1_V4.3.1, FP-SNS-MOTENV1_V4.3.2, STM32Cube_FW_C0_V1.1.0, STM32Cube_FW_F4_V1.27.1, STM32Cube_FW_F7_V1.17.0, STM32Cube_FW_G0_V1.6.1, STM32Cube_FW_G4_V1.5.1, STM32Cube_FW_H5_V0.5.1, STM32Cube_FW_H5_V1.1.0, STM32Cube_FW_H7_V1.11.0, STM32Cube_FW_L0_V1.12.2, STM32Cube_FW_L5_V1.5.0, STM32Cube_FW_U5_V1.3.0, STM32Cube_FW_U5_V1.3.0RC4, STM32Cube_FW_WBA_V1.0.0RC1, STM32Cube_FW_WBA_V1.1.0, STM32Cube_FW_WBA_V1.1.0RC1, STM32Cube_FW_WB_V1.15.0RC1, STM32Cube_FW_WB_V1.16.0, STM32Cube_FW_WB_V1.16.0RC2, STM32Cube_FW_WB_V1.17.0, STM32Cube_FW_WL_V1.3.0, X-CUBE-ALGOBUILD_V1.3.0, X-CUBE-ALS_V1.0.1, X-CUBE-AZRTOS-F4_V1.1.0, X-CUBE-AZRTOS-F7_V1.1.0, X-CUBE-AZRTOS-G0_V1.1.0, X-CUBE-AZRTOS-G4_V2.0.0, X-CUBE-AZRTOS-H7_V3.1.0, X-CUBE-AZRTOS-L4_V1.0.0, X-CUBE-AZRTOS-L4_V2.0.0, X-CUBE-AZRTOS-L5_V1.1.0, X-CUBE-AZRTOS-WB_V1.1.0, X-CUBE-AZRTOS-WL_V2.0.0, X-CUBE-BLE1_V7.0.0, X-CUBE-BLE2_V3.3.0, X-CUBE-BLEMGR_V2.0.0, X-CUBE-EEPRMA1_V4.1.0, X-CUBE-FREERTOS_V1.1.0, X-CUBE-GNSS1_V6.0.0, X-CUBE-MEMS1_V9.1.0, X-CUBE-MEMS1_V9.4.0, X-CUBE-MEMS1_V9.6.0, X-CUBE-NFC4_V3.0.0, X-CUBE-NFC7_V1.0.0, X-CUBE-SFXS2LP1_V4.0.0, X-CUBE-SUBG2_V5.0.0, X-CUBE-TOF1_V3.3.1]
2023-10-03 00:03:02,265 [INFO] DbBoardsSqlite:226 - include board P-NUCLEO-WB55-NUCLEO as a kit item of type 'Nucleo-64'
2023-10-03 00:03:02,266 [INFO] DbBoardsSqlite:226 - include board P-NUCLEO-WB55-USBDONGLE as a kit item of type 'Nucleo USB Dongle'
2023-10-03 00:03:02,272 [INFO] DbBoardsSqlite:226 - include board STEVAL-IDP005V1 as a kit item of type 'Evaluation Board'
2023-10-03 00:03:02,274 [INFO] DbBoardsSqlite:226 - include board STEVAL-IDP005V2 as a kit item of type 'Evaluation Board'
2023-10-03 00:03:02,329 [WARN] PackLoader:240 - Cannot read IP mode file for STMicroelectronics.X-CUBE-SMBUS.2.1.0
2023-10-03 00:03:02,426 [WARN] PackLoader:240 - Cannot read IP mode file for STMicroelectronics.X-CUBE-AZRTOS-F7.1.1.0
2023-10-03 00:03:02,465 [WARN] PackLoader:240 - Cannot read IP mode file for STMicroelectronics.FP-SNS-MOTENV1.4.3.2
2023-10-03 00:03:02,489 [WARN] PackLoader:240 - Cannot read IP mode file for STMicroelectronics.FP-SNS-FLIGHT1.5.0.1
2023-10-03 00:03:02,509 [WARN] PackLoader:240 - Cannot read IP mode file for STMicroelectronics.X-CUBE-BLE1.6.2.4
2023-10-03 00:03:02,526 [WARN] PackLoader:240 - Cannot read IP mode file for STMicroelectronics.FP-SNS-FLIGHT1.5.0.2
2023-10-03 00:03:02,548 [WARN] PackLoader:240 - Cannot read IP mode file for STMicroelectronics.X-CUBE-DISPLAY.3.0.0
2023-10-03 00:03:02,585 [WARN] PackLoader:240 - Cannot read IP mode file for STMicroelectronics.X-CUBE-BLE1.7.0.0
2023-10-03 00:03:02,610 [WARN] PackLoader:240 - Cannot read IP mode file for emotas.I-CUBE-CANOPEN.1.3.0
2023-10-03 00:03:02,633 [WARN] PackLoader:240 - Cannot read IP mode file for STMicroelectronics.X-CUBE-TOUCHGFX.4.22.0
2023-10-03 00:03:02,642 [WARN] PackLoader:240 - Cannot read IP mode file for STMicroelectronics.X-CUBE-TOUCHGFX.4.22.1
2023-10-03 00:03:02,658 [WARN] PackLoader:240 - Cannot read IP mode file for STMicroelectronics.FP-SNS-SMARTAG2.1.2.0
