2023-10-08 12:43:57,844 [INFO] Activator:176 - 


2023-10-08 12:43:57,852 [INFO] Activator:177 - !SESSION log4j initialized
2023-10-08 12:44:18,071 [INFO] LogOutputStream:77 - [STDOUT_REDIRECT] 
2023-10-08 12:45:01,359 [ERROR] LogOutputStream:75 - [STDERR_REDIRECT] SLF4J: Failed to load class "org.slf4j.impl.StaticLoggerBinder".
2023-10-08 12:45:01,359 [ERROR] LogOutputStream:75 - [STDERR_REDIRECT] SLF4J: Defaulting to no-operation (NOP) logger implementation
2023-10-08 12:45:01,359 [ERROR] LogOutputStream:75 - [STDERR_REDIRECT] SLF4J: See http://www.slf4j.org/codes.html#StaticLoggerBinder for further details.
2023-10-08 12:45:14,889 [INFO] ApplicationProperties:184 - Using Application install path: C:\ST\STM32CubeIDE_1.12.1\STM32CubeIDE\plugins\com.st.stm32cube.common.mx_6.8.1.202304191431
2023-10-08 12:45:14,918 [INFO] DbMcusXml:78 - Set database path to: C:\ST\STM32CubeIDE_1.12.1\STM32CubeIDE\plugins\com.st.stm32cube.common.mx_6.8.1.202304191431\\db\/mcu/
2023-10-08 12:45:14,919 [INFO] ApiDb:274 - Set plugin database path to: C:\ST\STM32CubeIDE_1.12.1\STM32CubeIDE\plugins\com.st.stm32cube.common.mx_6.8.1.202304191431\\db\/plugins/boardmanager/
2023-10-08 12:45:14,921 [WARN] ApiDb:259 - Overriding images path with different value:  => C:\ST\STM32CubeIDE_1.12.1\STM32CubeIDE\plugins\com.st.stm32cube.common.mx_6.8.1.202304191431\\db\/plugins/mcufinder/images/
2023-10-08 12:45:14,949 [INFO] ApiDb:250 - Set database path to: C:\Users\thinh\.stmcufinder\plugins\mcufinder//mcu/
2023-10-08 12:45:14,951 [INFO] DbMcusAds:125 - Set database path to: C:\Users\thinh\.stmcufinder\plugins\mcufinder//mcu/
2023-10-08 12:45:14,987 [INFO] CrossReferenceDbSqlite:203 - Set database path to: C:\Users\thinh\.stmcufinder\plugins\mcufinder//mcu/cs/
2023-10-08 12:45:15,160 [INFO] RulesReader:64 - Compatibility file has been processed (293 Rules)
2023-10-08 12:45:15,311 [INFO] DbMcusXml:78 - Set database path to: C:\ST\STM32CubeIDE_1.12.1\STM32CubeIDE\plugins\com.st.stm32cube.common.mx_6.8.1.202304191431\\db\/mcu/
2023-10-08 12:45:15,312 [INFO] ApiDb:274 - Set plugin database path to: C:\ST\STM32CubeIDE_1.12.1\STM32CubeIDE\plugins\com.st.stm32cube.common.mx_6.8.1.202304191431\\db\/plugins/boardmanager/
2023-10-08 12:45:15,312 [INFO] ApiDb:261 - Set plugin images path to: C:\ST\STM32CubeIDE_1.12.1\STM32CubeIDE\plugins\com.st.stm32cube.common.mx_6.8.1.202304191431\\db\/plugins/mcufinder/images/
2023-10-08 12:45:15,313 [WARN] DbFile:41 - Overriding database path with different value: C:\Users\thinh\.stmcufinder\plugins\mcufinder/ => C:\Users\thinh\.stmcufinder\plugins\mcufinder
2023-10-08 12:45:15,313 [INFO] ApiDb:250 - Set database path to: C:\Users\thinh\.stmcufinder\plugins\mcufinder//mcu/
2023-10-08 12:45:15,313 [WARN] DbFile:41 - Overriding database path with different value: C:\Users\thinh\.stmcufinder\plugins\mcufinder/ => C:\Users\thinh\.stmcufinder\plugins\mcufinder
2023-10-08 12:45:15,313 [INFO] DbMcusAds:125 - Set database path to: C:\Users\thinh\.stmcufinder\plugins\mcufinder//mcu/
2023-10-08 12:45:15,313 [WARN] DbFile:41 - Overriding database path with different value: C:\Users\thinh\.stmcufinder\plugins\mcufinder/ => C:\Users\thinh\.stmcufinder\plugins\mcufinder
2023-10-08 12:45:15,314 [WARN] DbFile:41 - Overriding database path with different value: C:\Users\thinh\.stmcufinder\plugins\mcufinder/ => C:\Users\thinh\.stmcufinder\plugins\mcufinder
2023-10-08 12:45:15,314 [INFO] CrossReferenceDbSqlite:203 - Set database path to: C:\Users\thinh\.stmcufinder\plugins\mcufinder//mcu/cs/
2023-10-08 12:45:15,529 [INFO] MainPanel:253 - HeapMemory: 283115520
2023-10-08 12:45:15,701 [INFO] DbMcusXml:78 - Set database path to: C:\ST\STM32CubeIDE_1.12.1\STM32CubeIDE\plugins\com.st.stm32cube.common.mx_6.8.1.202304191431\\db\/mcu/
2023-10-08 12:45:15,701 [INFO] ApiDb:274 - Set plugin database path to: C:\ST\STM32CubeIDE_1.12.1\STM32CubeIDE\plugins\com.st.stm32cube.common.mx_6.8.1.202304191431\\db\/plugins/boardmanager/
2023-10-08 12:45:15,701 [INFO] ApiDb:261 - Set plugin images path to: C:\ST\STM32CubeIDE_1.12.1\STM32CubeIDE\plugins\com.st.stm32cube.common.mx_6.8.1.202304191431\\db\/plugins/mcufinder/images/
2023-10-08 12:45:15,701 [WARN] DbFile:41 - Overriding database path with different value: C:\Users\thinh\.stmcufinder\plugins\mcufinder/ => C:\Users\thinh\.stmcufinder\plugins\mcufinder
2023-10-08 12:45:15,701 [INFO] ApiDb:250 - Set database path to: C:\Users\thinh\.stmcufinder\plugins\mcufinder//mcu/
2023-10-08 12:45:15,717 [WARN] DbFile:41 - Overriding database path with different value: C:\Users\thinh\.stmcufinder\plugins\mcufinder/ => C:\Users\thinh\.stmcufinder\plugins\mcufinder
2023-10-08 12:45:15,717 [INFO] DbMcusAds:125 - Set database path to: C:\Users\thinh\.stmcufinder\plugins\mcufinder//mcu/
2023-10-08 12:45:15,717 [WARN] DbFile:41 - Overriding database path with different value: C:\Users\thinh\.stmcufinder\plugins\mcufinder/ => C:\Users\thinh\.stmcufinder\plugins\mcufinder
2023-10-08 12:45:15,717 [WARN] DbFile:41 - Overriding database path with different value: C:\Users\thinh\.stmcufinder\plugins\mcufinder/ => C:\Users\thinh\.stmcufinder\plugins\mcufinder
2023-10-08 12:45:15,717 [INFO] CrossReferenceDbSqlite:203 - Set database path to: C:\Users\thinh\.stmcufinder\plugins\mcufinder//mcu/cs/
2023-10-08 12:45:15,748 [INFO] ApplicationProperties:184 - Using Application install path: C:\ST\STM32CubeIDE_1.12.1\STM32CubeIDE\plugins\com.st.stm32cube.common.mx_6.8.1.202304191431
2023-10-08 12:45:15,748 [INFO] PluginManage:196 - Search for loadable plugins [exclusion list=, ]
2023-10-08 12:45:15,748 [INFO] PluginManage:310 - Check plugin analytics
2023-10-08 12:45:16,050 [INFO] AnalyticsPlugin:253 - Accepted Software Licenses: STM32CubeMX.6.9.0
2023-10-08 12:45:16,050 [INFO] AnalyticsPlugin:255 - Accepted CMSIS Pack Licenses: 
2023-10-08 12:45:16,050 [INFO] AnalyticsPlugin:257 - Accepted Firmware Licenses: 
2023-10-08 12:45:16,065 [INFO] PluginManage:359 - Loaded plugin analytics (category:tool,tabindex:-1)
2023-10-08 12:45:16,065 [INFO] PluginManage:310 - Check plugin cadmodel
2023-10-08 12:45:16,081 [INFO] CADModel:105 - Init CAD model plugin
2023-10-08 12:45:16,081 [INFO] PluginManage:359 - Loaded plugin cadmodel (category:power,tabindex:5)
2023-10-08 12:45:16,081 [INFO] PluginManage:310 - Check plugin clock
2023-10-08 12:45:16,097 [INFO] PluginManage:359 - Loaded plugin clock (category:base,tabindex:2)
2023-10-08 12:45:16,112 [INFO] PluginManage:310 - Check plugin ddr
2023-10-08 12:45:16,112 [INFO] PluginManage:359 - Loaded plugin ddr (category:tool,tabindex:6)
2023-10-08 12:45:16,112 [INFO] PluginManage:310 - Check plugin filemanager
2023-10-08 12:45:16,315 [INFO] PluginManage:359 - Loaded plugin filemanager (category:base,tabindex:10)
2023-10-08 12:45:16,315 [INFO] PluginManage:310 - Check plugin ipmanager
2023-10-08 12:45:16,331 [INFO] PluginManage:359 - Loaded plugin ipmanager (category:base,tabindex:5)
2023-10-08 12:45:16,331 [INFO] PluginManage:310 - Check plugin lpbam
2023-10-08 12:45:16,347 [INFO] PluginManage:359 - Loaded plugin lpbam (category:base,tabindex:0)
2023-10-08 12:45:16,347 [INFO] PluginManage:310 - Check plugin pinoutandconfiguration
2023-10-08 12:45:16,378 [INFO] PluginManage:359 - Loaded plugin pinoutandconfiguration (category:base,tabindex:1)
2023-10-08 12:45:16,378 [INFO] PluginManage:310 - Check plugin pinoutconfig
2023-10-08 12:45:16,518 [WARN] SupportedApi:132 - Cannot load RTOS API schema: s4s-elt-must-match.1: The content of 'definitions' must match (annotation?, (simpleType | complexType)?, (unique | key | keyref)*)). A problem was found starting at: attribute.
2023-10-08 12:45:16,721 [INFO] PluginManage:359 - Loaded plugin pinoutconfig (category:base,tabindex:0)
2023-10-08 12:45:16,721 [INFO] PluginManage:310 - Check plugin power
2023-10-08 12:45:16,753 [INFO] PluginManage:359 - Loaded plugin power (category:power,tabindex:4)
2023-10-08 12:45:16,753 [INFO] PluginManage:310 - Check plugin projectmanager
2023-10-08 12:45:16,768 [INFO] PluginManage:359 - Loaded plugin projectmanager (category:projectmanager,tabindex:3)
2023-10-08 12:45:16,768 [INFO] PluginManage:310 - Check plugin thirdparty
2023-10-08 12:45:17,072 [INFO] PluginManage:359 - Loaded plugin thirdparty (category:base,tabindex:-1)
2023-10-08 12:45:17,072 [WARN] IntegrityCheckThread:84 - waiting for thirdparty lock release [integrity check]
2023-10-08 12:45:17,088 [INFO] IntegrityCheckThread:86 - entering critical section [integrity check]
2023-10-08 12:45:17,088 [INFO] PluginManage:310 - Check plugin tools
2023-10-08 12:45:17,088 [INFO] ThirdPartyUpdaterWithRetryManager:70 - Updater plugin not ready yet. [1/15]
2023-10-08 12:45:17,119 [INFO] PluginManage:359 - Loaded plugin tools (category:base,tabindex:7)
2023-10-08 12:45:17,119 [INFO] PluginManage:310 - Check plugin tutovideos
2023-10-08 12:45:17,400 [INFO] PluginManage:359 - Loaded plugin tutovideos (category:base,tabindex:-1)
2023-10-08 12:45:17,400 [INFO] PluginManage:310 - Check plugin updater
2023-10-08 12:45:17,462 [INFO] PluginManage:359 - Loaded plugin updater (category:base,tabindex:12)
2023-10-08 12:45:17,462 [INFO] PluginManage:283 - PluginManage : Loaded plugins [15]
2023-10-08 12:45:17,948 [INFO] PinOutPanel:1499 - setPackage(No Configuration,No Configuration)
2023-10-08 12:45:18,073 [INFO] CADModel:165 - CPN selected for project level
2023-10-08 12:45:18,073 [INFO] CADModel:114 - Register for checkConnection events
2023-10-08 12:45:18,120 [INFO] IPUIPlugin:80 - create IPUIPlugin
2023-10-08 12:45:18,136 [INFO] PluginManager:220 - loadIPPluginJar : add adc
2023-10-08 12:45:18,230 [INFO] IPUIPlugin:80 - create IPUIPlugin
2023-10-08 12:45:18,230 [INFO] PluginManager:220 - loadIPPluginJar : add aes
2023-10-08 12:45:18,332 [INFO] IPUIPlugin:80 - create IPUIPlugin
2023-10-08 12:45:18,332 [INFO] PluginManager:220 - loadIPPluginJar : add can
2023-10-08 12:45:18,379 [INFO] IPUIPlugin:80 - create IPUIPlugin
2023-10-08 12:45:18,379 [INFO] PluginManager:220 - loadIPPluginJar : add comp
2023-10-08 12:45:18,457 [INFO] IPUIPlugin:80 - create IPUIPlugin
2023-10-08 12:45:18,457 [INFO] PluginManager:220 - loadIPPluginJar : add cryp
2023-10-08 12:45:18,550 [INFO] IPUIPlugin:80 - create IPUIPlugin
2023-10-08 12:45:18,550 [INFO] PluginManager:220 - loadIPPluginJar : add dfsdm
2023-10-08 12:45:18,566 [INFO] IPUIPlugin:80 - create IPUIPlugin
2023-10-08 12:45:18,566 [INFO] PluginManager:220 - loadIPPluginJar : add dma
2023-10-08 12:45:18,644 [INFO] IPUIPlugin:80 - create IPUIPlugin
2023-10-08 12:45:18,644 [INFO] PluginManager:220 - loadIPPluginJar : add dma3
2023-10-08 12:45:18,675 [INFO] IPUIPlugin:80 - create IPUIPlugin
2023-10-08 12:45:18,675 [INFO] PluginManager:220 - loadIPPluginJar : add fatfs
2023-10-08 12:45:18,769 [INFO] IPUIPlugin:80 - create IPUIPlugin
2023-10-08 12:45:18,769 [INFO] PluginManager:220 - loadIPPluginJar : add fmc
2023-10-08 12:45:18,800 [INFO] IPUIPlugin:80 - create IPUIPlugin
2023-10-08 12:45:18,800 [INFO] PluginManager:220 - loadIPPluginJar : add freertos
2023-10-08 12:45:18,832 [INFO] IPUIPlugin:80 - create IPUIPlugin
2023-10-08 12:45:18,832 [INFO] PluginManager:220 - loadIPPluginJar : add genericplugin
2023-10-08 12:45:19,007 [INFO] IPUIPlugin:80 - create IPUIPlugin
2023-10-08 12:45:19,007 [INFO] PluginManager:220 - loadIPPluginJar : add gfxmmu
2023-10-08 12:45:19,226 [INFO] IPUIPlugin:80 - create IPUIPlugin
2023-10-08 12:45:19,226 [INFO] PluginManager:220 - loadIPPluginJar : add gic
2023-10-08 12:45:19,241 [INFO] IPUIPlugin:80 - create IPUIPlugin
2023-10-08 12:45:19,241 [INFO] PluginManager:220 - loadIPPluginJar : add gpio
2023-10-08 12:45:19,366 [INFO] IPUIPlugin:80 - create IPUIPlugin
2023-10-08 12:45:19,366 [INFO] PluginManager:220 - loadIPPluginJar : add gtzc
2023-10-08 12:45:19,413 [INFO] IPUIPlugin:80 - create IPUIPlugin
2023-10-08 12:45:19,413 [INFO] PluginManager:220 - loadIPPluginJar : add hash
2023-10-08 12:45:19,476 [INFO] IPUIPlugin:80 - create IPUIPlugin
2023-10-08 12:45:19,476 [INFO] PluginManager:220 - loadIPPluginJar : add i2c
2023-10-08 12:45:19,538 [INFO] IPUIPlugin:80 - create IPUIPlugin
2023-10-08 12:45:19,538 [INFO] PluginManager:220 - loadIPPluginJar : add i2s
2023-10-08 12:45:19,600 [INFO] IPUIPlugin:80 - create IPUIPlugin
2023-10-08 12:45:19,600 [INFO] PluginManager:220 - loadIPPluginJar : add i3c
2023-10-08 12:45:19,741 [INFO] IPUIPlugin:80 - create IPUIPlugin
2023-10-08 12:45:19,741 [INFO] PluginManager:220 - loadIPPluginJar : add ipddr
2023-10-08 12:45:19,882 [INFO] IPUIPlugin:80 - create IPUIPlugin
2023-10-08 12:45:19,882 [INFO] PluginManager:220 - loadIPPluginJar : add linkedlist
2023-10-08 12:45:19,936 [INFO] IPUIPlugin:80 - create IPUIPlugin
2023-10-08 12:45:19,936 [INFO] PluginManager:220 - loadIPPluginJar : add lorawan
2023-10-08 12:45:19,984 [INFO] IPUIPlugin:80 - create IPUIPlugin
2023-10-08 12:45:19,984 [INFO] PluginManager:220 - loadIPPluginJar : add ltdc
2023-10-08 12:45:20,000 [INFO] IPUIPlugin:80 - create IPUIPlugin
2023-10-08 12:45:20,000 [INFO] PluginManager:220 - loadIPPluginJar : add mdma
2023-10-08 12:45:20,016 [INFO] IPUIPlugin:80 - create IPUIPlugin
2023-10-08 12:45:20,016 [INFO] PluginManager:220 - loadIPPluginJar : add nvic
2023-10-08 12:45:20,047 [INFO] IPUIPlugin:80 - create IPUIPlugin
2023-10-08 12:45:20,047 [INFO] PluginManager:220 - loadIPPluginJar : add opamp
2023-10-08 12:45:20,094 [INFO] ThirdPartyUpdaterWithRetryManager:70 - Updater plugin not ready yet. [2/15]
2023-10-08 12:45:20,125 [INFO] IPUIPlugin:80 - create IPUIPlugin
2023-10-08 12:45:20,125 [INFO] PluginManager:220 - loadIPPluginJar : add openamp
2023-10-08 12:45:20,156 [INFO] IPUIPlugin:80 - create IPUIPlugin
2023-10-08 12:45:20,156 [INFO] PluginManager:220 - loadIPPluginJar : add pdm2pcm
2023-10-08 12:45:20,172 [INFO] IPUIPlugin:80 - create IPUIPlugin
2023-10-08 12:45:20,188 [INFO] PluginManager:220 - loadIPPluginJar : add plateformsettings
2023-10-08 12:45:20,203 [INFO] IPUIPlugin:80 - create IPUIPlugin
2023-10-08 12:45:20,203 [INFO] PluginManager:220 - loadIPPluginJar : add quadspi
2023-10-08 12:45:20,219 [INFO] IPUIPlugin:80 - create IPUIPlugin
2023-10-08 12:45:20,219 [INFO] PluginManager:220 - loadIPPluginJar : add resmgrutility
2023-10-08 12:45:20,266 [INFO] IPUIPlugin:80 - create IPUIPlugin
2023-10-08 12:45:20,266 [INFO] PluginManager:220 - loadIPPluginJar : add sai
2023-10-08 12:45:20,313 [INFO] IPUIPlugin:80 - create IPUIPlugin
2023-10-08 12:45:20,313 [INFO] PluginManager:220 - loadIPPluginJar : add spi
2023-10-08 12:45:20,375 [INFO] IPUIPlugin:80 - create IPUIPlugin
2023-10-08 12:45:20,375 [INFO] PluginManager:220 - loadIPPluginJar : add stm32_wpan
2023-10-08 12:45:20,406 [INFO] IPUIPlugin:80 - create IPUIPlugin
2023-10-08 12:45:20,406 [INFO] PluginManager:220 - loadIPPluginJar : add tim
2023-10-08 12:45:20,469 [INFO] IPUIPlugin:80 - create IPUIPlugin
2023-10-08 12:45:20,469 [INFO] PluginManager:220 - loadIPPluginJar : add touchsensing
2023-10-08 12:45:20,484 [INFO] IPUIPlugin:80 - create IPUIPlugin
2023-10-08 12:45:20,484 [INFO] PluginManager:220 - loadIPPluginJar : add tracer_emb
2023-10-08 12:45:20,516 [INFO] IPUIPlugin:80 - create IPUIPlugin
2023-10-08 12:45:20,516 [INFO] PluginManager:220 - loadIPPluginJar : add ts
2023-10-08 12:45:20,531 [INFO] IPUIPlugin:80 - create IPUIPlugin
2023-10-08 12:45:20,531 [INFO] PluginManager:220 - loadIPPluginJar : add tsc
2023-10-08 12:45:20,562 [INFO] IPUIPlugin:80 - create IPUIPlugin
2023-10-08 12:45:20,562 [INFO] PluginManager:220 - loadIPPluginJar : add ucpd
2023-10-08 12:45:20,609 [INFO] IPUIPlugin:80 - create IPUIPlugin
2023-10-08 12:45:20,609 [INFO] PluginManager:220 - loadIPPluginJar : add usart
2023-10-08 12:45:20,656 [INFO] IPUIPlugin:80 - create IPUIPlugin
2023-10-08 12:45:20,656 [INFO] PluginManager:220 - loadIPPluginJar : add usbx
2023-10-08 12:45:20,815 [INFO] CADModel:165 - CPN selected for project level
2023-10-08 12:45:20,815 [INFO] CADModel:114 - Register for checkConnection events
2023-10-08 12:45:20,815 [FATAL] Updater:308 - Updater called before beeing initialized
2023-10-08 12:45:20,815 [ERROR] CADModel:125 - Updater not yet initialized, retry later 
2023-10-08 12:45:21,060 [INFO] CADModel:165 - CPN selected for project level
2023-10-08 12:45:21,060 [INFO] CADModel:114 - Register for checkConnection events
2023-10-08 12:45:21,060 [FATAL] Updater:308 - Updater called before beeing initialized
2023-10-08 12:45:21,060 [ERROR] CADModel:125 - Updater not yet initialized, retry later 
2023-10-08 12:45:21,060 [FATAL] Updater:308 - Updater called before beeing initialized
2023-10-08 12:45:21,419 [FATAL] Updater:308 - Updater called before beeing initialized
2023-10-08 12:45:21,451 [INFO] DbMcusAds:53 - JSON generation date=Tue Mar 07 15:50:55 ICT 2023 (1678179055114)
2023-10-08 12:45:21,451 [FATAL] Updater:308 - Updater called before beeing initialized
2023-10-08 12:45:21,544 [WARN] DetailPanel:346 - Failed to get advertising image, set to default
2023-10-08 12:45:21,700 [FATAL] Updater:308 - Updater called before beeing initialized
2023-10-08 12:45:21,700 [FATAL] Updater:308 - Updater called before beeing initialized
2023-10-08 12:45:21,700 [FATAL] Updater:308 - Updater called before beeing initialized
2023-10-08 12:45:21,700 [WARN] DetailPanel:346 - Failed to get advertising image, set to default
2023-10-08 12:45:21,700 [FATAL] Updater:308 - Updater called before beeing initialized
2023-10-08 12:45:21,794 [ERROR] Updater:1120 - MainUpdater not yet initialized. External WinMGr cannot be set.
2023-10-08 12:45:21,810 [INFO] Updater:1056 - Updater Version found : 6.8.1
2023-10-08 12:45:21,841 [INFO] ApplicationProperties:184 - Using Application install path: C:\ST\STM32CubeIDE_1.12.1\STM32CubeIDE\plugins\com.st.stm32cube.common.mx_6.8.1.202304191431
2023-10-08 12:45:22,139 [INFO] MainUpdater:2854 - connection check result : 10
2023-10-08 12:45:22,154 [INFO] MainUpdater:3548 - Updater definition file requires update
2023-10-08 12:45:22,154 [INFO] MainUpdater:283 - Updater Check For Update Now.
2023-10-08 12:45:22,154 [INFO] MicroXplorer:498 - Change Database Version : DB.6.0.81
2023-10-08 12:45:22,232 [INFO] ServerAccessManage:473 - Download File updaters.zip
2023-10-08 12:45:22,467 [INFO] FileExtend:240 - Unzip File : updaters.zip
2023-10-08 12:45:22,467 [INFO] FileExtend:255 - Standard Zip Deflate
2023-10-08 12:45:22,979 [INFO] ServerAccessManage:473 - Download File PacksControlFlags.xml
2023-10-08 12:45:23,094 [WARN] MainUpdater:1187 - Updater busy. Cannot search thirdparties
2023-10-08 12:45:23,094 [INFO] ThirdPartyUpdaterWithRetryManager:96 - Updater plugin is busy. [1/15]
2023-10-08 12:45:23,110 [INFO] ServerAccessManage:473 - Download File cubemx.pidx
2023-10-08 12:45:26,096 [WARN] MainUpdater:1187 - Updater busy. Cannot search thirdparties
2023-10-08 12:45:26,096 [INFO] ThirdPartyUpdaterWithRetryManager:96 - Updater plugin is busy. [2/15]
2023-10-08 12:45:27,377 [ERROR] ServerAccessManage:1096 - Problem, Http access forbiden
2023-10-08 12:45:27,377 [ERROR] ServerAccessManage:651 - Problem, Http access forbiden : RoweBots.I-CUBE-UNISONRTOS.pdsc.
2023-10-08 12:45:28,175 [INFO] ServerAccessManage:473 - Download File Infineon.AIROC-Wi-Fi-Bluetooth-STM32.pdsc
2023-10-08 12:45:29,099 [WARN] MainUpdater:1187 - Updater busy. Cannot search thirdparties
2023-10-08 12:45:29,099 [INFO] ThirdPartyUpdaterWithRetryManager:96 - Updater plugin is busy. [3/15]
2023-10-08 12:45:31,224 [WARN] PackLoader:240 - Cannot read IP mode file for Infineon.AIROC-Wi-Fi-Bluetooth-STM32.1.5.1
2023-10-08 12:45:31,302 [INFO] PopulateThirdPartyThread:66 - Ending populate Thread
2023-10-08 12:45:31,317 [INFO] ThirdParty:1030 - CMSIS Pack Vendor :Infineon AIROC-Wi-Fi-Bluetooth-STM32 1.5.1
2023-10-08 12:45:31,317 [INFO] LoadServerUpdatesThread:373 - End of LoadServerUpdate Thread
2023-10-08 12:45:31,458 [INFO] CheckServerUpdateThread:120 - End of CheckServer Thread
2023-10-08 12:45:31,614 [INFO] MainUpdater:2854 - connection check result : 10
2023-10-08 12:45:31,630 [INFO] McuFinderGlobals:66 - Set McuFinderConnectedMode to true
2023-10-08 12:45:32,114 [WARN] MainUpdater:1187 - Updater busy. Cannot search thirdparties
2023-10-08 12:45:32,114 [INFO] ThirdPartyUpdaterWithRetryManager:96 - Updater plugin is busy. [4/15]
2023-10-08 12:45:32,114 [INFO] ServerAccessManage:473 - Download File mcusAds.json._tmp_
2023-10-08 12:45:32,239 [INFO] LoadUrlFilesThread:156 - End of LoadUrlFiles Thread
2023-10-08 12:45:32,708 [INFO] ServerAccessManage:473 - Download File cube-finder-db.zip
2023-10-08 12:45:33,613 [ERROR] ServerAccessManage:651 - User Cancel Download : cube-finder-db.zip.
2023-10-08 12:45:33,738 [INFO] LoadUrlFilesThread:156 - End of LoadUrlFiles Thread
2023-10-08 12:45:34,679 [INFO] DbMcusAds:53 - JSON generation date=Tue Mar 07 15:50:55 ICT 2023 (1678179055114)
2023-10-08 12:45:34,725 [ERROR] TargetSelectorAdapter:267 - Unable to refresh data
2023-10-08 12:45:35,570 [WARN] PackLoader:240 - Cannot read IP mode file for STMicroelectronics.X-CUBE-SMBUS.2.1.0
2023-10-08 12:45:35,570 [INFO] ApiDb:581 - Connected to CubeFinder SQLite database (C:\Users\thinh\.stmcufinder\plugins\mcufinder\mcu\cube-finder-db.db)
2023-10-08 12:45:35,664 [WARN] PackLoader:240 - Cannot read IP mode file for STMicroelectronics.X-CUBE-AZRTOS-F7.1.1.0
2023-10-08 12:45:35,836 [INFO] ApiDb:668 - CubeFinder database Data Model version=2.1
2023-10-08 12:45:35,851 [INFO] ApiDb:669 - CubeFinder database Configuration version=3.0.37
2023-10-08 12:45:35,851 [INFO] ApiDb:670 - CubeFinder database generation date=2023-08-09 (1691586011)
2023-10-08 12:45:35,851 [INFO] ApiDb:671 - CubeFinder database FW Pack versions=[FP-ATR-ASTRA1_V2.0.0, FP-SNS-FLIGHT1_V5.0.1, FP-SNS-FLIGHT1_V5.0.2, FP-SNS-MOTENV1_V4.3.1, FP-SNS-MOTENV1_V4.3.2, STM32Cube_FW_C0_V1.1.0, STM32Cube_FW_F4_V1.27.1, STM32Cube_FW_F7_V1.17.0, STM32Cube_FW_G0_V1.6.1, STM32Cube_FW_G4_V1.5.1, STM32Cube_FW_H5_V0.5.1, STM32Cube_FW_H5_V1.1.0, STM32Cube_FW_H7_V1.11.0, STM32Cube_FW_L0_V1.12.2, STM32Cube_FW_L5_V1.5.0, STM32Cube_FW_U5_V1.3.0, STM32Cube_FW_U5_V1.3.0RC4, STM32Cube_FW_WBA_V1.0.0RC1, STM32Cube_FW_WBA_V1.1.0, STM32Cube_FW_WBA_V1.1.0RC1, STM32Cube_FW_WB_V1.15.0RC1, STM32Cube_FW_WB_V1.16.0, STM32Cube_FW_WB_V1.16.0RC2, STM32Cube_FW_WB_V1.17.0, STM32Cube_FW_WL_V1.3.0, X-CUBE-ALGOBUILD_V1.3.0, X-CUBE-ALS_V1.0.1, X-CUBE-AZRTOS-F4_V1.1.0, X-CUBE-AZRTOS-F7_V1.1.0, X-CUBE-AZRTOS-G0_V1.1.0, X-CUBE-AZRTOS-G4_V2.0.0, X-CUBE-AZRTOS-H7_V3.1.0, X-CUBE-AZRTOS-L4_V1.0.0, X-CUBE-AZRTOS-L4_V2.0.0, X-CUBE-AZRTOS-L5_V1.1.0, X-CUBE-AZRTOS-WB_V1.1.0, X-CUBE-AZRTOS-WL_V2.0.0, X-CUBE-BLE1_V7.0.0, X-CUBE-BLE2_V3.3.0, X-CUBE-BLEMGR_V2.0.0, X-CUBE-EEPRMA1_V4.1.0, X-CUBE-FREERTOS_V1.1.0, X-CUBE-GNSS1_V6.0.0, X-CUBE-MEMS1_V9.1.0, X-CUBE-MEMS1_V9.4.0, X-CUBE-MEMS1_V9.6.0, X-CUBE-NFC4_V3.0.0, X-CUBE-NFC7_V1.0.0, X-CUBE-SFXS2LP1_V4.0.0, X-CUBE-SUBG2_V5.0.0, X-CUBE-TOF1_V3.3.1]
2023-10-08 12:45:35,945 [WARN] PackLoader:240 - Cannot read IP mode file for STMicroelectronics.FP-SNS-MOTENV1.4.3.2
2023-10-08 12:45:36,023 [WARN] PackLoader:240 - Cannot read IP mode file for STMicroelectronics.FP-SNS-FLIGHT1.5.0.1
2023-10-08 12:45:36,070 [WARN] PackLoader:240 - Cannot read IP mode file for STMicroelectronics.X-CUBE-BLE1.6.2.4
2023-10-08 12:45:36,101 [WARN] PackLoader:240 - Cannot read IP mode file for STMicroelectronics.FP-SNS-FLIGHT1.5.0.2
2023-10-08 12:45:36,136 [WARN] PackLoader:240 - Cannot read IP mode file for STMicroelectronics.X-CUBE-DISPLAY.3.0.0
2023-10-08 12:45:36,293 [WARN] PackLoader:240 - Cannot read IP mode file for STMicroelectronics.X-CUBE-BLE1.7.0.0
2023-10-08 12:45:36,324 [WARN] PackLoader:240 - Cannot read IP mode file for emotas.I-CUBE-CANOPEN.1.3.0
2023-10-08 12:45:36,355 [WARN] PackLoader:240 - Cannot read IP mode file for STMicroelectronics.X-CUBE-TOUCHGFX.4.22.0
2023-10-08 12:45:36,371 [INFO] DbBoardsSqlite:226 - include board P-NUCLEO-WB55-NUCLEO as a kit item of type 'Nucleo-64'
2023-10-08 12:45:36,371 [INFO] DbBoardsSqlite:226 - include board P-NUCLEO-WB55-USBDONGLE as a kit item of type 'Nucleo USB Dongle'
2023-10-08 12:45:36,371 [WARN] PackLoader:240 - Cannot read IP mode file for STMicroelectronics.X-CUBE-TOUCHGFX.4.22.1
2023-10-08 12:45:36,371 [INFO] DbBoardsSqlite:226 - include board STEVAL-IDP005V1 as a kit item of type 'Evaluation Board'
2023-10-08 12:45:36,386 [INFO] DbBoardsSqlite:226 - include board STEVAL-IDP005V2 as a kit item of type 'Evaluation Board'
2023-10-08 12:45:36,456 [WARN] PackLoader:240 - Cannot read IP mode file for STMicroelectronics.FP-SNS-SMARTAG2.1.2.0
2023-10-08 12:45:36,870 [INFO] LogOutputStream:77 - [STDOUT_REDIRECT] 1 : Invalid condition id : UX_CORESTACK_Condition cause : null
2023-10-08 12:45:36,870 [INFO] LogOutputStream:77 - [STDOUT_REDIRECT] 1 : Invalid condition id : UX_CORESTACK_Condition cause : null
2023-10-08 12:45:36,870 [INFO] LogOutputStream:77 - [STDOUT_REDIRECT] 1 : Invalid condition id : UX_CORESTACK_Condition cause : null
2023-10-08 12:45:36,870 [INFO] LogOutputStream:77 - [STDOUT_REDIRECT] 1 : Invalid condition id : UX_CORESTACK_Condition cause : null
2023-10-08 12:45:36,886 [INFO] LogOutputStream:77 - [STDOUT_REDIRECT] 1 : Invalid condition id : UX_CORESTACK_Condition cause : null
2023-10-08 12:45:36,886 [WARN] PackLoader:240 - Cannot read IP mode file for STMicroelectronics.X-CUBE-AZRTOS-WL.2.0.0
2023-10-08 12:45:37,073 [WARN] PackLoader:240 - Cannot read IP mode file for WES.I-CUBE-Cesium.1.3.0
2023-10-08 12:45:37,104 [WARN] PackLoader:240 - Cannot read IP mode file for STMicroelectronics.X-CUBE-BLE2.3.3.0
2023-10-08 12:45:37,130 [WARN] PackLoader:240 - Cannot read IP mode file for STMicroelectronics.X-CUBE-ALGOBUILD.1.3.0
2023-10-08 12:45:37,226 [WARN] PackLoader:240 - Cannot read IP mode file for STMicroelectronics.X-CUBE-AZRTOS-G0.1.1.0
2023-10-08 12:45:37,288 [WARN] PackLoader:240 - Cannot read IP mode file for STMicroelectronics.X-CUBE-NFC4.3.0.0
2023-10-08 12:45:37,320 [WARN] PackLoader:240 - Cannot read IP mode file for STMicroelectronics.FP-ATR-SIGFOX1.3.2.0
2023-10-08 12:45:37,413 [WARN] PackLoader:240 - Cannot read IP mode file for SEGGER.I-CUBE-embOS.1.3.1
2023-10-08 12:45:37,601 [WARN] PackLoader:240 - Cannot read IP mode file for STMicroelectronics.X-CUBE-GNSS1.6.0.0
2023-10-08 12:45:37,804 [WARN] PackLoader:240 - Cannot read IP mode file for STMicroelectronics.X-CUBE-AZRTOS-F4.1.1.0
2023-10-08 12:45:38,007 [WARN] PackLoader:240 - Cannot read IP mode file for wolfSSL.I-CUBE-wolfSSL.5.6.3
2023-10-08 12:45:38,194 [WARN] PackLoader:240 - Cannot read IP mode file for STMicroelectronics.X-CUBE-AZRTOS-L5.2.0.0
2023-10-08 12:45:38,597 [INFO] ApiDb:240 - Found 297 in-development CPN: [B-G473E-ZEST1S, B-WB1M-WPAN1, B-WL5M-SUBG1, NUCLEO-C031C6, NUCLEO-H503RB, NUCLEO-H563ZI, NUCLEO-U545RE-Q, NUCLEO-U5A5ZJ-Q, NUCLEO-WBA52CG, STEVAL-PROTEUS1, STEVAL-STWINBX1, STM320518-EVAL, STM32C0116-DK, STM32C011D6Y3TR, STM32C011D6Y6TR, STM32C011F4P3, STM32C011F4P6, STM32C011F4U3, STM32C011F4U6TR, STM32C011F6P3, STM32C011F6P6, STM32C011F6U3, STM32C011F6U6TR, STM32C011J4M3, STM32C011J4M6, STM32C011J6M3, STM32C011J6M6, STM32C0316-DK, STM32C031C4T3, STM32C031C4T6, STM32C031C4U3, STM32C031C4U6, STM32C031C6T3, STM32C031C6T6, STM32C031C6U3, STM32C031C6U6, STM32C031F4P3, STM32C031F4P6, STM32C031F6P3, STM32C031F6P6, STM32C031G4U3, STM32C031G4U6, STM32C031G6U3, STM32C031G6U6, STM32C031K4T3, STM32C031K4T6, STM32C031K4U3, STM32C031K4U6, STM32C031K6T3, STM32C031K6T6, STM32C031K6U3, STM32C031K6U6, STM32G071K8TXN, STM32G071K8UXN, STM32G081GBU6N, STM32G081KBT6N, STM32G081KBUXN, STM32G0B1CCT6N, STM32G0B1KCT6, STM32G0B1NEY6TR, STM32G0B1RCT6N, STM32G0C1CCT6, STM32G0C1CCT6N, STM32G0C1CCU6N, STM32G0C1CET6N, STM32G0C1CEU6N, STM32G0C1KCT6, STM32G0C1NEY6TR, STM32G0C1RCI6N, STM32G0C1RCT6N, STM32G0C1REI6N, STM32G0C1RET6N, STM32G0C1VCI6, STM32G0C1VEI6, STM32G471CCT6, STM32G471CCU6, STM32G471CET3, STM32G471CET6, STM32G471CEU3, STM32G471CEU6, STM32G471MCT6, STM32G471MET3, STM32G471MET6, STM32G471MEY6TR, STM32G471QCT6, STM32G471QET3, STM32G471RCT6, STM32G471RET3, STM32G471RET6, STM32G471VCH6, STM32G471VCI6, STM32G471VCT6, STM32G471VEH3, STM32G471VEH6, STM32G471VEI3, STM32G471VEI6, STM32G471VET3, STM32G471VET6, STM32G474CCT6, STM32H503CBT6, STM32H503CBU6, STM32H503EBY6TR, STM32H503KBU6, STM32H503RBT6, STM32H562AGI6, STM32H562AII6, STM32H562IGK6, STM32H562IGT6, STM32H562IIK6, STM32H562IIT6, STM32H562RGT6, STM32H562RGV6, STM32H562RIT6, STM32H562RIV6, STM32H562VGT6, STM32H562VIT6, STM32H562ZGT6, STM32H562ZIT6, STM32H563AGI6, STM32H563AII3Q, STM32H563AII6, STM32H563IGK6, STM32H563IGT6, STM32H563IIK3Q, STM32H563IIK6, STM32H563IIT3Q, STM32H563IIT6, STM32H563MIY3QTR, STM32H563RGT6, STM32H563RGV6, STM32H563RIT6, STM32H563RIV6, STM32H563VGT6, STM32H563VIT3Q, STM32H563VIT6, STM32H563ZGT6, STM32H563ZIT3Q, STM32H563ZIT6, STM32H573AII3Q, STM32H573AII6, STM32H573I-DK, STM32H573IIK3Q, STM32H573IIK6, STM32H573IIT3Q, STM32H573IIT6, STM32H573MIY3QTR, STM32H573RIT6, STM32H573RIV6, STM32H573VIT3Q, STM32H573VIT6, STM32H573ZIT3Q, STM32H573ZIT6, STM32L4R5QGI6STR, STM32MP131AAE3, STM32MP131AAF3, STM32MP131AAG3, STM32MP131CAE3, STM32MP131CAF3, STM32MP131CAG3, STM32MP131DAE7, STM32MP131DAF7, STM32MP131DAG7, STM32MP131FAE7, STM32MP131FAF7, STM32MP131FAG7, STM32MP133AAE3, STM32MP133AAF3, STM32MP133AAG3, STM32MP133CAE3, STM32MP133CAF3, STM32MP133CAG3, STM32MP133DAE7, STM32MP133DAF7, STM32MP133DAG7, STM32MP133FAE7, STM32MP133FAF7, STM32MP133FAG7, STM32MP135AAE3, STM32MP135AAF3, STM32MP135AAG3, STM32MP135CAE3, STM32MP135CAF3, STM32MP135CAG3, STM32MP135DAE7, STM32MP135DAF7, STM32MP135DAG7, STM32MP135F-DK, STM32MP135FAE7, STM32MP135FAF7, STM32MP135FAF7T, STM32MP135FAF7U, STM32MP135FAG7, STM32U535CBT6, STM32U535CBT6Q, STM32U535CBU6, STM32U535CBU6Q, STM32U535CCT6, STM32U535CCT6Q, STM32U535CCU6, STM32U535CCU6Q, STM32U535CET6, STM32U535CET6Q, STM32U535CEU6, STM32U535CEU6Q, STM32U535JEY6QTR, STM32U535NCY6QTR, STM32U535NEY6QTR, STM32U535RBI6, STM32U535RBI6Q, STM32U535RBT6, STM32U535RBT6Q, STM32U535RCI6, STM32U535RCI6Q, STM32U535RCT6, STM32U535RCT6Q, STM32U535REI6, STM32U535REI6Q, STM32U535RET6, STM32U535RET6Q, STM32U535VCI6, STM32U535VCI6Q, STM32U535VCT6, STM32U535VCT6Q, STM32U535VEI6, STM32U535VEI6Q, STM32U535VET6, STM32U535VET6Q, STM32U545CET6, STM32U545CET6Q, STM32U545CEU6, STM32U545CEU6Q, STM32U545JEY6QTR, STM32U545NEY6QTR, STM32U545REI6, STM32U545REI6Q, STM32U545RET6, STM32U545RET6Q, STM32U545VEI6, STM32U545VEI6Q, STM32U545VET6, STM32U545VET6Q, STM32U595AIH6, STM32U595AIH6Q, STM32U595AJH6, STM32U595AJH6Q, STM32U595QII6, STM32U595QII6Q, STM32U595QJI6, STM32U595QJI6Q, STM32U595RIT6, STM32U595RIT6Q, STM32U595RJT6, STM32U595RJT6Q, STM32U595VIT6, STM32U595VIT6Q, STM32U595VJT6, STM32U595VJT6Q, STM32U595ZIT6, STM32U595ZIT6Q, STM32U595ZIY6QTR, STM32U595ZJT6, STM32U595ZJT6Q, STM32U595ZJY6QTR, STM32U599BJY6QTR, STM32U599NIH6Q, STM32U599NJH6Q, STM32U599VIT6Q, STM32U599VJT6, STM32U599VJT6Q, STM32U599ZIT6Q, STM32U599ZIY6QTR, STM32U599ZJT6Q, STM32U599ZJY6QTR, STM32U5A5AJH6, STM32U5A5AJH6Q, STM32U5A5QJI6, STM32U5A5QJI6Q, STM32U5A5RJT6, STM32U5A5RJT6Q, STM32U5A5VJT6, STM32U5A5VJT6Q, STM32U5A5ZJT6, STM32U5A5ZJT6Q, STM32U5A5ZJY6QTR, STM32U5A9BJY6QTR, STM32U5A9J-DK, STM32U5A9NJH6Q, STM32U5A9VJT6Q, STM32U5A9ZJT6Q, STM32U5A9ZJY6QTR, STM32WB1MMCH6, STM32WBA52CEU6, STM32WBA52CEU6T, STM32WBA52CGU6, STM32WBA52CGU6T, STM32WL5MOCH6, STM32WL5MOCH6TR]
2023-10-08 12:45:38,610 [INFO] ApiDb:668 - CubeFinder database Data Model version=2.1
2023-10-08 12:45:38,610 [INFO] ApiDb:669 - CubeFinder database Configuration version=3.0.37
2023-10-08 12:45:38,610 [INFO] ApiDb:670 - CubeFinder database generation date=2023-08-09 (1691586011)
2023-10-08 12:45:38,610 [INFO] ApiDb:671 - CubeFinder database FW Pack versions=[FP-ATR-ASTRA1_V2.0.0, FP-SNS-FLIGHT1_V5.0.1, FP-SNS-FLIGHT1_V5.0.2, FP-SNS-MOTENV1_V4.3.1, FP-SNS-MOTENV1_V4.3.2, STM32Cube_FW_C0_V1.1.0, STM32Cube_FW_F4_V1.27.1, STM32Cube_FW_F7_V1.17.0, STM32Cube_FW_G0_V1.6.1, STM32Cube_FW_G4_V1.5.1, STM32Cube_FW_H5_V0.5.1, STM32Cube_FW_H5_V1.1.0, STM32Cube_FW_H7_V1.11.0, STM32Cube_FW_L0_V1.12.2, STM32Cube_FW_L5_V1.5.0, STM32Cube_FW_U5_V1.3.0, STM32Cube_FW_U5_V1.3.0RC4, STM32Cube_FW_WBA_V1.0.0RC1, STM32Cube_FW_WBA_V1.1.0, STM32Cube_FW_WBA_V1.1.0RC1, STM32Cube_FW_WB_V1.15.0RC1, STM32Cube_FW_WB_V1.16.0, STM32Cube_FW_WB_V1.16.0RC2, STM32Cube_FW_WB_V1.17.0, STM32Cube_FW_WL_V1.3.0, X-CUBE-ALGOBUILD_V1.3.0, X-CUBE-ALS_V1.0.1, X-CUBE-AZRTOS-F4_V1.1.0, X-CUBE-AZRTOS-F7_V1.1.0, X-CUBE-AZRTOS-G0_V1.1.0, X-CUBE-AZRTOS-G4_V2.0.0, X-CUBE-AZRTOS-H7_V3.1.0, X-CUBE-AZRTOS-L4_V1.0.0, X-CUBE-AZRTOS-L4_V2.0.0, X-CUBE-AZRTOS-L5_V1.1.0, X-CUBE-AZRTOS-WB_V1.1.0, X-CUBE-AZRTOS-WL_V2.0.0, X-CUBE-BLE1_V7.0.0, X-CUBE-BLE2_V3.3.0, X-CUBE-BLEMGR_V2.0.0, X-CUBE-EEPRMA1_V4.1.0, X-CUBE-FREERTOS_V1.1.0, X-CUBE-GNSS1_V6.0.0, X-CUBE-MEMS1_V9.1.0, X-CUBE-MEMS1_V9.4.0, X-CUBE-MEMS1_V9.6.0, X-CUBE-NFC4_V3.0.0, X-CUBE-NFC7_V1.0.0, X-CUBE-SFXS2LP1_V4.0.0, X-CUBE-SUBG2_V5.0.0, X-CUBE-TOF1_V3.3.1]
2023-10-08 12:45:38,859 [WARN] PackLoader:240 - Cannot read IP mode file for STMicroelectronics.X-CUBE-MEMS1.9.6.0
2023-10-08 12:45:40,020 [WARN] PackLoader:240 - Cannot read IP mode file for ITTIA_DB.I-CUBE-ITTIADB.8.8.0
2023-10-08 12:45:40,168 [WARN] PackLoader:240 - Cannot read IP mode file for STMicroelectronics.X-CUBE-BLEMGR.2.0.0
2023-10-08 12:45:40,294 [WARN] ConditionMgr:438 - getConditionDescription Invalid condition id : UX DEVICE CLASS RTOS Condition cause : null
2023-10-08 12:45:40,294 [WARN] ConditionMgr:438 - getConditionDescription Invalid condition id : UX DEVICE CLASS RTOS Condition cause : null
2023-10-08 12:45:40,325 [WARN] PackLoader:240 - Cannot read IP mode file for STMicroelectronics.X-CUBE-AZRTOS-H7.3.1.0
2023-10-08 12:45:40,356 [WARN] ConditionMgr:1039 - genDependencies : Invalid condition id : UX DEVICE CLASS RTOS Condition cause : null
2023-10-08 12:45:40,356 [WARN] ConditionMgr:1039 - genDependencies : Invalid condition id : UX DEVICE CLASS RTOS Condition cause : null
2023-10-08 12:45:40,356 [WARN] ConditionMgr:1039 - genDependencies : Invalid condition id : UX DEVICE CLASS RTOS Condition cause : null
2023-10-08 12:45:40,356 [WARN] ConditionMgr:1039 - genDependencies : Invalid condition id : UX DEVICE CLASS RTOS Condition cause : null
2023-10-08 12:45:40,356 [WARN] ConditionMgr:1039 - genDependencies : Invalid condition id : UX DEVICE CLASS RTOS Condition cause : null
2023-10-08 12:45:40,825 [WARN] PackLoader:240 - Cannot read IP mode file for STMicroelectronics.X-CUBE-NFC7.1.0.1
2023-10-08 12:45:40,856 [WARN] PackLoader:240 - Cannot read IP mode file for STMicroelectronics.X-CUBE-NFC6.3.0.0
2023-10-08 12:45:40,887 [WARN] PackLoader:240 - Cannot read IP mode file for STMicroelectronics.X-CUBE-EEPRMA1.4.1.0
2023-10-08 12:45:41,012 [WARN] PackLoader:240 - Cannot read IP mode file for STMicroelectronics.X-CUBE-AI.8.1.0
2023-10-08 12:45:41,059 [WARN] ConditionMgr:438 - getConditionDescription Invalid condition id : LAN8742 Phy interface Condition cause : null
2023-10-08 12:45:41,059 [WARN] PackLoader:240 - Cannot read IP mode file for STMicroelectronics.X-CUBE-AZRTOS-L4.2.0.0
2023-10-08 12:45:41,059 [WARN] ConditionMgr:1039 - genDependencies : Invalid condition id : LAN8742 Phy interface Condition cause : null
2023-10-08 12:45:41,059 [WARN] ConditionMgr:1039 - genDependencies : Invalid condition id : LAN8742 Phy interface Condition cause : null
2023-10-08 12:45:41,075 [WARN] ConditionMgr:1039 - genDependencies : Invalid condition id : LAN8742 Phy interface Condition cause : null
2023-10-08 12:45:41,091 [WARN] PackLoader:240 - Cannot read IP mode file for STMicroelectronics.X-CUBE-SFXS2LP1.4.0.0
2023-10-08 12:45:41,155 [WARN] PackLoader:240 - Cannot read IP mode file for STMicroelectronics.X-CUBE-ISPU.1.1.0
2023-10-08 12:45:41,207 [WARN] ConditionMgr:438 - getConditionDescription Invalid condition id : UX DEVICE CLASS RTOS Condition cause : null
2023-10-08 12:45:41,207 [WARN] ConditionMgr:438 - getConditionDescription Invalid condition id : UX DEVICE CLASS RTOS Condition cause : null
2023-10-08 12:45:41,207 [WARN] PackLoader:240 - Cannot read IP mode file for STMicroelectronics.X-CUBE-AZRTOS-WB.2.0.0
2023-10-08 12:45:41,223 [WARN] ConditionMgr:1039 - genDependencies : Invalid condition id : UX DEVICE CLASS RTOS Condition cause : null
2023-10-08 12:45:41,223 [WARN] ConditionMgr:1039 - genDependencies : Invalid condition id : UX DEVICE CLASS RTOS Condition cause : null
2023-10-08 12:45:41,223 [WARN] ConditionMgr:1039 - genDependencies : Invalid condition id : UX DEVICE CLASS RTOS Condition cause : null
2023-10-08 12:45:41,223 [WARN] ConditionMgr:1039 - genDependencies : Invalid condition id : UX DEVICE CLASS RTOS Condition cause : null
2023-10-08 12:45:41,223 [WARN] ConditionMgr:1039 - genDependencies : Invalid condition id : UX DEVICE CLASS RTOS Condition cause : null
2023-10-08 12:45:41,301 [WARN] PackLoader:240 - Cannot read IP mode file for STMicroelectronics.X-CUBE-FREERTOS.1.0.1
2023-10-08 12:45:41,332 [WARN] PackLoader:240 - Cannot read IP mode file for STMicroelectronics.X-CUBE-AZRTOS-L5.1.1.0
2023-10-08 12:45:41,410 [WARN] PackLoader:240 - Cannot read IP mode file for STMicroelectronics.X-CUBE-AI.8.0.1
2023-10-08 12:45:42,449 [WARN] PackLoader:240 - Cannot read IP mode file for STMicroelectronics.X-CUBE-SUBG2.5.0.0
2023-10-08 12:45:42,590 [WARN] PackLoader:240 - Cannot read IP mode file for STMicroelectronics.X-CUBE-TOF1.3.3.1
2023-10-08 12:45:42,652 [WARN] PackLoader:240 - Cannot read IP mode file for STMicroelectronics.X-CUBE-AZRTOS-G4.2.0.0
2023-10-08 12:45:42,683 [WARN] PackLoader:240 - Cannot read IP mode file for STMicroelectronics.X-CUBE-TOF1.3.3.0
2023-10-08 12:45:42,715 [WARN] PackLoader:240 - Cannot read IP mode file for Infineon.AIROC-Wi-Fi-Bluetooth-STM32.1.5.1
2023-10-08 12:45:42,730 [WARN] PackLoader:240 - Cannot read IP mode file for STMicroelectronics.X-CUBE-FREERTOS.1.1.0
2023-10-08 12:45:42,761 [WARN] PackLoader:240 - Cannot read IP mode file for portGmbH.I-Cube-SoM-uGOAL.1.1.0
2023-10-08 12:45:42,777 [WARN] PackLoader:240 - Cannot read IP mode file for STMicroelectronics.X-CUBE-ALS.1.0.1
2023-10-08 12:45:42,808 [WARN] PackLoader:240 - Cannot read IP mode file for STMicroelectronics.X-CUBE-AZRTOS-WB.1.1.0
2023-10-08 12:45:42,824 [WARN] PackLoader:240 - Cannot read IP mode file for STMicroelectronics.FP-ATR-ASTRA1.2.0.0
2023-10-08 12:45:42,824 [INFO] ThirdParty:978 - Integrity check success = true
2023-10-08 12:45:42,824 [INFO] IntegrityCheckThread:100 - exiting critical section [integrity check]
2023-10-08 12:45:42,824 [INFO] IntegrityCheckThread:103 - End integrity checks thread
2023-10-08 12:45:43,526 [INFO] ApiDb:240 - Found 297 in-development CPN: [B-G473E-ZEST1S, B-WB1M-WPAN1, B-WL5M-SUBG1, NUCLEO-C031C6, NUCLEO-H503RB, NUCLEO-H563ZI, NUCLEO-U545RE-Q, NUCLEO-U5A5ZJ-Q, NUCLEO-WBA52CG, STEVAL-PROTEUS1, STEVAL-STWINBX1, STM320518-EVAL, STM32C0116-DK, STM32C011D6Y3TR, STM32C011D6Y6TR, STM32C011F4P3, STM32C011F4P6, STM32C011F4U3, STM32C011F4U6TR, STM32C011F6P3, STM32C011F6P6, STM32C011F6U3, STM32C011F6U6TR, STM32C011J4M3, STM32C011J4M6, STM32C011J6M3, STM32C011J6M6, STM32C0316-DK, STM32C031C4T3, STM32C031C4T6, STM32C031C4U3, STM32C031C4U6, STM32C031C6T3, STM32C031C6T6, STM32C031C6U3, STM32C031C6U6, STM32C031F4P3, STM32C031F4P6, STM32C031F6P3, STM32C031F6P6, STM32C031G4U3, STM32C031G4U6, STM32C031G6U3, STM32C031G6U6, STM32C031K4T3, STM32C031K4T6, STM32C031K4U3, STM32C031K4U6, STM32C031K6T3, STM32C031K6T6, STM32C031K6U3, STM32C031K6U6, STM32G071K8TXN, STM32G071K8UXN, STM32G081GBU6N, STM32G081KBT6N, STM32G081KBUXN, STM32G0B1CCT6N, STM32G0B1KCT6, STM32G0B1NEY6TR, STM32G0B1RCT6N, STM32G0C1CCT6, STM32G0C1CCT6N, STM32G0C1CCU6N, STM32G0C1CET6N, STM32G0C1CEU6N, STM32G0C1KCT6, STM32G0C1NEY6TR, STM32G0C1RCI6N, STM32G0C1RCT6N, STM32G0C1REI6N, STM32G0C1RET6N, STM32G0C1VCI6, STM32G0C1VEI6, STM32G471CCT6, STM32G471CCU6, STM32G471CET3, STM32G471CET6, STM32G471CEU3, STM32G471CEU6, STM32G471MCT6, STM32G471MET3, STM32G471MET6, STM32G471MEY6TR, STM32G471QCT6, STM32G471QET3, STM32G471RCT6, STM32G471RET3, STM32G471RET6, STM32G471VCH6, STM32G471VCI6, STM32G471VCT6, STM32G471VEH3, STM32G471VEH6, STM32G471VEI3, STM32G471VEI6, STM32G471VET3, STM32G471VET6, STM32G474CCT6, STM32H503CBT6, STM32H503CBU6, STM32H503EBY6TR, STM32H503KBU6, STM32H503RBT6, STM32H562AGI6, STM32H562AII6, STM32H562IGK6, STM32H562IGT6, STM32H562IIK6, STM32H562IIT6, STM32H562RGT6, STM32H562RGV6, STM32H562RIT6, STM32H562RIV6, STM32H562VGT6, STM32H562VIT6, STM32H562ZGT6, STM32H562ZIT6, STM32H563AGI6, STM32H563AII3Q, STM32H563AII6, STM32H563IGK6, STM32H563IGT6, STM32H563IIK3Q, STM32H563IIK6, STM32H563IIT3Q, STM32H563IIT6, STM32H563MIY3QTR, STM32H563RGT6, STM32H563RGV6, STM32H563RIT6, STM32H563RIV6, STM32H563VGT6, STM32H563VIT3Q, STM32H563VIT6, STM32H563ZGT6, STM32H563ZIT3Q, STM32H563ZIT6, STM32H573AII3Q, STM32H573AII6, STM32H573I-DK, STM32H573IIK3Q, STM32H573IIK6, STM32H573IIT3Q, STM32H573IIT6, STM32H573MIY3QTR, STM32H573RIT6, STM32H573RIV6, STM32H573VIT3Q, STM32H573VIT6, STM32H573ZIT3Q, STM32H573ZIT6, STM32L4R5QGI6STR, STM32MP131AAE3, STM32MP131AAF3, STM32MP131AAG3, STM32MP131CAE3, STM32MP131CAF3, STM32MP131CAG3, STM32MP131DAE7, STM32MP131DAF7, STM32MP131DAG7, STM32MP131FAE7, STM32MP131FAF7, STM32MP131FAG7, STM32MP133AAE3, STM32MP133AAF3, STM32MP133AAG3, STM32MP133CAE3, STM32MP133CAF3, STM32MP133CAG3, STM32MP133DAE7, STM32MP133DAF7, STM32MP133DAG7, STM32MP133FAE7, STM32MP133FAF7, STM32MP133FAG7, STM32MP135AAE3, STM32MP135AAF3, STM32MP135AAG3, STM32MP135CAE3, STM32MP135CAF3, STM32MP135CAG3, STM32MP135DAE7, STM32MP135DAF7, STM32MP135DAG7, STM32MP135F-DK, STM32MP135FAE7, STM32MP135FAF7, STM32MP135FAF7T, STM32MP135FAF7U, STM32MP135FAG7, STM32U535CBT6, STM32U535CBT6Q, STM32U535CBU6, STM32U535CBU6Q, STM32U535CCT6, STM32U535CCT6Q, STM32U535CCU6, STM32U535CCU6Q, STM32U535CET6, STM32U535CET6Q, STM32U535CEU6, STM32U535CEU6Q, STM32U535JEY6QTR, STM32U535NCY6QTR, STM32U535NEY6QTR, STM32U535RBI6, STM32U535RBI6Q, STM32U535RBT6, STM32U535RBT6Q, STM32U535RCI6, STM32U535RCI6Q, STM32U535RCT6, STM32U535RCT6Q, STM32U535REI6, STM32U535REI6Q, STM32U535RET6, STM32U535RET6Q, STM32U535VCI6, STM32U535VCI6Q, STM32U535VCT6, STM32U535VCT6Q, STM32U535VEI6, STM32U535VEI6Q, STM32U535VET6, STM32U535VET6Q, STM32U545CET6, STM32U545CET6Q, STM32U545CEU6, STM32U545CEU6Q, STM32U545JEY6QTR, STM32U545NEY6QTR, STM32U545REI6, STM32U545REI6Q, STM32U545RET6, STM32U545RET6Q, STM32U545VEI6, STM32U545VEI6Q, STM32U545VET6, STM32U545VET6Q, STM32U595AIH6, STM32U595AIH6Q, STM32U595AJH6, STM32U595AJH6Q, STM32U595QII6, STM32U595QII6Q, STM32U595QJI6, STM32U595QJI6Q, STM32U595RIT6, STM32U595RIT6Q, STM32U595RJT6, STM32U595RJT6Q, STM32U595VIT6, STM32U595VIT6Q, STM32U595VJT6, STM32U595VJT6Q, STM32U595ZIT6, STM32U595ZIT6Q, STM32U595ZIY6QTR, STM32U595ZJT6, STM32U595ZJT6Q, STM32U595ZJY6QTR, STM32U599BJY6QTR, STM32U599NIH6Q, STM32U599NJH6Q, STM32U599VIT6Q, STM32U599VJT6, STM32U599VJT6Q, STM32U599ZIT6Q, STM32U599ZIY6QTR, STM32U599ZJT6Q, STM32U599ZJY6QTR, STM32U5A5AJH6, STM32U5A5AJH6Q, STM32U5A5QJI6, STM32U5A5QJI6Q, STM32U5A5RJT6, STM32U5A5RJT6Q, STM32U5A5VJT6, STM32U5A5VJT6Q, STM32U5A5ZJT6, STM32U5A5ZJT6Q, STM32U5A5ZJY6QTR, STM32U5A9BJY6QTR, STM32U5A9J-DK, STM32U5A9NJH6Q, STM32U5A9VJT6Q, STM32U5A9ZJT6Q, STM32U5A9ZJY6QTR, STM32WB1MMCH6, STM32WBA52CEU6, STM32WBA52CEU6T, STM32WBA52CGU6, STM32WBA52CGU6T, STM32WL5MOCH6, STM32WL5MOCH6TR]
2023-10-08 12:45:43,541 [INFO] DbMcus:216 - Found 3825 MCUs, 3825 are supported
2023-10-08 12:45:43,557 [INFO] ApiDb:423 - Load user favorites file C:\Users\thinh/.stm32cubeide/favorites.mcus.txt: 1 item(s)
2023-10-08 12:45:43,557 [INFO] ApiDb:427 - User favorites MCUs=[STM32F103RCT6]
2023-10-08 12:45:43,557 [INFO] DbMcus:222 - Set 1 / 1 favorites MCUs
2023-10-08 12:45:44,485 [INFO] BoardInfo:880 - No configuration file found for board P-NUCLEO-WB55
2023-10-08 12:45:44,485 [INFO] DbBoards:157 - Kit is not supported: P-NUCLEO-WB55
2023-10-08 12:45:44,501 [INFO] BoardInfo:880 - No configuration file found for board STEVAL-BFA001V1B
2023-10-08 12:45:44,501 [INFO] DbBoards:157 - Kit is not supported: STEVAL-BFA001V1B
2023-10-08 12:45:44,501 [INFO] BoardInfo:880 - No configuration file found for board STEVAL-BFA001V2B
2023-10-08 12:45:44,501 [INFO] DbBoards:157 - Kit is not supported: STEVAL-BFA001V2B
2023-10-08 12:45:44,517 [INFO] BoardInfo:880 - No configuration file found for board STEVAL-SMARTAG2
2023-10-08 12:45:44,517 [INFO] DbBoards:157 - Board is not supported: STEVAL-SMARTAG2
2023-10-08 12:45:44,782 [INFO] DbBoards:161 - Found 188 boards, 184 are supported
2023-10-08 12:45:44,782 [INFO] ApiDb:423 - Load user favorites file C:\Users\thinh/.stm32cubeide/favorites.boards.txt: 1 item(s)
2023-10-08 12:45:44,782 [INFO] ApiDb:427 - User favorites Boards=[STM32F407G-DISC1]
2023-10-08 12:45:44,782 [INFO] DbBoards:190 - Set 1 / 1 favorites Boards
2023-10-08 12:45:44,782 [INFO] McuFinderGlobals:66 - Set McuFinderConnectedMode to true
2023-10-08 12:45:44,798 [INFO] MultiScanPanel:200 - Auto-refresh data requested => check proxy status ongoing
2023-10-08 12:45:44,798 [INFO] FinderPluginLoader:95 - Searching for filters in installed packs
2023-10-08 12:45:47,748 [INFO] LoadUrlFilesThread:185 - End of LoadServerUrlFiles without Thread
2023-10-08 12:45:47,779 [INFO] DetailPanel:341 - Set advertising image to C:/Users/thinh/STM32Cube/Repository/\en.prom-stm32h5-mcu-finder.jpg
2023-10-08 12:45:54,657 [INFO] McuFinderGlobals:66 - Set McuFinderConnectedMode to true
2023-10-08 12:45:54,985 [INFO] ApiDb:448 - Save user favorites file C:\Users\thinh/.stm32cubeide/favorites.mcus.txt: 1 item(s)
2023-10-08 12:45:54,985 [INFO] ApiDb:452 - User favorites MCUs=[STM32F103RCT6]
