2023-10-04 17:16:32,284 [INFO] Activator:176 - 


2023-10-04 17:16:32,293 [INFO] Activator:177 - !SESSION log4j initialized
2023-10-04 17:16:43,460 [INFO] LogOutputStream:77 - [STDOUT_REDIRECT] 
2023-10-04 17:16:46,667 [INFO] ApplicationProperties:184 - Using Application install path: C:\ST\STM32CubeIDE_1.12.1\STM32CubeIDE\plugins\com.st.stm32cube.common.mx_6.8.1.202304191431
2023-10-04 17:16:46,710 [INFO] DbMcusXml:78 - Set database path to: C:\ST\STM32CubeIDE_1.12.1\STM32CubeIDE\plugins\com.st.stm32cube.common.mx_6.8.1.202304191431\\db\/mcu/
2023-10-04 17:16:46,711 [INFO] ApiDb:274 - Set plugin database path to: C:\ST\STM32CubeIDE_1.12.1\STM32CubeIDE\plugins\com.st.stm32cube.common.mx_6.8.1.202304191431\\db\/plugins/boardmanager/
2023-10-04 17:16:46,719 [WARN] ApiDb:259 - Overriding images path with different value:  => C:\ST\STM32CubeIDE_1.12.1\STM32CubeIDE\plugins\com.st.stm32cube.common.mx_6.8.1.202304191431\\db\/plugins/mcufinder/images/
2023-10-04 17:16:46,780 [INFO] ApiDb:250 - Set database path to: C:\Users\thinh\.stmcufinder\plugins\mcufinder//mcu/
2023-10-04 17:16:46,783 [INFO] DbMcusAds:125 - Set database path to: C:\Users\thinh\.stmcufinder\plugins\mcufinder//mcu/
2023-10-04 17:16:46,787 [INFO] CrossReferenceDbSqlite:203 - Set database path to: C:\Users\thinh\.stmcufinder\plugins\mcufinder//mcu/cs/
2023-10-04 17:16:47,040 [INFO] RulesReader:64 - Compatibility file has been processed (293 Rules)
2023-10-04 17:16:47,207 [INFO] DbMcusXml:78 - Set database path to: C:\ST\STM32CubeIDE_1.12.1\STM32CubeIDE\plugins\com.st.stm32cube.common.mx_6.8.1.202304191431\\db\/mcu/
2023-10-04 17:16:47,208 [INFO] ApiDb:274 - Set plugin database path to: C:\ST\STM32CubeIDE_1.12.1\STM32CubeIDE\plugins\com.st.stm32cube.common.mx_6.8.1.202304191431\\db\/plugins/boardmanager/
2023-10-04 17:16:47,208 [INFO] ApiDb:261 - Set plugin images path to: C:\ST\STM32CubeIDE_1.12.1\STM32CubeIDE\plugins\com.st.stm32cube.common.mx_6.8.1.202304191431\\db\/plugins/mcufinder/images/
2023-10-04 17:16:47,209 [WARN] DbFile:41 - Overriding database path with different value: C:\Users\thinh\.stmcufinder\plugins\mcufinder/ => C:\Users\thinh\.stmcufinder\plugins\mcufinder
2023-10-04 17:16:47,209 [INFO] ApiDb:250 - Set database path to: C:\Users\thinh\.stmcufinder\plugins\mcufinder//mcu/
2023-10-04 17:16:47,209 [WARN] DbFile:41 - Overriding database path with different value: C:\Users\thinh\.stmcufinder\plugins\mcufinder/ => C:\Users\thinh\.stmcufinder\plugins\mcufinder
2023-10-04 17:16:47,209 [INFO] DbMcusAds:125 - Set database path to: C:\Users\thinh\.stmcufinder\plugins\mcufinder//mcu/
2023-10-04 17:16:47,210 [WARN] DbFile:41 - Overriding database path with different value: C:\Users\thinh\.stmcufinder\plugins\mcufinder/ => C:\Users\thinh\.stmcufinder\plugins\mcufinder
2023-10-04 17:16:47,210 [WARN] DbFile:41 - Overriding database path with different value: C:\Users\thinh\.stmcufinder\plugins\mcufinder/ => C:\Users\thinh\.stmcufinder\plugins\mcufinder
2023-10-04 17:16:47,210 [INFO] CrossReferenceDbSqlite:203 - Set database path to: C:\Users\thinh\.stmcufinder\plugins\mcufinder//mcu/cs/
2023-10-04 17:16:47,403 [INFO] MainPanel:253 - HeapMemory: 268435456
2023-10-04 17:16:47,693 [INFO] DbMcusXml:78 - Set database path to: C:\ST\STM32CubeIDE_1.12.1\STM32CubeIDE\plugins\com.st.stm32cube.common.mx_6.8.1.202304191431\\db\/mcu/
2023-10-04 17:16:47,694 [INFO] ApiDb:274 - Set plugin database path to: C:\ST\STM32CubeIDE_1.12.1\STM32CubeIDE\plugins\com.st.stm32cube.common.mx_6.8.1.202304191431\\db\/plugins/boardmanager/
2023-10-04 17:16:47,694 [INFO] ApiDb:261 - Set plugin images path to: C:\ST\STM32CubeIDE_1.12.1\STM32CubeIDE\plugins\com.st.stm32cube.common.mx_6.8.1.202304191431\\db\/plugins/mcufinder/images/
2023-10-04 17:16:47,695 [WARN] DbFile:41 - Overriding database path with different value: C:\Users\thinh\.stmcufinder\plugins\mcufinder/ => C:\Users\thinh\.stmcufinder\plugins\mcufinder
2023-10-04 17:16:47,695 [INFO] ApiDb:250 - Set database path to: C:\Users\thinh\.stmcufinder\plugins\mcufinder//mcu/
2023-10-04 17:16:47,696 [WARN] DbFile:41 - Overriding database path with different value: C:\Users\thinh\.stmcufinder\plugins\mcufinder/ => C:\Users\thinh\.stmcufinder\plugins\mcufinder
2023-10-04 17:16:47,696 [INFO] DbMcusAds:125 - Set database path to: C:\Users\thinh\.stmcufinder\plugins\mcufinder//mcu/
2023-10-04 17:16:47,696 [WARN] DbFile:41 - Overriding database path with different value: C:\Users\thinh\.stmcufinder\plugins\mcufinder/ => C:\Users\thinh\.stmcufinder\plugins\mcufinder
2023-10-04 17:16:47,696 [WARN] DbFile:41 - Overriding database path with different value: C:\Users\thinh\.stmcufinder\plugins\mcufinder/ => C:\Users\thinh\.stmcufinder\plugins\mcufinder
2023-10-04 17:16:47,697 [INFO] CrossReferenceDbSqlite:203 - Set database path to: C:\Users\thinh\.stmcufinder\plugins\mcufinder//mcu/cs/
2023-10-04 17:16:47,753 [INFO] ApplicationProperties:184 - Using Application install path: C:\ST\STM32CubeIDE_1.12.1\STM32CubeIDE\plugins\com.st.stm32cube.common.mx_6.8.1.202304191431
2023-10-04 17:16:47,756 [INFO] PluginManage:196 - Search for loadable plugins [exclusion list=, ]
2023-10-04 17:16:47,760 [INFO] PluginManage:310 - Check plugin analytics
2023-10-04 17:16:48,099 [INFO] AnalyticsPlugin:253 - Accepted Software Licenses: STM32CubeMX.6.9.0
2023-10-04 17:16:48,099 [INFO] AnalyticsPlugin:255 - Accepted CMSIS Pack Licenses: 
2023-10-04 17:16:48,099 [INFO] AnalyticsPlugin:257 - Accepted Firmware Licenses: 
2023-10-04 17:16:48,114 [INFO] PluginManage:359 - Loaded plugin analytics (category:tool,tabindex:-1)
2023-10-04 17:16:48,114 [INFO] PluginManage:310 - Check plugin cadmodel
2023-10-04 17:16:48,145 [INFO] CADModel:105 - Init CAD model plugin
2023-10-04 17:16:48,145 [INFO] PluginManage:359 - Loaded plugin cadmodel (category:power,tabindex:5)
2023-10-04 17:16:48,145 [INFO] PluginManage:310 - Check plugin clock
2023-10-04 17:16:48,192 [INFO] PluginManage:359 - Loaded plugin clock (category:base,tabindex:2)
2023-10-04 17:16:48,192 [INFO] PluginManage:310 - Check plugin ddr
2023-10-04 17:16:48,192 [INFO] PluginManage:359 - Loaded plugin ddr (category:tool,tabindex:6)
2023-10-04 17:16:48,208 [INFO] PluginManage:310 - Check plugin filemanager
2023-10-04 17:16:48,450 [INFO] PluginManage:359 - Loaded plugin filemanager (category:base,tabindex:10)
2023-10-04 17:16:48,450 [INFO] PluginManage:310 - Check plugin ipmanager
2023-10-04 17:16:48,466 [INFO] PluginManage:359 - Loaded plugin ipmanager (category:base,tabindex:5)
2023-10-04 17:16:48,466 [INFO] PluginManage:310 - Check plugin lpbam
2023-10-04 17:16:48,497 [INFO] PluginManage:359 - Loaded plugin lpbam (category:base,tabindex:0)
2023-10-04 17:16:48,497 [INFO] PluginManage:310 - Check plugin pinoutandconfiguration
2023-10-04 17:16:48,528 [INFO] PluginManage:359 - Loaded plugin pinoutandconfiguration (category:base,tabindex:1)
2023-10-04 17:16:48,528 [INFO] PluginManage:310 - Check plugin pinoutconfig
2023-10-04 17:16:48,700 [WARN] SupportedApi:132 - Cannot load RTOS API schema: s4s-elt-must-match.1: The content of 'definitions' must match (annotation?, (simpleType | complexType)?, (unique | key | keyref)*)). A problem was found starting at: attribute.
2023-10-04 17:16:48,976 [INFO] PluginManage:359 - Loaded plugin pinoutconfig (category:base,tabindex:0)
2023-10-04 17:16:48,976 [INFO] PluginManage:310 - Check plugin power
2023-10-04 17:16:49,007 [INFO] PluginManage:359 - Loaded plugin power (category:power,tabindex:4)
2023-10-04 17:16:49,007 [INFO] PluginManage:310 - Check plugin projectmanager
2023-10-04 17:16:49,038 [INFO] PluginManage:359 - Loaded plugin projectmanager (category:projectmanager,tabindex:3)
2023-10-04 17:16:49,038 [INFO] PluginManage:310 - Check plugin thirdparty
2023-10-04 17:16:49,398 [INFO] PluginManage:359 - Loaded plugin thirdparty (category:base,tabindex:-1)
2023-10-04 17:16:49,398 [WARN] IntegrityCheckThread:84 - waiting for thirdparty lock release [integrity check]
2023-10-04 17:16:49,398 [INFO] PluginManage:310 - Check plugin tools
2023-10-04 17:16:49,398 [INFO] IntegrityCheckThread:86 - entering critical section [integrity check]
2023-10-04 17:16:49,398 [INFO] ThirdPartyUpdaterWithRetryManager:70 - Updater plugin not ready yet. [1/15]
2023-10-04 17:16:49,445 [INFO] PluginManage:359 - Loaded plugin tools (category:base,tabindex:7)
2023-10-04 17:16:49,445 [INFO] PluginManage:310 - Check plugin tutovideos
2023-10-04 17:16:49,726 [INFO] PluginManage:359 - Loaded plugin tutovideos (category:base,tabindex:-1)
2023-10-04 17:16:49,726 [INFO] PluginManage:310 - Check plugin updater
2023-10-04 17:16:49,757 [INFO] PluginManage:359 - Loaded plugin updater (category:base,tabindex:12)
2023-10-04 17:16:49,757 [INFO] PluginManage:283 - PluginManage : Loaded plugins [15]
2023-10-04 17:16:50,148 [INFO] PinOutPanel:1499 - setPackage(No Configuration,No Configuration)
2023-10-04 17:16:50,257 [INFO] CADModel:165 - CPN selected for project level
2023-10-04 17:16:50,257 [INFO] CADModel:114 - Register for checkConnection events
2023-10-04 17:16:50,304 [INFO] IPUIPlugin:80 - create IPUIPlugin
2023-10-04 17:16:50,304 [INFO] PluginManager:220 - loadIPPluginJar : add adc
2023-10-04 17:16:50,351 [INFO] IPUIPlugin:80 - create IPUIPlugin
2023-10-04 17:16:50,351 [INFO] PluginManager:220 - loadIPPluginJar : add aes
2023-10-04 17:16:50,413 [INFO] IPUIPlugin:80 - create IPUIPlugin
2023-10-04 17:16:50,413 [INFO] PluginManager:220 - loadIPPluginJar : add can
2023-10-04 17:16:50,444 [INFO] IPUIPlugin:80 - create IPUIPlugin
2023-10-04 17:16:50,444 [INFO] PluginManager:220 - loadIPPluginJar : add comp
2023-10-04 17:16:50,507 [INFO] IPUIPlugin:80 - create IPUIPlugin
2023-10-04 17:16:50,507 [INFO] PluginManager:220 - loadIPPluginJar : add cryp
2023-10-04 17:16:50,554 [INFO] IPUIPlugin:80 - create IPUIPlugin
2023-10-04 17:16:50,554 [INFO] PluginManager:220 - loadIPPluginJar : add dfsdm
2023-10-04 17:16:50,601 [INFO] IPUIPlugin:80 - create IPUIPlugin
2023-10-04 17:16:50,601 [INFO] PluginManager:220 - loadIPPluginJar : add dma
2023-10-04 17:16:50,663 [INFO] IPUIPlugin:80 - create IPUIPlugin
2023-10-04 17:16:50,663 [INFO] PluginManager:220 - loadIPPluginJar : add dma3
2023-10-04 17:16:50,679 [INFO] IPUIPlugin:80 - create IPUIPlugin
2023-10-04 17:16:50,679 [INFO] PluginManager:220 - loadIPPluginJar : add fatfs
2023-10-04 17:16:50,741 [INFO] IPUIPlugin:80 - create IPUIPlugin
2023-10-04 17:16:50,741 [INFO] PluginManager:220 - loadIPPluginJar : add fmc
2023-10-04 17:16:50,772 [INFO] IPUIPlugin:80 - create IPUIPlugin
2023-10-04 17:16:50,788 [INFO] PluginManager:220 - loadIPPluginJar : add freertos
2023-10-04 17:16:50,804 [INFO] IPUIPlugin:80 - create IPUIPlugin
2023-10-04 17:16:50,804 [INFO] PluginManager:220 - loadIPPluginJar : add genericplugin
2023-10-04 17:16:50,897 [INFO] IPUIPlugin:80 - create IPUIPlugin
2023-10-04 17:16:50,897 [INFO] PluginManager:220 - loadIPPluginJar : add gfxmmu
2023-10-04 17:16:51,038 [INFO] IPUIPlugin:80 - create IPUIPlugin
2023-10-04 17:16:51,038 [INFO] PluginManager:220 - loadIPPluginJar : add gic
2023-10-04 17:16:51,069 [INFO] IPUIPlugin:80 - create IPUIPlugin
2023-10-04 17:16:51,069 [INFO] PluginManager:220 - loadIPPluginJar : add gpio
2023-10-04 17:16:51,188 [INFO] IPUIPlugin:80 - create IPUIPlugin
2023-10-04 17:16:51,203 [INFO] PluginManager:220 - loadIPPluginJar : add gtzc
2023-10-04 17:16:51,266 [INFO] IPUIPlugin:80 - create IPUIPlugin
2023-10-04 17:16:51,266 [INFO] PluginManager:220 - loadIPPluginJar : add hash
2023-10-04 17:16:51,375 [INFO] IPUIPlugin:80 - create IPUIPlugin
2023-10-04 17:16:51,375 [INFO] PluginManager:220 - loadIPPluginJar : add i2c
2023-10-04 17:16:51,437 [INFO] IPUIPlugin:80 - create IPUIPlugin
2023-10-04 17:16:51,437 [INFO] PluginManager:220 - loadIPPluginJar : add i2s
2023-10-04 17:16:51,486 [INFO] IPUIPlugin:80 - create IPUIPlugin
2023-10-04 17:16:51,486 [INFO] PluginManager:220 - loadIPPluginJar : add i3c
2023-10-04 17:16:51,611 [INFO] IPUIPlugin:80 - create IPUIPlugin
2023-10-04 17:16:51,612 [INFO] PluginManager:220 - loadIPPluginJar : add ipddr
2023-10-04 17:16:51,743 [INFO] IPUIPlugin:80 - create IPUIPlugin
2023-10-04 17:16:51,743 [INFO] PluginManager:220 - loadIPPluginJar : add linkedlist
2023-10-04 17:16:51,810 [INFO] IPUIPlugin:80 - create IPUIPlugin
2023-10-04 17:16:51,810 [INFO] PluginManager:220 - loadIPPluginJar : add lorawan
2023-10-04 17:16:51,850 [INFO] IPUIPlugin:80 - create IPUIPlugin
2023-10-04 17:16:51,851 [INFO] PluginManager:220 - loadIPPluginJar : add ltdc
2023-10-04 17:16:51,871 [INFO] IPUIPlugin:80 - create IPUIPlugin
2023-10-04 17:16:51,872 [INFO] PluginManager:220 - loadIPPluginJar : add mdma
2023-10-04 17:16:51,890 [INFO] IPUIPlugin:80 - create IPUIPlugin
2023-10-04 17:16:51,891 [INFO] PluginManager:220 - loadIPPluginJar : add nvic
2023-10-04 17:16:51,932 [INFO] IPUIPlugin:80 - create IPUIPlugin
2023-10-04 17:16:51,932 [INFO] PluginManager:220 - loadIPPluginJar : add opamp
2023-10-04 17:16:51,999 [INFO] IPUIPlugin:80 - create IPUIPlugin
2023-10-04 17:16:52,000 [INFO] PluginManager:220 - loadIPPluginJar : add openamp
2023-10-04 17:16:52,058 [INFO] IPUIPlugin:80 - create IPUIPlugin
2023-10-04 17:16:52,058 [INFO] PluginManager:220 - loadIPPluginJar : add pdm2pcm
2023-10-04 17:16:52,076 [INFO] IPUIPlugin:80 - create IPUIPlugin
2023-10-04 17:16:52,079 [INFO] PluginManager:220 - loadIPPluginJar : add plateformsettings
2023-10-04 17:16:52,102 [INFO] IPUIPlugin:80 - create IPUIPlugin
2023-10-04 17:16:52,102 [INFO] PluginManager:220 - loadIPPluginJar : add quadspi
2023-10-04 17:16:52,118 [INFO] IPUIPlugin:80 - create IPUIPlugin
2023-10-04 17:16:52,118 [INFO] PluginManager:220 - loadIPPluginJar : add resmgrutility
2023-10-04 17:16:52,170 [INFO] IPUIPlugin:80 - create IPUIPlugin
2023-10-04 17:16:52,170 [INFO] PluginManager:220 - loadIPPluginJar : add sai
2023-10-04 17:16:52,210 [INFO] IPUIPlugin:80 - create IPUIPlugin
2023-10-04 17:16:52,210 [INFO] PluginManager:220 - loadIPPluginJar : add spi
2023-10-04 17:16:52,272 [INFO] IPUIPlugin:80 - create IPUIPlugin
2023-10-04 17:16:52,272 [INFO] PluginManager:220 - loadIPPluginJar : add stm32_wpan
2023-10-04 17:16:52,302 [INFO] IPUIPlugin:80 - create IPUIPlugin
2023-10-04 17:16:52,302 [INFO] PluginManager:220 - loadIPPluginJar : add tim
2023-10-04 17:16:52,361 [INFO] IPUIPlugin:80 - create IPUIPlugin
2023-10-04 17:16:52,361 [INFO] PluginManager:220 - loadIPPluginJar : add touchsensing
2023-10-04 17:16:52,387 [INFO] IPUIPlugin:80 - create IPUIPlugin
2023-10-04 17:16:52,387 [INFO] PluginManager:220 - loadIPPluginJar : add tracer_emb
2023-10-04 17:16:52,405 [INFO] ThirdPartyUpdaterWithRetryManager:70 - Updater plugin not ready yet. [2/15]
2023-10-04 17:16:52,412 [INFO] IPUIPlugin:80 - create IPUIPlugin
2023-10-04 17:16:52,412 [INFO] PluginManager:220 - loadIPPluginJar : add ts
2023-10-04 17:16:52,438 [INFO] IPUIPlugin:80 - create IPUIPlugin
2023-10-04 17:16:52,438 [INFO] PluginManager:220 - loadIPPluginJar : add tsc
2023-10-04 17:16:52,464 [INFO] IPUIPlugin:80 - create IPUIPlugin
2023-10-04 17:16:52,464 [INFO] PluginManager:220 - loadIPPluginJar : add ucpd
2023-10-04 17:16:52,535 [INFO] IPUIPlugin:80 - create IPUIPlugin
2023-10-04 17:16:52,535 [INFO] PluginManager:220 - loadIPPluginJar : add usart
2023-10-04 17:16:52,593 [INFO] IPUIPlugin:80 - create IPUIPlugin
2023-10-04 17:16:52,593 [INFO] PluginManager:220 - loadIPPluginJar : add usbx
2023-10-04 17:16:52,768 [INFO] CADModel:165 - CPN selected for project level
2023-10-04 17:16:52,768 [INFO] CADModel:114 - Register for checkConnection events
2023-10-04 17:16:52,769 [FATAL] Updater:308 - Updater called before beeing initialized
2023-10-04 17:16:52,769 [ERROR] CADModel:125 - Updater not yet initialized, retry later 
2023-10-04 17:16:52,977 [INFO] CADModel:165 - CPN selected for project level
2023-10-04 17:16:52,977 [INFO] CADModel:114 - Register for checkConnection events
2023-10-04 17:16:52,977 [FATAL] Updater:308 - Updater called before beeing initialized
2023-10-04 17:16:52,977 [ERROR] CADModel:125 - Updater not yet initialized, retry later 
2023-10-04 17:16:52,982 [FATAL] Updater:308 - Updater called before beeing initialized
2023-10-04 17:16:53,205 [FATAL] Updater:308 - Updater called before beeing initialized
2023-10-04 17:16:53,228 [INFO] DbMcusAds:53 - JSON generation date=Tue Mar 07 15:50:55 ICT 2023 (1678179055114)
2023-10-04 17:16:53,228 [FATAL] Updater:308 - Updater called before beeing initialized
2023-10-04 17:16:53,347 [WARN] DetailPanel:346 - Failed to get advertising image, set to default
2023-10-04 17:16:53,548 [FATAL] Updater:308 - Updater called before beeing initialized
2023-10-04 17:16:53,551 [FATAL] Updater:308 - Updater called before beeing initialized
2023-10-04 17:16:53,551 [FATAL] Updater:308 - Updater called before beeing initialized
2023-10-04 17:16:53,551 [WARN] DetailPanel:346 - Failed to get advertising image, set to default
2023-10-04 17:16:53,552 [FATAL] Updater:308 - Updater called before beeing initialized
2023-10-04 17:16:53,645 [ERROR] Updater:1120 - MainUpdater not yet initialized. External WinMGr cannot be set.
2023-10-04 17:16:53,656 [INFO] Updater:1056 - Updater Version found : 6.8.1
2023-10-04 17:16:53,682 [INFO] ApplicationProperties:184 - Using Application install path: C:\ST\STM32CubeIDE_1.12.1\STM32CubeIDE\plugins\com.st.stm32cube.common.mx_6.8.1.202304191431
2023-10-04 17:16:53,930 [INFO] MainUpdater:2854 - connection check result : 10
2023-10-04 17:16:53,931 [INFO] MainUpdater:283 - Updater Check For Update Now.
2023-10-04 17:16:53,932 [INFO] MicroXplorer:498 - Change Database Version : DB.6.0.81
2023-10-04 17:16:54,175 [INFO] CheckServerUpdateThread:120 - End of CheckServer Thread
2023-10-04 17:16:54,205 [INFO] MainUpdater:2854 - connection check result : 10
2023-10-04 17:16:54,231 [INFO] McuFinderGlobals:66 - Set McuFinderConnectedMode to true
2023-10-04 17:16:54,563 [INFO] ServerAccessManage:473 - Download File mcusAds.json._tmp_
2023-10-04 17:16:54,701 [INFO] LoadUrlFilesThread:156 - End of LoadUrlFiles Thread
2023-10-04 17:16:54,918 [INFO] ServerAccessManage:473 - Download File cube-finder-db.zip
2023-10-04 17:16:55,420 [WARN] MainUpdater:1187 - Updater busy. Cannot search thirdparties
2023-10-04 17:16:55,420 [INFO] ThirdPartyUpdaterWithRetryManager:96 - Updater plugin is busy. [1/15]
2023-10-04 17:16:58,421 [WARN] MainUpdater:1187 - Updater busy. Cannot search thirdparties
2023-10-04 17:16:58,421 [INFO] ThirdPartyUpdaterWithRetryManager:96 - Updater plugin is busy. [2/15]
2023-10-04 17:17:01,425 [WARN] MainUpdater:1187 - Updater busy. Cannot search thirdparties
2023-10-04 17:17:01,425 [INFO] ThirdPartyUpdaterWithRetryManager:96 - Updater plugin is busy. [3/15]
2023-10-04 17:17:04,433 [WARN] MainUpdater:1187 - Updater busy. Cannot search thirdparties
2023-10-04 17:17:04,433 [INFO] ThirdPartyUpdaterWithRetryManager:96 - Updater plugin is busy. [4/15]
2023-10-04 17:17:07,439 [WARN] MainUpdater:1187 - Updater busy. Cannot search thirdparties
2023-10-04 17:17:07,439 [INFO] ThirdPartyUpdaterWithRetryManager:96 - Updater plugin is busy. [5/15]
2023-10-04 17:17:07,450 [ERROR] LogOutputStream:75 - [STDERR_REDIRECT] SLF4J: Failed to load class "org.slf4j.impl.StaticLoggerBinder".
2023-10-04 17:17:07,451 [ERROR] LogOutputStream:75 - [STDERR_REDIRECT] SLF4J: Defaulting to no-operation (NOP) logger implementation
2023-10-04 17:17:07,452 [ERROR] LogOutputStream:75 - [STDERR_REDIRECT] SLF4J: See http://www.slf4j.org/codes.html#StaticLoggerBinder for further details.
2023-10-04 17:17:10,449 [WARN] MainUpdater:1187 - Updater busy. Cannot search thirdparties
2023-10-04 17:17:10,449 [INFO] ThirdPartyUpdaterWithRetryManager:96 - Updater plugin is busy. [6/15]
2023-10-04 17:17:13,459 [WARN] MainUpdater:1187 - Updater busy. Cannot search thirdparties
2023-10-04 17:17:13,459 [INFO] ThirdPartyUpdaterWithRetryManager:96 - Updater plugin is busy. [7/15]
2023-10-04 17:17:16,462 [WARN] MainUpdater:1187 - Updater busy. Cannot search thirdparties
2023-10-04 17:17:16,462 [INFO] ThirdPartyUpdaterWithRetryManager:96 - Updater plugin is busy. [8/15]
2023-10-04 17:17:18,084 [INFO] FileExtend:240 - Unzip File : cube-finder-db.zip
2023-10-04 17:17:18,084 [INFO] FileExtend:255 - Standard Zip Deflate
2023-10-04 17:17:18,909 [INFO] LoadUrlFilesThread:156 - End of LoadUrlFiles Thread
2023-10-04 17:17:19,464 [WARN] MainUpdater:1187 - Updater busy. Cannot search thirdparties
2023-10-04 17:17:19,464 [INFO] ThirdPartyUpdaterWithRetryManager:96 - Updater plugin is busy. [9/15]
2023-10-04 17:17:20,312 [INFO] ServerAccessManage:473 - Download File crdb.zip
2023-10-04 17:17:21,744 [INFO] FileExtend:240 - Unzip File : crdb.zip
2023-10-04 17:17:21,744 [INFO] FileExtend:255 - Standard Zip Deflate
2023-10-04 17:17:21,897 [INFO] LoadUrlFilesThread:156 - End of LoadUrlFiles Thread
2023-10-04 17:17:22,467 [WARN] MainUpdater:1187 - Updater busy. Cannot search thirdparties
2023-10-04 17:17:22,467 [INFO] ThirdPartyUpdaterWithRetryManager:96 - Updater plugin is busy. [10/15]
2023-10-04 17:17:23,602 [INFO] ServerAccessManage:473 - Download File tutoVideoDB.zip
2023-10-04 17:17:23,735 [INFO] FileExtend:240 - Unzip File : tutoVideoDB.zip
2023-10-04 17:17:23,736 [INFO] FileExtend:255 - Standard Zip Deflate
2023-10-04 17:17:23,872 [INFO] LoadUrlFilesThread:156 - End of LoadUrlFiles Thread
2023-10-04 17:17:23,898 [WARN] DbFile:41 - Overriding database path with different value: C:\Users\thinh\.stmcufinder\plugins\mcufinder/ => C:\Users\thinh\.stmcufinder\plugins\mcufinder
2023-10-04 17:17:24,053 [INFO] ServerAccessManage:473 - Download File api_config.json
2023-10-04 17:17:24,168 [INFO] LoadUrlFilesThread:156 - End of LoadUrlFiles Thread
2023-10-04 17:17:24,174 [INFO] DbMcusAds:53 - JSON generation date=Tue Mar 07 15:50:55 ICT 2023 (1678179055114)
2023-10-04 17:17:24,214 [INFO] LoadUrlFilesThread:185 - End of LoadServerUrlFiles without Thread
2023-10-04 17:17:24,214 [INFO] TargetSelectorAdapter:259 - Refresh data is successful
2023-10-04 17:17:24,366 [INFO] ApiDb:581 - Connected to CubeFinder SQLite database (C:\Users\thinh\.stmcufinder\plugins\mcufinder\mcu\cube-finder-db.db)
2023-10-04 17:17:24,445 [INFO] ApiDb:668 - CubeFinder database Data Model version=2.1
2023-10-04 17:17:24,445 [INFO] ApiDb:669 - CubeFinder database Configuration version=3.0.37
2023-10-04 17:17:24,445 [INFO] ApiDb:670 - CubeFinder database generation date=2023-08-09 (1691586011)
2023-10-04 17:17:24,445 [INFO] ApiDb:671 - CubeFinder database FW Pack versions=[FP-ATR-ASTRA1_V2.0.0, FP-SNS-FLIGHT1_V5.0.1, FP-SNS-FLIGHT1_V5.0.2, FP-SNS-MOTENV1_V4.3.1, FP-SNS-MOTENV1_V4.3.2, STM32Cube_FW_C0_V1.1.0, STM32Cube_FW_F4_V1.27.1, STM32Cube_FW_F7_V1.17.0, STM32Cube_FW_G0_V1.6.1, STM32Cube_FW_G4_V1.5.1, STM32Cube_FW_H5_V0.5.1, STM32Cube_FW_H5_V1.1.0, STM32Cube_FW_H7_V1.11.0, STM32Cube_FW_L0_V1.12.2, STM32Cube_FW_L5_V1.5.0, STM32Cube_FW_U5_V1.3.0, STM32Cube_FW_U5_V1.3.0RC4, STM32Cube_FW_WBA_V1.0.0RC1, STM32Cube_FW_WBA_V1.1.0, STM32Cube_FW_WBA_V1.1.0RC1, STM32Cube_FW_WB_V1.15.0RC1, STM32Cube_FW_WB_V1.16.0, STM32Cube_FW_WB_V1.16.0RC2, STM32Cube_FW_WB_V1.17.0, STM32Cube_FW_WL_V1.3.0, X-CUBE-ALGOBUILD_V1.3.0, X-CUBE-ALS_V1.0.1, X-CUBE-AZRTOS-F4_V1.1.0, X-CUBE-AZRTOS-F7_V1.1.0, X-CUBE-AZRTOS-G0_V1.1.0, X-CUBE-AZRTOS-G4_V2.0.0, X-CUBE-AZRTOS-H7_V3.1.0, X-CUBE-AZRTOS-L4_V1.0.0, X-CUBE-AZRTOS-L4_V2.0.0, X-CUBE-AZRTOS-L5_V1.1.0, X-CUBE-AZRTOS-WB_V1.1.0, X-CUBE-AZRTOS-WL_V2.0.0, X-CUBE-BLE1_V7.0.0, X-CUBE-BLE2_V3.3.0, X-CUBE-BLEMGR_V2.0.0, X-CUBE-EEPRMA1_V4.1.0, X-CUBE-FREERTOS_V1.1.0, X-CUBE-GNSS1_V6.0.0, X-CUBE-MEMS1_V9.1.0, X-CUBE-MEMS1_V9.4.0, X-CUBE-MEMS1_V9.6.0, X-CUBE-NFC4_V3.0.0, X-CUBE-NFC7_V1.0.0, X-CUBE-SFXS2LP1_V4.0.0, X-CUBE-SUBG2_V5.0.0, X-CUBE-TOF1_V3.3.1]
2023-10-04 17:17:25,740 [WARN] PackLoader:240 - Cannot read IP mode file for STMicroelectronics.X-CUBE-SMBUS.2.1.0
2023-10-04 17:17:25,815 [WARN] PackLoader:240 - Cannot read IP mode file for STMicroelectronics.X-CUBE-AZRTOS-F7.1.1.0
2023-10-04 17:17:25,868 [WARN] PackLoader:240 - Cannot read IP mode file for STMicroelectronics.FP-SNS-MOTENV1.4.3.2
2023-10-04 17:17:25,909 [WARN] PackLoader:240 - Cannot read IP mode file for STMicroelectronics.FP-SNS-FLIGHT1.5.0.1
2023-10-04 17:17:25,957 [WARN] PackLoader:240 - Cannot read IP mode file for STMicroelectronics.X-CUBE-BLE1.6.2.4
2023-10-04 17:17:26,006 [WARN] PackLoader:240 - Cannot read IP mode file for STMicroelectronics.FP-SNS-FLIGHT1.5.0.2
2023-10-04 17:17:26,089 [WARN] PackLoader:240 - Cannot read IP mode file for STMicroelectronics.X-CUBE-DISPLAY.3.0.0
2023-10-04 17:17:26,125 [WARN] PackLoader:240 - Cannot read IP mode file for STMicroelectronics.X-CUBE-BLE1.7.0.0
2023-10-04 17:17:26,190 [WARN] PackLoader:240 - Cannot read IP mode file for emotas.I-CUBE-CANOPEN.1.3.0
2023-10-04 17:17:26,234 [WARN] PackLoader:240 - Cannot read IP mode file for STMicroelectronics.X-CUBE-TOUCHGFX.4.22.0
2023-10-04 17:17:26,251 [WARN] PackLoader:240 - Cannot read IP mode file for STMicroelectronics.X-CUBE-TOUCHGFX.4.22.1
2023-10-04 17:17:26,277 [WARN] PackLoader:240 - Cannot read IP mode file for STMicroelectronics.FP-SNS-SMARTAG2.1.2.0
2023-10-04 17:17:26,320 [INFO] LogOutputStream:77 - [STDOUT_REDIRECT] 1 : Invalid condition id : UX_CORESTACK_Condition cause : null
2023-10-04 17:17:26,322 [INFO] LogOutputStream:77 - [STDOUT_REDIRECT] 1 : Invalid condition id : UX_CORESTACK_Condition cause : null
2023-10-04 17:17:26,324 [INFO] LogOutputStream:77 - [STDOUT_REDIRECT] 1 : Invalid condition id : UX_CORESTACK_Condition cause : null
2023-10-04 17:17:26,326 [INFO] LogOutputStream:77 - [STDOUT_REDIRECT] 1 : Invalid condition id : UX_CORESTACK_Condition cause : null
2023-10-04 17:17:26,328 [INFO] LogOutputStream:77 - [STDOUT_REDIRECT] 1 : Invalid condition id : UX_CORESTACK_Condition cause : null
2023-10-04 17:17:26,335 [WARN] PackLoader:240 - Cannot read IP mode file for STMicroelectronics.X-CUBE-AZRTOS-WL.2.0.0
2023-10-04 17:17:26,380 [WARN] PackLoader:240 - Cannot read IP mode file for WES.I-CUBE-Cesium.1.3.0
2023-10-04 17:17:26,432 [WARN] PackLoader:240 - Cannot read IP mode file for STMicroelectronics.X-CUBE-BLE2.3.3.0
2023-10-04 17:17:26,556 [WARN] PackLoader:240 - Cannot read IP mode file for STMicroelectronics.X-CUBE-ALGOBUILD.1.3.0
2023-10-04 17:17:26,649 [WARN] PackLoader:240 - Cannot read IP mode file for STMicroelectronics.X-CUBE-AZRTOS-G0.1.1.0
2023-10-04 17:17:26,694 [WARN] PackLoader:240 - Cannot read IP mode file for STMicroelectronics.X-CUBE-NFC4.3.0.0
2023-10-04 17:17:26,716 [WARN] PackLoader:240 - Cannot read IP mode file for STMicroelectronics.FP-ATR-SIGFOX1.3.2.0
2023-10-04 17:17:26,877 [WARN] PackLoader:240 - Cannot read IP mode file for SEGGER.I-CUBE-embOS.1.3.1
2023-10-04 17:17:27,081 [WARN] PackLoader:240 - Cannot read IP mode file for STMicroelectronics.X-CUBE-GNSS1.6.0.0
2023-10-04 17:17:27,172 [WARN] PackLoader:240 - Cannot read IP mode file for STMicroelectronics.X-CUBE-AZRTOS-F4.1.1.0
2023-10-04 17:17:27,281 [WARN] PackLoader:240 - Cannot read IP mode file for wolfSSL.I-CUBE-wolfSSL.5.6.3
2023-10-04 17:17:27,468 [WARN] PackLoader:240 - Cannot read IP mode file for STMicroelectronics.X-CUBE-AZRTOS-L5.2.0.0
2023-10-04 17:17:27,747 [WARN] PackLoader:240 - Cannot read IP mode file for STMicroelectronics.X-CUBE-MEMS1.9.6.0
2023-10-04 17:17:28,391 [WARN] PackLoader:240 - Cannot read IP mode file for ITTIA_DB.I-CUBE-ITTIADB.8.8.0
2023-10-04 17:17:28,414 [WARN] PackLoader:240 - Cannot read IP mode file for STMicroelectronics.X-CUBE-BLEMGR.2.0.0
2023-10-04 17:17:28,487 [WARN] ConditionMgr:438 - getConditionDescription Invalid condition id : UX DEVICE CLASS RTOS Condition cause : null
2023-10-04 17:17:28,487 [WARN] ConditionMgr:438 - getConditionDescription Invalid condition id : UX DEVICE CLASS RTOS Condition cause : null
2023-10-04 17:17:28,494 [WARN] PackLoader:240 - Cannot read IP mode file for STMicroelectronics.X-CUBE-AZRTOS-H7.3.1.0
2023-10-04 17:17:28,496 [WARN] ConditionMgr:1039 - genDependencies : Invalid condition id : UX DEVICE CLASS RTOS Condition cause : null
2023-10-04 17:17:28,496 [WARN] ConditionMgr:1039 - genDependencies : Invalid condition id : UX DEVICE CLASS RTOS Condition cause : null
2023-10-04 17:17:28,497 [WARN] ConditionMgr:1039 - genDependencies : Invalid condition id : UX DEVICE CLASS RTOS Condition cause : null
2023-10-04 17:17:28,498 [WARN] ConditionMgr:1039 - genDependencies : Invalid condition id : UX DEVICE CLASS RTOS Condition cause : null
2023-10-04 17:17:28,498 [WARN] ConditionMgr:1039 - genDependencies : Invalid condition id : UX DEVICE CLASS RTOS Condition cause : null
2023-10-04 17:17:28,613 [WARN] PackLoader:240 - Cannot read IP mode file for STMicroelectronics.X-CUBE-NFC7.1.0.1
2023-10-04 17:17:28,653 [WARN] PackLoader:240 - Cannot read IP mode file for STMicroelectronics.X-CUBE-NFC6.3.0.0
2023-10-04 17:17:28,684 [WARN] PackLoader:240 - Cannot read IP mode file for STMicroelectronics.X-CUBE-EEPRMA1.4.1.0
2023-10-04 17:17:28,720 [WARN] PackLoader:240 - Cannot read IP mode file for STMicroelectronics.X-CUBE-AI.8.1.0
2023-10-04 17:17:28,905 [WARN] ConditionMgr:438 - getConditionDescription Invalid condition id : LAN8742 Phy interface Condition cause : null
2023-10-04 17:17:28,906 [WARN] PackLoader:240 - Cannot read IP mode file for STMicroelectronics.X-CUBE-AZRTOS-L4.2.0.0
2023-10-04 17:17:28,908 [WARN] ConditionMgr:1039 - genDependencies : Invalid condition id : LAN8742 Phy interface Condition cause : null
2023-10-04 17:17:28,909 [WARN] ConditionMgr:1039 - genDependencies : Invalid condition id : LAN8742 Phy interface Condition cause : null
2023-10-04 17:17:28,910 [WARN] ConditionMgr:1039 - genDependencies : Invalid condition id : LAN8742 Phy interface Condition cause : null
2023-10-04 17:17:29,049 [WARN] PackLoader:240 - Cannot read IP mode file for STMicroelectronics.X-CUBE-SFXS2LP1.4.0.0
2023-10-04 17:17:29,152 [WARN] PackLoader:240 - Cannot read IP mode file for STMicroelectronics.X-CUBE-ISPU.1.1.0
2023-10-04 17:17:29,345 [WARN] ConditionMgr:438 - getConditionDescription Invalid condition id : UX DEVICE CLASS RTOS Condition cause : null
2023-10-04 17:17:29,345 [WARN] ConditionMgr:438 - getConditionDescription Invalid condition id : UX DEVICE CLASS RTOS Condition cause : null
2023-10-04 17:17:29,349 [WARN] PackLoader:240 - Cannot read IP mode file for STMicroelectronics.X-CUBE-AZRTOS-WB.2.0.0
2023-10-04 17:17:29,350 [WARN] ConditionMgr:1039 - genDependencies : Invalid condition id : UX DEVICE CLASS RTOS Condition cause : null
2023-10-04 17:17:29,350 [WARN] ConditionMgr:1039 - genDependencies : Invalid condition id : UX DEVICE CLASS RTOS Condition cause : null
2023-10-04 17:17:29,351 [WARN] ConditionMgr:1039 - genDependencies : Invalid condition id : UX DEVICE CLASS RTOS Condition cause : null
2023-10-04 17:17:29,351 [WARN] ConditionMgr:1039 - genDependencies : Invalid condition id : UX DEVICE CLASS RTOS Condition cause : null
2023-10-04 17:17:29,352 [WARN] ConditionMgr:1039 - genDependencies : Invalid condition id : UX DEVICE CLASS RTOS Condition cause : null
2023-10-04 17:17:29,373 [WARN] PackLoader:240 - Cannot read IP mode file for STMicroelectronics.X-CUBE-FREERTOS.1.0.1
2023-10-04 17:17:29,460 [WARN] PackLoader:240 - Cannot read IP mode file for STMicroelectronics.X-CUBE-AZRTOS-L5.1.1.0
2023-10-04 17:17:29,522 [WARN] PackLoader:240 - Cannot read IP mode file for STMicroelectronics.X-CUBE-AI.8.0.1
2023-10-04 17:17:29,600 [WARN] PackLoader:240 - Cannot read IP mode file for STMicroelectronics.X-CUBE-SUBG2.5.0.0
2023-10-04 17:17:29,683 [WARN] PackLoader:240 - Cannot read IP mode file for STMicroelectronics.X-CUBE-TOF1.3.3.1
2023-10-04 17:17:29,883 [WARN] PackLoader:240 - Cannot read IP mode file for STMicroelectronics.X-CUBE-AZRTOS-G4.2.0.0
2023-10-04 17:17:29,916 [WARN] PackLoader:240 - Cannot read IP mode file for STMicroelectronics.X-CUBE-TOF1.3.3.0
2023-10-04 17:17:29,940 [WARN] PackLoader:240 - Cannot read IP mode file for STMicroelectronics.X-CUBE-FREERTOS.1.1.0
2023-10-04 17:17:29,981 [WARN] PackLoader:240 - Cannot read IP mode file for portGmbH.I-Cube-SoM-uGOAL.1.1.0
2023-10-04 17:17:30,038 [WARN] PackLoader:240 - Cannot read IP mode file for STMicroelectronics.X-CUBE-ALS.1.0.1
2023-10-04 17:17:30,113 [WARN] PackLoader:240 - Cannot read IP mode file for STMicroelectronics.X-CUBE-AZRTOS-WB.1.1.0
2023-10-04 17:17:30,164 [WARN] PackLoader:240 - Cannot read IP mode file for STMicroelectronics.FP-ATR-ASTRA1.2.0.0
2023-10-04 17:17:30,165 [INFO] ThirdParty:978 - Integrity check success = true
2023-10-04 17:17:30,165 [INFO] IntegrityCheckThread:100 - exiting critical section [integrity check]
2023-10-04 17:17:30,165 [INFO] IntegrityCheckThread:103 - End integrity checks thread
2023-10-04 17:17:30,344 [INFO] ApiDb:240 - Found 297 in-development CPN: [B-G473E-ZEST1S, B-WB1M-WPAN1, B-WL5M-SUBG1, NUCLEO-C031C6, NUCLEO-H503RB, NUCLEO-H563ZI, NUCLEO-U545RE-Q, NUCLEO-U5A5ZJ-Q, NUCLEO-WBA52CG, STEVAL-PROTEUS1, STEVAL-STWINBX1, STM320518-EVAL, STM32C0116-DK, STM32C011D6Y3TR, STM32C011D6Y6TR, STM32C011F4P3, STM32C011F4P6, STM32C011F4U3, STM32C011F4U6TR, STM32C011F6P3, STM32C011F6P6, STM32C011F6U3, STM32C011F6U6TR, STM32C011J4M3, STM32C011J4M6, STM32C011J6M3, STM32C011J6M6, STM32C0316-DK, STM32C031C4T3, STM32C031C4T6, STM32C031C4U3, STM32C031C4U6, STM32C031C6T3, STM32C031C6T6, STM32C031C6U3, STM32C031C6U6, STM32C031F4P3, STM32C031F4P6, STM32C031F6P3, STM32C031F6P6, STM32C031G4U3, STM32C031G4U6, STM32C031G6U3, STM32C031G6U6, STM32C031K4T3, STM32C031K4T6, STM32C031K4U3, STM32C031K4U6, STM32C031K6T3, STM32C031K6T6, STM32C031K6U3, STM32C031K6U6, STM32G071K8TXN, STM32G071K8UXN, STM32G081GBU6N, STM32G081KBT6N, STM32G081KBUXN, STM32G0B1CCT6N, STM32G0B1KCT6, STM32G0B1NEY6TR, STM32G0B1RCT6N, STM32G0C1CCT6, STM32G0C1CCT6N, STM32G0C1CCU6N, STM32G0C1CET6N, STM32G0C1CEU6N, STM32G0C1KCT6, STM32G0C1NEY6TR, STM32G0C1RCI6N, STM32G0C1RCT6N, STM32G0C1REI6N, STM32G0C1RET6N, STM32G0C1VCI6, STM32G0C1VEI6, STM32G471CCT6, STM32G471CCU6, STM32G471CET3, STM32G471CET6, STM32G471CEU3, STM32G471CEU6, STM32G471MCT6, STM32G471MET3, STM32G471MET6, STM32G471MEY6TR, STM32G471QCT6, STM32G471QET3, STM32G471RCT6, STM32G471RET3, STM32G471RET6, STM32G471VCH6, STM32G471VCI6, STM32G471VCT6, STM32G471VEH3, STM32G471VEH6, STM32G471VEI3, STM32G471VEI6, STM32G471VET3, STM32G471VET6, STM32G474CCT6, STM32H503CBT6, STM32H503CBU6, STM32H503EBY6TR, STM32H503KBU6, STM32H503RBT6, STM32H562AGI6, STM32H562AII6, STM32H562IGK6, STM32H562IGT6, STM32H562IIK6, STM32H562IIT6, STM32H562RGT6, STM32H562RGV6, STM32H562RIT6, STM32H562RIV6, STM32H562VGT6, STM32H562VIT6, STM32H562ZGT6, STM32H562ZIT6, STM32H563AGI6, STM32H563AII3Q, STM32H563AII6, STM32H563IGK6, STM32H563IGT6, STM32H563IIK3Q, STM32H563IIK6, STM32H563IIT3Q, STM32H563IIT6, STM32H563MIY3QTR, STM32H563RGT6, STM32H563RGV6, STM32H563RIT6, STM32H563RIV6, STM32H563VGT6, STM32H563VIT3Q, STM32H563VIT6, STM32H563ZGT6, STM32H563ZIT3Q, STM32H563ZIT6, STM32H573AII3Q, STM32H573AII6, STM32H573I-DK, STM32H573IIK3Q, STM32H573IIK6, STM32H573IIT3Q, STM32H573IIT6, STM32H573MIY3QTR, STM32H573RIT6, STM32H573RIV6, STM32H573VIT3Q, STM32H573VIT6, STM32H573ZIT3Q, STM32H573ZIT6, STM32L4R5QGI6STR, STM32MP131AAE3, STM32MP131AAF3, STM32MP131AAG3, STM32MP131CAE3, STM32MP131CAF3, STM32MP131CAG3, STM32MP131DAE7, STM32MP131DAF7, STM32MP131DAG7, STM32MP131FAE7, STM32MP131FAF7, STM32MP131FAG7, STM32MP133AAE3, STM32MP133AAF3, STM32MP133AAG3, STM32MP133CAE3, STM32MP133CAF3, STM32MP133CAG3, STM32MP133DAE7, STM32MP133DAF7, STM32MP133DAG7, STM32MP133FAE7, STM32MP133FAF7, STM32MP133FAG7, STM32MP135AAE3, STM32MP135AAF3, STM32MP135AAG3, STM32MP135CAE3, STM32MP135CAF3, STM32MP135CAG3, STM32MP135DAE7, STM32MP135DAF7, STM32MP135DAG7, STM32MP135F-DK, STM32MP135FAE7, STM32MP135FAF7, STM32MP135FAF7T, STM32MP135FAF7U, STM32MP135FAG7, STM32U535CBT6, STM32U535CBT6Q, STM32U535CBU6, STM32U535CBU6Q, STM32U535CCT6, STM32U535CCT6Q, STM32U535CCU6, STM32U535CCU6Q, STM32U535CET6, STM32U535CET6Q, STM32U535CEU6, STM32U535CEU6Q, STM32U535JEY6QTR, STM32U535NCY6QTR, STM32U535NEY6QTR, STM32U535RBI6, STM32U535RBI6Q, STM32U535RBT6, STM32U535RBT6Q, STM32U535RCI6, STM32U535RCI6Q, STM32U535RCT6, STM32U535RCT6Q, STM32U535REI6, STM32U535REI6Q, STM32U535RET6, STM32U535RET6Q, STM32U535VCI6, STM32U535VCI6Q, STM32U535VCT6, STM32U535VCT6Q, STM32U535VEI6, STM32U535VEI6Q, STM32U535VET6, STM32U535VET6Q, STM32U545CET6, STM32U545CET6Q, STM32U545CEU6, STM32U545CEU6Q, STM32U545JEY6QTR, STM32U545NEY6QTR, STM32U545REI6, STM32U545REI6Q, STM32U545RET6, STM32U545RET6Q, STM32U545VEI6, STM32U545VEI6Q, STM32U545VET6, STM32U545VET6Q, STM32U595AIH6, STM32U595AIH6Q, STM32U595AJH6, STM32U595AJH6Q, STM32U595QII6, STM32U595QII6Q, STM32U595QJI6, STM32U595QJI6Q, STM32U595RIT6, STM32U595RIT6Q, STM32U595RJT6, STM32U595RJT6Q, STM32U595VIT6, STM32U595VIT6Q, STM32U595VJT6, STM32U595VJT6Q, STM32U595ZIT6, STM32U595ZIT6Q, STM32U595ZIY6QTR, STM32U595ZJT6, STM32U595ZJT6Q, STM32U595ZJY6QTR, STM32U599BJY6QTR, STM32U599NIH6Q, STM32U599NJH6Q, STM32U599VIT6Q, STM32U599VJT6, STM32U599VJT6Q, STM32U599ZIT6Q, STM32U599ZIY6QTR, STM32U599ZJT6Q, STM32U599ZJY6QTR, STM32U5A5AJH6, STM32U5A5AJH6Q, STM32U5A5QJI6, STM32U5A5QJI6Q, STM32U5A5RJT6, STM32U5A5RJT6Q, STM32U5A5VJT6, STM32U5A5VJT6Q, STM32U5A5ZJT6, STM32U5A5ZJT6Q, STM32U5A5ZJY6QTR, STM32U5A9BJY6QTR, STM32U5A9J-DK, STM32U5A9NJH6Q, STM32U5A9VJT6Q, STM32U5A9ZJT6Q, STM32U5A9ZJY6QTR, STM32WB1MMCH6, STM32WBA52CEU6, STM32WBA52CEU6T, STM32WBA52CGU6, STM32WBA52CGU6T, STM32WL5MOCH6, STM32WL5MOCH6TR]
2023-10-04 17:17:30,349 [INFO] DbMcus:216 - Found 3825 MCUs, 3825 are supported
2023-10-04 17:17:30,361 [INFO] ApiDb:423 - Load user favorites file C:\Users\thinh/.stm32cubeide/favorites.mcus.txt: 1 item(s)
2023-10-04 17:17:30,361 [INFO] ApiDb:427 - User favorites MCUs=[STM32F103RCT6]
2023-10-04 17:17:30,362 [INFO] DbMcus:222 - Set 1 / 1 favorites MCUs
2023-10-04 17:17:30,740 [INFO] ApiDb:668 - CubeFinder database Data Model version=2.1
2023-10-04 17:17:30,740 [INFO] ApiDb:669 - CubeFinder database Configuration version=3.0.37
2023-10-04 17:17:30,740 [INFO] ApiDb:670 - CubeFinder database generation date=2023-08-09 (1691586011)
2023-10-04 17:17:30,740 [INFO] ApiDb:671 - CubeFinder database FW Pack versions=[FP-ATR-ASTRA1_V2.0.0, FP-SNS-FLIGHT1_V5.0.1, FP-SNS-FLIGHT1_V5.0.2, FP-SNS-MOTENV1_V4.3.1, FP-SNS-MOTENV1_V4.3.2, STM32Cube_FW_C0_V1.1.0, STM32Cube_FW_F4_V1.27.1, STM32Cube_FW_F7_V1.17.0, STM32Cube_FW_G0_V1.6.1, STM32Cube_FW_G4_V1.5.1, STM32Cube_FW_H5_V0.5.1, STM32Cube_FW_H5_V1.1.0, STM32Cube_FW_H7_V1.11.0, STM32Cube_FW_L0_V1.12.2, STM32Cube_FW_L5_V1.5.0, STM32Cube_FW_U5_V1.3.0, STM32Cube_FW_U5_V1.3.0RC4, STM32Cube_FW_WBA_V1.0.0RC1, STM32Cube_FW_WBA_V1.1.0, STM32Cube_FW_WBA_V1.1.0RC1, STM32Cube_FW_WB_V1.15.0RC1, STM32Cube_FW_WB_V1.16.0, STM32Cube_FW_WB_V1.16.0RC2, STM32Cube_FW_WB_V1.17.0, STM32Cube_FW_WL_V1.3.0, X-CUBE-ALGOBUILD_V1.3.0, X-CUBE-ALS_V1.0.1, X-CUBE-AZRTOS-F4_V1.1.0, X-CUBE-AZRTOS-F7_V1.1.0, X-CUBE-AZRTOS-G0_V1.1.0, X-CUBE-AZRTOS-G4_V2.0.0, X-CUBE-AZRTOS-H7_V3.1.0, X-CUBE-AZRTOS-L4_V1.0.0, X-CUBE-AZRTOS-L4_V2.0.0, X-CUBE-AZRTOS-L5_V1.1.0, X-CUBE-AZRTOS-WB_V1.1.0, X-CUBE-AZRTOS-WL_V2.0.0, X-CUBE-BLE1_V7.0.0, X-CUBE-BLE2_V3.3.0, X-CUBE-BLEMGR_V2.0.0, X-CUBE-EEPRMA1_V4.1.0, X-CUBE-FREERTOS_V1.1.0, X-CUBE-GNSS1_V6.0.0, X-CUBE-MEMS1_V9.1.0, X-CUBE-MEMS1_V9.4.0, X-CUBE-MEMS1_V9.6.0, X-CUBE-NFC4_V3.0.0, X-CUBE-NFC7_V1.0.0, X-CUBE-SFXS2LP1_V4.0.0, X-CUBE-SUBG2_V5.0.0, X-CUBE-TOF1_V3.3.1]
2023-10-04 17:17:30,832 [INFO] DbBoardsSqlite:226 - include board P-NUCLEO-WB55-NUCLEO as a kit item of type 'Nucleo-64'
2023-10-04 17:17:30,833 [INFO] DbBoardsSqlite:226 - include board P-NUCLEO-WB55-USBDONGLE as a kit item of type 'Nucleo USB Dongle'
2023-10-04 17:17:30,833 [INFO] DbBoardsSqlite:226 - include board STEVAL-IDP005V1 as a kit item of type 'Evaluation Board'
2023-10-04 17:17:30,833 [INFO] DbBoardsSqlite:226 - include board STEVAL-IDP005V2 as a kit item of type 'Evaluation Board'
2023-10-04 17:17:30,888 [INFO] ApiDb:240 - Found 297 in-development CPN: [B-G473E-ZEST1S, B-WB1M-WPAN1, B-WL5M-SUBG1, NUCLEO-C031C6, NUCLEO-H503RB, NUCLEO-H563ZI, NUCLEO-U545RE-Q, NUCLEO-U5A5ZJ-Q, NUCLEO-WBA52CG, STEVAL-PROTEUS1, STEVAL-STWINBX1, STM320518-EVAL, STM32C0116-DK, STM32C011D6Y3TR, STM32C011D6Y6TR, STM32C011F4P3, STM32C011F4P6, STM32C011F4U3, STM32C011F4U6TR, STM32C011F6P3, STM32C011F6P6, STM32C011F6U3, STM32C011F6U6TR, STM32C011J4M3, STM32C011J4M6, STM32C011J6M3, STM32C011J6M6, STM32C0316-DK, STM32C031C4T3, STM32C031C4T6, STM32C031C4U3, STM32C031C4U6, STM32C031C6T3, STM32C031C6T6, STM32C031C6U3, STM32C031C6U6, STM32C031F4P3, STM32C031F4P6, STM32C031F6P3, STM32C031F6P6, STM32C031G4U3, STM32C031G4U6, STM32C031G6U3, STM32C031G6U6, STM32C031K4T3, STM32C031K4T6, STM32C031K4U3, STM32C031K4U6, STM32C031K6T3, STM32C031K6T6, STM32C031K6U3, STM32C031K6U6, STM32G071K8TXN, STM32G071K8UXN, STM32G081GBU6N, STM32G081KBT6N, STM32G081KBUXN, STM32G0B1CCT6N, STM32G0B1KCT6, STM32G0B1NEY6TR, STM32G0B1RCT6N, STM32G0C1CCT6, STM32G0C1CCT6N, STM32G0C1CCU6N, STM32G0C1CET6N, STM32G0C1CEU6N, STM32G0C1KCT6, STM32G0C1NEY6TR, STM32G0C1RCI6N, STM32G0C1RCT6N, STM32G0C1REI6N, STM32G0C1RET6N, STM32G0C1VCI6, STM32G0C1VEI6, STM32G471CCT6, STM32G471CCU6, STM32G471CET3, STM32G471CET6, STM32G471CEU3, STM32G471CEU6, STM32G471MCT6, STM32G471MET3, STM32G471MET6, STM32G471MEY6TR, STM32G471QCT6, STM32G471QET3, STM32G471RCT6, STM32G471RET3, STM32G471RET6, STM32G471VCH6, STM32G471VCI6, STM32G471VCT6, STM32G471VEH3, STM32G471VEH6, STM32G471VEI3, STM32G471VEI6, STM32G471VET3, STM32G471VET6, STM32G474CCT6, STM32H503CBT6, STM32H503CBU6, STM32H503EBY6TR, STM32H503KBU6, STM32H503RBT6, STM32H562AGI6, STM32H562AII6, STM32H562IGK6, STM32H562IGT6, STM32H562IIK6, STM32H562IIT6, STM32H562RGT6, STM32H562RGV6, STM32H562RIT6, STM32H562RIV6, STM32H562VGT6, STM32H562VIT6, STM32H562ZGT6, STM32H562ZIT6, STM32H563AGI6, STM32H563AII3Q, STM32H563AII6, STM32H563IGK6, STM32H563IGT6, STM32H563IIK3Q, STM32H563IIK6, STM32H563IIT3Q, STM32H563IIT6, STM32H563MIY3QTR, STM32H563RGT6, STM32H563RGV6, STM32H563RIT6, STM32H563RIV6, STM32H563VGT6, STM32H563VIT3Q, STM32H563VIT6, STM32H563ZGT6, STM32H563ZIT3Q, STM32H563ZIT6, STM32H573AII3Q, STM32H573AII6, STM32H573I-DK, STM32H573IIK3Q, STM32H573IIK6, STM32H573IIT3Q, STM32H573IIT6, STM32H573MIY3QTR, STM32H573RIT6, STM32H573RIV6, STM32H573VIT3Q, STM32H573VIT6, STM32H573ZIT3Q, STM32H573ZIT6, STM32L4R5QGI6STR, STM32MP131AAE3, STM32MP131AAF3, STM32MP131AAG3, STM32MP131CAE3, STM32MP131CAF3, STM32MP131CAG3, STM32MP131DAE7, STM32MP131DAF7, STM32MP131DAG7, STM32MP131FAE7, STM32MP131FAF7, STM32MP131FAG7, STM32MP133AAE3, STM32MP133AAF3, STM32MP133AAG3, STM32MP133CAE3, STM32MP133CAF3, STM32MP133CAG3, STM32MP133DAE7, STM32MP133DAF7, STM32MP133DAG7, STM32MP133FAE7, STM32MP133FAF7, STM32MP133FAG7, STM32MP135AAE3, STM32MP135AAF3, STM32MP135AAG3, STM32MP135CAE3, STM32MP135CAF3, STM32MP135CAG3, STM32MP135DAE7, STM32MP135DAF7, STM32MP135DAG7, STM32MP135F-DK, STM32MP135FAE7, STM32MP135FAF7, STM32MP135FAF7T, STM32MP135FAF7U, STM32MP135FAG7, STM32U535CBT6, STM32U535CBT6Q, STM32U535CBU6, STM32U535CBU6Q, STM32U535CCT6, STM32U535CCT6Q, STM32U535CCU6, STM32U535CCU6Q, STM32U535CET6, STM32U535CET6Q, STM32U535CEU6, STM32U535CEU6Q, STM32U535JEY6QTR, STM32U535NCY6QTR, STM32U535NEY6QTR, STM32U535RBI6, STM32U535RBI6Q, STM32U535RBT6, STM32U535RBT6Q, STM32U535RCI6, STM32U535RCI6Q, STM32U535RCT6, STM32U535RCT6Q, STM32U535REI6, STM32U535REI6Q, STM32U535RET6, STM32U535RET6Q, STM32U535VCI6, STM32U535VCI6Q, STM32U535VCT6, STM32U535VCT6Q, STM32U535VEI6, STM32U535VEI6Q, STM32U535VET6, STM32U535VET6Q, STM32U545CET6, STM32U545CET6Q, STM32U545CEU6, STM32U545CEU6Q, STM32U545JEY6QTR, STM32U545NEY6QTR, STM32U545REI6, STM32U545REI6Q, STM32U545RET6, STM32U545RET6Q, STM32U545VEI6, STM32U545VEI6Q, STM32U545VET6, STM32U545VET6Q, STM32U595AIH6, STM32U595AIH6Q, STM32U595AJH6, STM32U595AJH6Q, STM32U595QII6, STM32U595QII6Q, STM32U595QJI6, STM32U595QJI6Q, STM32U595RIT6, STM32U595RIT6Q, STM32U595RJT6, STM32U595RJT6Q, STM32U595VIT6, STM32U595VIT6Q, STM32U595VJT6, STM32U595VJT6Q, STM32U595ZIT6, STM32U595ZIT6Q, STM32U595ZIY6QTR, STM32U595ZJT6, STM32U595ZJT6Q, STM32U595ZJY6QTR, STM32U599BJY6QTR, STM32U599NIH6Q, STM32U599NJH6Q, STM32U599VIT6Q, STM32U599VJT6, STM32U599VJT6Q, STM32U599ZIT6Q, STM32U599ZIY6QTR, STM32U599ZJT6Q, STM32U599ZJY6QTR, STM32U5A5AJH6, STM32U5A5AJH6Q, STM32U5A5QJI6, STM32U5A5QJI6Q, STM32U5A5RJT6, STM32U5A5RJT6Q, STM32U5A5VJT6, STM32U5A5VJT6Q, STM32U5A5ZJT6, STM32U5A5ZJT6Q, STM32U5A5ZJY6QTR, STM32U5A9BJY6QTR, STM32U5A9J-DK, STM32U5A9NJH6Q, STM32U5A9VJT6Q, STM32U5A9ZJT6Q, STM32U5A9ZJY6QTR, STM32WB1MMCH6, STM32WBA52CEU6, STM32WBA52CEU6T, STM32WBA52CGU6, STM32WBA52CGU6T, STM32WL5MOCH6, STM32WL5MOCH6TR]
2023-10-04 17:17:31,191 [INFO] BoardInfo:880 - No configuration file found for board P-NUCLEO-WB55
2023-10-04 17:17:31,191 [INFO] DbBoards:157 - Kit is not supported: P-NUCLEO-WB55
2023-10-04 17:17:31,197 [INFO] BoardInfo:880 - No configuration file found for board STEVAL-BFA001V1B
2023-10-04 17:17:31,197 [INFO] DbBoards:157 - Kit is not supported: STEVAL-BFA001V1B
2023-10-04 17:17:31,199 [INFO] BoardInfo:880 - No configuration file found for board STEVAL-BFA001V2B
2023-10-04 17:17:31,199 [INFO] DbBoards:157 - Kit is not supported: STEVAL-BFA001V2B
2023-10-04 17:17:31,208 [INFO] BoardInfo:880 - No configuration file found for board STEVAL-SMARTAG2
2023-10-04 17:17:31,208 [INFO] DbBoards:157 - Board is not supported: STEVAL-SMARTAG2
2023-10-04 17:17:31,403 [INFO] DbBoards:161 - Found 188 boards, 184 are supported
2023-10-04 17:17:31,427 [INFO] ApiDb:423 - Load user favorites file C:\Users\thinh/.stm32cubeide/favorites.boards.txt: 1 item(s)
2023-10-04 17:17:31,427 [INFO] ApiDb:427 - User favorites Boards=[STM32F407G-DISC1]
2023-10-04 17:17:31,428 [INFO] DbBoards:190 - Set 1 / 1 favorites Boards
2023-10-04 17:17:31,436 [INFO] ApiDb:668 - CubeFinder database Data Model version=2.1
2023-10-04 17:17:31,436 [INFO] ApiDb:669 - CubeFinder database Configuration version=3.0.37
2023-10-04 17:17:31,437 [INFO] ApiDb:670 - CubeFinder database generation date=2023-08-09 (1691586011)
2023-10-04 17:17:31,438 [INFO] ApiDb:671 - CubeFinder database FW Pack versions=[FP-ATR-ASTRA1_V2.0.0, FP-SNS-FLIGHT1_V5.0.1, FP-SNS-FLIGHT1_V5.0.2, FP-SNS-MOTENV1_V4.3.1, FP-SNS-MOTENV1_V4.3.2, STM32Cube_FW_C0_V1.1.0, STM32Cube_FW_F4_V1.27.1, STM32Cube_FW_F7_V1.17.0, STM32Cube_FW_G0_V1.6.1, STM32Cube_FW_G4_V1.5.1, STM32Cube_FW_H5_V0.5.1, STM32Cube_FW_H5_V1.1.0, STM32Cube_FW_H7_V1.11.0, STM32Cube_FW_L0_V1.12.2, STM32Cube_FW_L5_V1.5.0, STM32Cube_FW_U5_V1.3.0, STM32Cube_FW_U5_V1.3.0RC4, STM32Cube_FW_WBA_V1.0.0RC1, STM32Cube_FW_WBA_V1.1.0, STM32Cube_FW_WBA_V1.1.0RC1, STM32Cube_FW_WB_V1.15.0RC1, STM32Cube_FW_WB_V1.16.0, STM32Cube_FW_WB_V1.16.0RC2, STM32Cube_FW_WB_V1.17.0, STM32Cube_FW_WL_V1.3.0, X-CUBE-ALGOBUILD_V1.3.0, X-CUBE-ALS_V1.0.1, X-CUBE-AZRTOS-F4_V1.1.0, X-CUBE-AZRTOS-F7_V1.1.0, X-CUBE-AZRTOS-G0_V1.1.0, X-CUBE-AZRTOS-G4_V2.0.0, X-CUBE-AZRTOS-H7_V3.1.0, X-CUBE-AZRTOS-L4_V1.0.0, X-CUBE-AZRTOS-L4_V2.0.0, X-CUBE-AZRTOS-L5_V1.1.0, X-CUBE-AZRTOS-WB_V1.1.0, X-CUBE-AZRTOS-WL_V2.0.0, X-CUBE-BLE1_V7.0.0, X-CUBE-BLE2_V3.3.0, X-CUBE-BLEMGR_V2.0.0, X-CUBE-EEPRMA1_V4.1.0, X-CUBE-FREERTOS_V1.1.0, X-CUBE-GNSS1_V6.0.0, X-CUBE-MEMS1_V9.1.0, X-CUBE-MEMS1_V9.4.0, X-CUBE-MEMS1_V9.6.0, X-CUBE-NFC4_V3.0.0, X-CUBE-NFC7_V1.0.0, X-CUBE-SFXS2LP1_V4.0.0, X-CUBE-SUBG2_V5.0.0, X-CUBE-TOF1_V3.3.1]
2023-10-04 17:17:33,684 [INFO] DbExamplesSqlite:376 - Ignored 27 examples not supported by CubeIDE
2023-10-04 17:17:33,685 [INFO] DbExamplesSqlite:377 - Found 7231 examples active
2023-10-04 17:17:33,685 [INFO] DbExamplesSqlite:378 - Found 677 examples obsolete
2023-10-04 17:17:33,685 [INFO] DbExamplesSqlite:379 - Found 0 examples under development
2023-10-04 17:17:33,686 [INFO] DbExamplesSqlite:380 - Found 74 examples not building
2023-10-04 17:17:33,688 [INFO] DbExamples:125 - Found 7278 examples
2023-10-04 17:17:33,844 [ERROR] DbExamples:208 - Found 22 examples with invalid data (board or MCU)
2023-10-04 17:17:33,845 [INFO] DbExamples:222 - Found 91 boards with related examples
2023-10-04 17:17:33,847 [INFO] DbExamples:235 - Found 77 MCUs with related examples
2023-10-04 17:17:33,874 [INFO] ApiDb:423 - Load user favorites file C:\Users\thinh/.stm32cubeide/favorites.examples.txt: 0 item(s)
2023-10-04 17:17:33,874 [INFO] ApiDb:427 - User favorites Examples=[]
2023-10-04 17:17:33,875 [INFO] DbExamples:250 - Set 0 / 0 favorites Examples
2023-10-04 17:17:34,716 [INFO] McuFinderGlobals:66 - Set McuFinderConnectedMode to true
2023-10-04 17:17:34,759 [INFO] MultiScanPanel:200 - Auto-refresh data requested => check proxy status ongoing
2023-10-04 17:17:34,765 [INFO] FinderPluginLoader:95 - Searching for filters in installed packs
2023-10-04 17:17:37,881 [INFO] LoadUrlFilesThread:185 - End of LoadServerUrlFiles without Thread
2023-10-04 17:17:37,967 [INFO] DetailPanel:341 - Set advertising image to C:/Users/thinh/STM32Cube/Repository/\en.prom-stm32h5-mcu-finder.jpg
2023-10-04 17:17:44,014 [INFO] MultiScanPanel:200 - Auto-refresh data requested => check proxy status ongoing
2023-10-04 17:17:44,486 [INFO] LoadUrlFilesThread:185 - End of LoadServerUrlFiles without Thread
2023-10-04 17:17:44,486 [INFO] DetailPanel:341 - Set advertising image to C:/Users/thinh/STM32Cube/Repository/\en.prom-stm32h5-mcu-finder.jpg
2023-10-04 17:17:58,718 [INFO] BoardResultTable:719 - Unmark Board STM32F407G-DISC1 as favorite
2023-10-04 17:18:02,265 [INFO] BoardResultTable:719 - Mark Board STM32F407G-DISC1 as favorite
2023-10-04 17:18:05,374 [INFO] ServerAccessManage:473 - Download File DB1421.pdf
2023-10-04 17:18:06,202 [INFO] LoadUrlFilesThread:156 - End of LoadUrlFiles Thread
2023-10-04 17:18:06,561 [INFO] BoardAction:139 - Datasheet
2023-10-04 17:19:17,316 [INFO] McuFinderGlobals:66 - Set McuFinderConnectedMode to true
2023-10-04 17:19:17,332 [INFO] ApiDb:448 - Save user favorites file C:\Users\thinh/.stm32cubeide/favorites.mcus.txt: 1 item(s)
2023-10-04 17:19:17,332 [INFO] ApiDb:452 - User favorites MCUs=[STM32F103RCT6]
2023-10-04 17:19:17,332 [INFO] ApiDb:448 - Save user favorites file C:\Users\thinh/.stm32cubeide/favorites.boards.txt: 1 item(s)
2023-10-04 17:19:17,332 [INFO] ApiDb:452 - User favorites Boards=[STM32F407G-DISC1]
2023-10-04 21:15:49,562 [ERROR] ConfigurationRetriever:142 - IOException on connection: Remote host terminated the handshake
