2023-09-26 09:56:21,713 [INFO] Activator:176 - 


2023-09-26 09:56:21,713 [INFO] Activator:177 - !SESSION log4j initialized
2023-09-26 09:56:26,987 [INFO] LogOutputStream:77 - [STDOUT_REDIRECT] 
2023-09-26 09:56:40,279 [INFO] ApplicationProperties:184 - Using Application install path: C:\ST\STM32CubeIDE_1.12.1\STM32CubeIDE\plugins\com.st.stm32cube.common.mx_6.8.1.202304191431
2023-09-26 09:56:40,310 [INFO] DbMcusXml:78 - Set database path to: C:\ST\STM32CubeIDE_1.12.1\STM32CubeIDE\plugins\com.st.stm32cube.common.mx_6.8.1.202304191431\\db\/mcu/
2023-09-26 09:56:40,310 [INFO] ApiDb:274 - Set plugin database path to: C:\ST\STM32CubeIDE_1.12.1\STM32CubeIDE\plugins\com.st.stm32cube.common.mx_6.8.1.202304191431\\db\/plugins/boardmanager/
2023-09-26 09:56:40,310 [WARN] ApiDb:259 - Overriding images path with different value:  => C:\ST\STM32CubeIDE_1.12.1\STM32CubeIDE\plugins\com.st.stm32cube.common.mx_6.8.1.202304191431\\db\/plugins/mcufinder/images/
2023-09-26 09:56:40,341 [INFO] ApiDb:250 - Set database path to: C:\Users\thinh\.stmcufinder\plugins\mcufinder//mcu/
2023-09-26 09:56:40,341 [INFO] DbMcusAds:125 - Set database path to: C:\Users\thinh\.stmcufinder\plugins\mcufinder//mcu/
2023-09-26 09:56:40,388 [INFO] CrossReferenceDbSqlite:203 - Set database path to: C:\Users\thinh\.stmcufinder\plugins\mcufinder//mcu/cs/
2023-09-26 09:56:40,560 [INFO] RulesReader:64 - Compatibility file has been processed (293 Rules)
2023-09-26 09:56:40,862 [INFO] DbMcusXml:78 - Set database path to: C:\ST\STM32CubeIDE_1.12.1\STM32CubeIDE\plugins\com.st.stm32cube.common.mx_6.8.1.202304191431\\db\/mcu/
2023-09-26 09:56:40,862 [INFO] ApiDb:274 - Set plugin database path to: C:\ST\STM32CubeIDE_1.12.1\STM32CubeIDE\plugins\com.st.stm32cube.common.mx_6.8.1.202304191431\\db\/plugins/boardmanager/
2023-09-26 09:56:40,862 [INFO] ApiDb:261 - Set plugin images path to: C:\ST\STM32CubeIDE_1.12.1\STM32CubeIDE\plugins\com.st.stm32cube.common.mx_6.8.1.202304191431\\db\/plugins/mcufinder/images/
2023-09-26 09:56:40,862 [WARN] DbFile:41 - Overriding database path with different value: C:\Users\thinh\.stmcufinder\plugins\mcufinder/ => C:\Users\thinh\.stmcufinder\plugins\mcufinder
2023-09-26 09:56:40,878 [INFO] ApiDb:250 - Set database path to: C:\Users\thinh\.stmcufinder\plugins\mcufinder//mcu/
2023-09-26 09:56:40,878 [WARN] DbFile:41 - Overriding database path with different value: C:\Users\thinh\.stmcufinder\plugins\mcufinder/ => C:\Users\thinh\.stmcufinder\plugins\mcufinder
2023-09-26 09:56:40,878 [INFO] DbMcusAds:125 - Set database path to: C:\Users\thinh\.stmcufinder\plugins\mcufinder//mcu/
2023-09-26 09:56:40,878 [WARN] DbFile:41 - Overriding database path with different value: C:\Users\thinh\.stmcufinder\plugins\mcufinder/ => C:\Users\thinh\.stmcufinder\plugins\mcufinder
2023-09-26 09:56:40,878 [WARN] DbFile:41 - Overriding database path with different value: C:\Users\thinh\.stmcufinder\plugins\mcufinder/ => C:\Users\thinh\.stmcufinder\plugins\mcufinder
2023-09-26 09:56:40,878 [INFO] CrossReferenceDbSqlite:203 - Set database path to: C:\Users\thinh\.stmcufinder\plugins\mcufinder//mcu/cs/
2023-09-26 09:56:40,987 [INFO] MainPanel:253 - HeapMemory: 268435456
2023-09-26 09:56:41,143 [INFO] DbMcusXml:78 - Set database path to: C:\ST\STM32CubeIDE_1.12.1\STM32CubeIDE\plugins\com.st.stm32cube.common.mx_6.8.1.202304191431\\db\/mcu/
2023-09-26 09:56:41,143 [INFO] ApiDb:274 - Set plugin database path to: C:\ST\STM32CubeIDE_1.12.1\STM32CubeIDE\plugins\com.st.stm32cube.common.mx_6.8.1.202304191431\\db\/plugins/boardmanager/
2023-09-26 09:56:41,143 [INFO] ApiDb:261 - Set plugin images path to: C:\ST\STM32CubeIDE_1.12.1\STM32CubeIDE\plugins\com.st.stm32cube.common.mx_6.8.1.202304191431\\db\/plugins/mcufinder/images/
2023-09-26 09:56:41,143 [WARN] DbFile:41 - Overriding database path with different value: C:\Users\thinh\.stmcufinder\plugins\mcufinder/ => C:\Users\thinh\.stmcufinder\plugins\mcufinder
2023-09-26 09:56:41,143 [INFO] ApiDb:250 - Set database path to: C:\Users\thinh\.stmcufinder\plugins\mcufinder//mcu/
2023-09-26 09:56:41,143 [WARN] DbFile:41 - Overriding database path with different value: C:\Users\thinh\.stmcufinder\plugins\mcufinder/ => C:\Users\thinh\.stmcufinder\plugins\mcufinder
2023-09-26 09:56:41,143 [INFO] DbMcusAds:125 - Set database path to: C:\Users\thinh\.stmcufinder\plugins\mcufinder//mcu/
2023-09-26 09:56:41,143 [WARN] DbFile:41 - Overriding database path with different value: C:\Users\thinh\.stmcufinder\plugins\mcufinder/ => C:\Users\thinh\.stmcufinder\plugins\mcufinder
2023-09-26 09:56:41,143 [WARN] DbFile:41 - Overriding database path with different value: C:\Users\thinh\.stmcufinder\plugins\mcufinder/ => C:\Users\thinh\.stmcufinder\plugins\mcufinder
2023-09-26 09:56:41,143 [INFO] CrossReferenceDbSqlite:203 - Set database path to: C:\Users\thinh\.stmcufinder\plugins\mcufinder//mcu/cs/
2023-09-26 09:56:41,175 [INFO] ApplicationProperties:184 - Using Application install path: C:\ST\STM32CubeIDE_1.12.1\STM32CubeIDE\plugins\com.st.stm32cube.common.mx_6.8.1.202304191431
2023-09-26 09:56:41,175 [INFO] PluginManage:196 - Search for loadable plugins [exclusion list=, ]
2023-09-26 09:56:41,175 [INFO] PluginManage:310 - Check plugin analytics
2023-09-26 09:56:41,471 [INFO] AnalyticsPlugin:253 - Accepted Software Licenses: STM32CubeMX.6.9.0
2023-09-26 09:56:41,471 [INFO] AnalyticsPlugin:255 - Accepted CMSIS Pack Licenses: 
2023-09-26 09:56:41,471 [INFO] AnalyticsPlugin:257 - Accepted Firmware Licenses: 
2023-09-26 09:56:41,487 [INFO] PluginManage:359 - Loaded plugin analytics (category:tool,tabindex:-1)
2023-09-26 09:56:41,487 [INFO] PluginManage:310 - Check plugin cadmodel
2023-09-26 09:56:41,518 [INFO] CADModel:105 - Init CAD model plugin
2023-09-26 09:56:41,518 [INFO] PluginManage:359 - Loaded plugin cadmodel (category:power,tabindex:5)
2023-09-26 09:56:41,518 [INFO] PluginManage:310 - Check plugin clock
2023-09-26 09:56:41,534 [INFO] PluginManage:359 - Loaded plugin clock (category:base,tabindex:2)
2023-09-26 09:56:41,534 [INFO] PluginManage:310 - Check plugin ddr
2023-09-26 09:56:41,550 [INFO] PluginManage:359 - Loaded plugin ddr (category:tool,tabindex:6)
2023-09-26 09:56:41,550 [INFO] PluginManage:310 - Check plugin filemanager
2023-09-26 09:56:41,768 [INFO] PluginManage:359 - Loaded plugin filemanager (category:base,tabindex:10)
2023-09-26 09:56:41,768 [INFO] PluginManage:310 - Check plugin ipmanager
2023-09-26 09:56:41,784 [INFO] PluginManage:359 - Loaded plugin ipmanager (category:base,tabindex:5)
2023-09-26 09:56:41,784 [INFO] PluginManage:310 - Check plugin lpbam
2023-09-26 09:56:41,802 [INFO] PluginManage:359 - Loaded plugin lpbam (category:base,tabindex:0)
2023-09-26 09:56:41,802 [INFO] PluginManage:310 - Check plugin pinoutandconfiguration
2023-09-26 09:56:41,834 [INFO] PluginManage:359 - Loaded plugin pinoutandconfiguration (category:base,tabindex:1)
2023-09-26 09:56:41,834 [INFO] PluginManage:310 - Check plugin pinoutconfig
2023-09-26 09:56:41,974 [WARN] SupportedApi:132 - Cannot load RTOS API schema: s4s-elt-must-match.1: The content of 'definitions' must match (annotation?, (simpleType | complexType)?, (unique | key | keyref)*)). A problem was found starting at: attribute.
2023-09-26 09:56:42,224 [INFO] PluginManage:359 - Loaded plugin pinoutconfig (category:base,tabindex:0)
2023-09-26 09:56:42,224 [INFO] PluginManage:310 - Check plugin power
2023-09-26 09:56:42,255 [INFO] PluginManage:359 - Loaded plugin power (category:power,tabindex:4)
2023-09-26 09:56:42,255 [INFO] PluginManage:310 - Check plugin projectmanager
2023-09-26 09:56:42,287 [INFO] PluginManage:359 - Loaded plugin projectmanager (category:projectmanager,tabindex:3)
2023-09-26 09:56:42,287 [INFO] PluginManage:310 - Check plugin thirdparty
2023-09-26 09:56:42,615 [INFO] PluginManage:359 - Loaded plugin thirdparty (category:base,tabindex:-1)
2023-09-26 09:56:42,615 [WARN] IntegrityCheckThread:84 - waiting for thirdparty lock release [integrity check]
2023-09-26 09:56:42,615 [INFO] PluginManage:310 - Check plugin tools
2023-09-26 09:56:42,615 [INFO] IntegrityCheckThread:86 - entering critical section [integrity check]
2023-09-26 09:56:42,615 [INFO] ThirdPartyUpdaterWithRetryManager:70 - Updater plugin not ready yet. [1/15]
2023-09-26 09:56:42,646 [INFO] PluginManage:359 - Loaded plugin tools (category:base,tabindex:7)
2023-09-26 09:56:42,646 [INFO] PluginManage:310 - Check plugin tutovideos
2023-09-26 09:56:42,910 [INFO] PluginManage:359 - Loaded plugin tutovideos (category:base,tabindex:-1)
2023-09-26 09:56:42,910 [INFO] PluginManage:310 - Check plugin updater
2023-09-26 09:56:42,941 [INFO] PluginManage:359 - Loaded plugin updater (category:base,tabindex:12)
2023-09-26 09:56:42,941 [INFO] PluginManage:283 - PluginManage : Loaded plugins [15]
2023-09-26 09:56:43,300 [INFO] PinOutPanel:1499 - setPackage(No Configuration,No Configuration)
2023-09-26 09:56:43,394 [INFO] CADModel:165 - CPN selected for project level
2023-09-26 09:56:43,394 [INFO] CADModel:114 - Register for checkConnection events
2023-09-26 09:56:43,425 [INFO] IPUIPlugin:80 - create IPUIPlugin
2023-09-26 09:56:43,425 [INFO] PluginManager:220 - loadIPPluginJar : add adc
2023-09-26 09:56:43,472 [INFO] IPUIPlugin:80 - create IPUIPlugin
2023-09-26 09:56:43,472 [INFO] PluginManager:220 - loadIPPluginJar : add aes
2023-09-26 09:56:43,519 [INFO] IPUIPlugin:80 - create IPUIPlugin
2023-09-26 09:56:43,519 [INFO] PluginManager:220 - loadIPPluginJar : add can
2023-09-26 09:56:43,534 [INFO] IPUIPlugin:80 - create IPUIPlugin
2023-09-26 09:56:43,534 [INFO] PluginManager:220 - loadIPPluginJar : add comp
2023-09-26 09:56:43,581 [INFO] IPUIPlugin:80 - create IPUIPlugin
2023-09-26 09:56:43,581 [INFO] PluginManager:220 - loadIPPluginJar : add cryp
2023-09-26 09:56:43,613 [INFO] IPUIPlugin:80 - create IPUIPlugin
2023-09-26 09:56:43,613 [INFO] PluginManager:220 - loadIPPluginJar : add dfsdm
2023-09-26 09:56:43,628 [INFO] IPUIPlugin:80 - create IPUIPlugin
2023-09-26 09:56:43,628 [INFO] PluginManager:220 - loadIPPluginJar : add dma
2023-09-26 09:56:43,722 [INFO] IPUIPlugin:80 - create IPUIPlugin
2023-09-26 09:56:43,722 [INFO] PluginManager:220 - loadIPPluginJar : add dma3
2023-09-26 09:56:43,737 [INFO] IPUIPlugin:80 - create IPUIPlugin
2023-09-26 09:56:43,737 [INFO] PluginManager:220 - loadIPPluginJar : add fatfs
2023-09-26 09:56:43,802 [INFO] IPUIPlugin:80 - create IPUIPlugin
2023-09-26 09:56:43,802 [INFO] PluginManager:220 - loadIPPluginJar : add fmc
2023-09-26 09:56:43,817 [INFO] IPUIPlugin:80 - create IPUIPlugin
2023-09-26 09:56:43,817 [INFO] PluginManager:220 - loadIPPluginJar : add freertos
2023-09-26 09:56:43,832 [INFO] IPUIPlugin:80 - create IPUIPlugin
2023-09-26 09:56:43,832 [INFO] PluginManager:220 - loadIPPluginJar : add genericplugin
2023-09-26 09:56:43,941 [INFO] IPUIPlugin:80 - create IPUIPlugin
2023-09-26 09:56:43,941 [INFO] PluginManager:220 - loadIPPluginJar : add gfxmmu
2023-09-26 09:56:44,097 [INFO] IPUIPlugin:80 - create IPUIPlugin
2023-09-26 09:56:44,097 [INFO] PluginManager:220 - loadIPPluginJar : add gic
2023-09-26 09:56:44,113 [INFO] IPUIPlugin:80 - create IPUIPlugin
2023-09-26 09:56:44,113 [INFO] PluginManager:220 - loadIPPluginJar : add gpio
2023-09-26 09:56:44,207 [INFO] IPUIPlugin:80 - create IPUIPlugin
2023-09-26 09:56:44,207 [INFO] PluginManager:220 - loadIPPluginJar : add gtzc
2023-09-26 09:56:44,254 [INFO] IPUIPlugin:80 - create IPUIPlugin
2023-09-26 09:56:44,254 [INFO] PluginManager:220 - loadIPPluginJar : add hash
2023-09-26 09:56:44,327 [INFO] IPUIPlugin:80 - create IPUIPlugin
2023-09-26 09:56:44,327 [INFO] PluginManager:220 - loadIPPluginJar : add i2c
2023-09-26 09:56:44,389 [INFO] IPUIPlugin:80 - create IPUIPlugin
2023-09-26 09:56:44,389 [INFO] PluginManager:220 - loadIPPluginJar : add i2s
2023-09-26 09:56:44,436 [INFO] IPUIPlugin:80 - create IPUIPlugin
2023-09-26 09:56:44,436 [INFO] PluginManager:220 - loadIPPluginJar : add i3c
2023-09-26 09:56:44,637 [INFO] IPUIPlugin:80 - create IPUIPlugin
2023-09-26 09:56:44,637 [INFO] PluginManager:220 - loadIPPluginJar : add ipddr
2023-09-26 09:56:44,762 [INFO] IPUIPlugin:80 - create IPUIPlugin
2023-09-26 09:56:44,762 [INFO] PluginManager:220 - loadIPPluginJar : add linkedlist
2023-09-26 09:56:44,881 [INFO] IPUIPlugin:80 - create IPUIPlugin
2023-09-26 09:56:44,881 [INFO] PluginManager:220 - loadIPPluginJar : add lorawan
2023-09-26 09:56:44,961 [INFO] IPUIPlugin:80 - create IPUIPlugin
2023-09-26 09:56:44,961 [INFO] PluginManager:220 - loadIPPluginJar : add ltdc
2023-09-26 09:56:45,007 [INFO] IPUIPlugin:80 - create IPUIPlugin
2023-09-26 09:56:45,007 [INFO] PluginManager:220 - loadIPPluginJar : add mdma
2023-09-26 09:56:45,023 [INFO] IPUIPlugin:80 - create IPUIPlugin
2023-09-26 09:56:45,023 [INFO] PluginManager:220 - loadIPPluginJar : add nvic
2023-09-26 09:56:45,070 [INFO] IPUIPlugin:80 - create IPUIPlugin
2023-09-26 09:56:45,070 [INFO] PluginManager:220 - loadIPPluginJar : add opamp
2023-09-26 09:56:45,148 [INFO] IPUIPlugin:80 - create IPUIPlugin
2023-09-26 09:56:45,148 [INFO] PluginManager:220 - loadIPPluginJar : add openamp
2023-09-26 09:56:45,277 [INFO] IPUIPlugin:80 - create IPUIPlugin
2023-09-26 09:56:45,277 [INFO] PluginManager:220 - loadIPPluginJar : add pdm2pcm
2023-09-26 09:56:45,293 [INFO] IPUIPlugin:80 - create IPUIPlugin
2023-09-26 09:56:45,293 [INFO] PluginManager:220 - loadIPPluginJar : add plateformsettings
2023-09-26 09:56:45,324 [INFO] IPUIPlugin:80 - create IPUIPlugin
2023-09-26 09:56:45,324 [INFO] PluginManager:220 - loadIPPluginJar : add quadspi
2023-09-26 09:56:45,339 [INFO] IPUIPlugin:80 - create IPUIPlugin
2023-09-26 09:56:45,339 [INFO] PluginManager:220 - loadIPPluginJar : add resmgrutility
2023-09-26 09:56:45,386 [INFO] IPUIPlugin:80 - create IPUIPlugin
2023-09-26 09:56:45,386 [INFO] PluginManager:220 - loadIPPluginJar : add sai
2023-09-26 09:56:45,433 [INFO] IPUIPlugin:80 - create IPUIPlugin
2023-09-26 09:56:45,433 [INFO] PluginManager:220 - loadIPPluginJar : add spi
2023-09-26 09:56:45,496 [INFO] IPUIPlugin:80 - create IPUIPlugin
2023-09-26 09:56:45,496 [INFO] PluginManager:220 - loadIPPluginJar : add stm32_wpan
2023-09-26 09:56:45,527 [INFO] IPUIPlugin:80 - create IPUIPlugin
2023-09-26 09:56:45,527 [INFO] PluginManager:220 - loadIPPluginJar : add tim
2023-09-26 09:56:45,605 [INFO] IPUIPlugin:80 - create IPUIPlugin
2023-09-26 09:56:45,605 [INFO] PluginManager:220 - loadIPPluginJar : add touchsensing
2023-09-26 09:56:45,621 [INFO] ThirdPartyUpdaterWithRetryManager:70 - Updater plugin not ready yet. [2/15]
2023-09-26 09:56:45,636 [INFO] IPUIPlugin:80 - create IPUIPlugin
2023-09-26 09:56:45,636 [INFO] PluginManager:220 - loadIPPluginJar : add tracer_emb
2023-09-26 09:56:45,667 [INFO] IPUIPlugin:80 - create IPUIPlugin
2023-09-26 09:56:45,667 [INFO] PluginManager:220 - loadIPPluginJar : add ts
2023-09-26 09:56:45,699 [INFO] IPUIPlugin:80 - create IPUIPlugin
2023-09-26 09:56:45,699 [INFO] PluginManager:220 - loadIPPluginJar : add tsc
2023-09-26 09:56:45,746 [INFO] IPUIPlugin:80 - create IPUIPlugin
2023-09-26 09:56:45,746 [INFO] PluginManager:220 - loadIPPluginJar : add ucpd
2023-09-26 09:56:45,808 [INFO] IPUIPlugin:80 - create IPUIPlugin
2023-09-26 09:56:45,808 [INFO] PluginManager:220 - loadIPPluginJar : add usart
2023-09-26 09:56:45,865 [INFO] IPUIPlugin:80 - create IPUIPlugin
2023-09-26 09:56:45,865 [INFO] PluginManager:220 - loadIPPluginJar : add usbx
2023-09-26 09:56:46,092 [INFO] CADModel:165 - CPN selected for project level
2023-09-26 09:56:46,092 [INFO] CADModel:114 - Register for checkConnection events
2023-09-26 09:56:46,092 [FATAL] Updater:308 - Updater called before beeing initialized
2023-09-26 09:56:46,092 [ERROR] CADModel:125 - Updater not yet initialized, retry later 
2023-09-26 09:56:46,455 [INFO] CADModel:165 - CPN selected for project level
2023-09-26 09:56:46,455 [INFO] CADModel:114 - Register for checkConnection events
2023-09-26 09:56:46,455 [FATAL] Updater:308 - Updater called before beeing initialized
2023-09-26 09:56:46,455 [ERROR] CADModel:125 - Updater not yet initialized, retry later 
2023-09-26 09:56:46,463 [FATAL] Updater:308 - Updater called before beeing initialized
2023-09-26 09:56:46,793 [FATAL] Updater:308 - Updater called before beeing initialized
2023-09-26 09:56:46,821 [INFO] DbMcusAds:53 - JSON generation date=Tue Mar 07 15:50:55 ICT 2023 (1678179055114)
2023-09-26 09:56:46,821 [FATAL] Updater:308 - Updater called before beeing initialized
2023-09-26 09:56:47,106 [WARN] DetailPanel:346 - Failed to get advertising image, set to default
2023-09-26 09:56:47,589 [FATAL] Updater:308 - Updater called before beeing initialized
2023-09-26 09:56:47,590 [FATAL] Updater:308 - Updater called before beeing initialized
2023-09-26 09:56:47,594 [FATAL] Updater:308 - Updater called before beeing initialized
2023-09-26 09:56:47,594 [WARN] DetailPanel:346 - Failed to get advertising image, set to default
2023-09-26 09:56:47,594 [FATAL] Updater:308 - Updater called before beeing initialized
2023-09-26 09:56:47,822 [ERROR] Updater:1120 - MainUpdater not yet initialized. External WinMGr cannot be set.
2023-09-26 09:56:47,839 [INFO] Updater:1056 - Updater Version found : 6.8.1
2023-09-26 09:56:47,876 [INFO] ApplicationProperties:184 - Using Application install path: C:\ST\STM32CubeIDE_1.12.1\STM32CubeIDE\plugins\com.st.stm32cube.common.mx_6.8.1.202304191431
2023-09-26 09:56:48,594 [INFO] MainUpdater:2854 - connection check result : 10
2023-09-26 09:56:48,594 [INFO] MainUpdater:3548 - Updater definition file requires update
2023-09-26 09:56:48,594 [INFO] MainUpdater:283 - Updater Check For Update Now.
2023-09-26 09:56:48,594 [INFO] MicroXplorer:498 - Change Database Version : DB.6.0.81
2023-09-26 09:56:48,788 [WARN] MainUpdater:1187 - Updater busy. Cannot search thirdparties
2023-09-26 09:56:48,788 [INFO] ThirdPartyUpdaterWithRetryManager:96 - Updater plugin is busy. [1/15]
2023-09-26 09:56:51,791 [WARN] MainUpdater:1187 - Updater busy. Cannot search thirdparties
2023-09-26 09:56:51,791 [INFO] ThirdPartyUpdaterWithRetryManager:96 - Updater plugin is busy. [2/15]
2023-09-26 09:56:51,887 [ERROR] LogOutputStream:75 - [STDERR_REDIRECT] SLF4J: Failed to load class "org.slf4j.impl.StaticLoggerBinder".
2023-09-26 09:56:51,889 [ERROR] LogOutputStream:75 - [STDERR_REDIRECT] SLF4J: Defaulting to no-operation (NOP) logger implementation
2023-09-26 09:56:51,892 [ERROR] LogOutputStream:75 - [STDERR_REDIRECT] SLF4J: See http://www.slf4j.org/codes.html#StaticLoggerBinder for further details.
2023-09-26 09:56:52,126 [INFO] ServerAccessManage:473 - Download File updaters.zip
2023-09-26 09:56:53,292 [INFO] FileExtend:240 - Unzip File : updaters.zip
2023-09-26 09:56:53,292 [INFO] FileExtend:255 - Standard Zip Deflate
2023-09-26 09:56:54,492 [INFO] ServerAccessManage:473 - Download File PacksControlFlags.xml
2023-09-26 09:56:54,825 [WARN] MainUpdater:1187 - Updater busy. Cannot search thirdparties
2023-09-26 09:56:54,825 [INFO] ThirdPartyUpdaterWithRetryManager:96 - Updater plugin is busy. [3/15]
2023-09-26 09:56:55,057 [INFO] ServerAccessManage:473 - Download File cubemx.pidx
2023-09-26 09:56:57,011 [INFO] ServerAccessManage:473 - Download File STMicroelectronics.FP-SNS-SMARTAG2.pdsc
2023-09-26 09:56:57,846 [WARN] MainUpdater:1187 - Updater busy. Cannot search thirdparties
2023-09-26 09:56:57,847 [INFO] ThirdPartyUpdaterWithRetryManager:96 - Updater plugin is busy. [4/15]
2023-09-26 09:56:57,884 [INFO] ServerAccessManage:473 - Download File STMicroelectronics.X-CUBE-FREERTOS.pdsc
2023-09-26 09:56:59,064 [INFO] ServerAccessManage:473 - Download File STMicroelectronics.X-CUBE-NFC6.pdsc
2023-09-26 09:57:00,855 [WARN] MainUpdater:1187 - Updater busy. Cannot search thirdparties
2023-09-26 09:57:00,855 [INFO] ThirdPartyUpdaterWithRetryManager:96 - Updater plugin is busy. [5/15]
2023-09-26 09:57:02,208 [ERROR] ServerAccessManage:1096 - Problem, Http access forbiden
2023-09-26 09:57:02,212 [ERROR] ServerAccessManage:651 - Problem, Http access forbiden : RoweBots.I-CUBE-UNISONRTOS.pdsc.
2023-09-26 09:57:02,976 [WARN] PackLoader:240 - Cannot read IP mode file for STMicroelectronics.FP-SNS-SMARTAG2.1.2.0
2023-09-26 09:57:03,042 [WARN] PackLoader:240 - Cannot read IP mode file for STMicroelectronics.X-CUBE-FREERTOS.1.1.0
2023-09-26 09:57:03,124 [WARN] PackLoader:240 - Cannot read IP mode file for STMicroelectronics.X-CUBE-NFC6.3.0.0
2023-09-26 09:57:03,146 [INFO] PopulateThirdPartyThread:66 - Ending populate Thread
2023-09-26 09:57:03,195 [INFO] ThirdParty:1030 - CMSIS Pack Vendor :STMicroelectronics FP-SNS-SMARTAG2 1.2.0
2023-09-26 09:57:03,195 [INFO] ThirdParty:1030 - CMSIS Pack Vendor :STMicroelectronics X-CUBE-FREERTOS 1.1.0
2023-09-26 09:57:03,195 [INFO] ThirdParty:1030 - CMSIS Pack Vendor :STMicroelectronics X-CUBE-NFC6 3.0.0
2023-09-26 09:57:03,196 [INFO] LoadServerUpdatesThread:373 - End of LoadServerUpdate Thread
2023-09-26 09:57:03,564 [INFO] CheckServerUpdateThread:120 - End of CheckServer Thread
2023-09-26 09:57:03,660 [INFO] MainUpdater:2854 - connection check result : 10
2023-09-26 09:57:03,705 [INFO] McuFinderGlobals:66 - Set McuFinderConnectedMode to true
2023-09-26 09:57:03,871 [WARN] MainUpdater:1187 - Updater busy. Cannot search thirdparties
2023-09-26 09:57:03,871 [INFO] ThirdPartyUpdaterWithRetryManager:96 - Updater plugin is busy. [6/15]
2023-09-26 09:57:04,496 [INFO] ServerAccessManage:473 - Download File mcusAds.json._tmp_
2023-09-26 09:57:04,622 [INFO] LoadUrlFilesThread:156 - End of LoadUrlFiles Thread
2023-09-26 09:57:05,405 [INFO] ServerAccessManage:473 - Download File cube-finder-db.zip
2023-09-26 09:57:06,884 [WARN] MainUpdater:1187 - Updater busy. Cannot search thirdparties
2023-09-26 09:57:06,884 [INFO] ThirdPartyUpdaterWithRetryManager:96 - Updater plugin is busy. [7/15]
2023-09-26 09:57:09,900 [WARN] MainUpdater:1187 - Updater busy. Cannot search thirdparties
2023-09-26 09:57:09,900 [INFO] ThirdPartyUpdaterWithRetryManager:96 - Updater plugin is busy. [8/15]
2023-09-26 09:57:12,905 [WARN] MainUpdater:1187 - Updater busy. Cannot search thirdparties
2023-09-26 09:57:12,905 [INFO] ThirdPartyUpdaterWithRetryManager:96 - Updater plugin is busy. [9/15]
2023-09-26 09:57:15,919 [WARN] MainUpdater:1187 - Updater busy. Cannot search thirdparties
2023-09-26 09:57:15,919 [INFO] ThirdPartyUpdaterWithRetryManager:96 - Updater plugin is busy. [10/15]
2023-09-26 09:57:18,929 [WARN] MainUpdater:1187 - Updater busy. Cannot search thirdparties
2023-09-26 09:57:18,929 [INFO] ThirdPartyUpdaterWithRetryManager:96 - Updater plugin is busy. [11/15]
2023-09-26 09:57:21,942 [WARN] MainUpdater:1187 - Updater busy. Cannot search thirdparties
2023-09-26 09:57:21,942 [INFO] ThirdPartyUpdaterWithRetryManager:96 - Updater plugin is busy. [12/15]
2023-09-26 09:57:24,951 [WARN] MainUpdater:1187 - Updater busy. Cannot search thirdparties
2023-09-26 09:57:24,951 [INFO] ThirdPartyUpdaterWithRetryManager:96 - Updater plugin is busy. [13/15]
2023-09-26 09:57:27,959 [WARN] MainUpdater:1187 - Updater busy. Cannot search thirdparties
2023-09-26 09:57:27,959 [INFO] ThirdPartyUpdaterWithRetryManager:96 - Updater plugin is busy. [14/15]
2023-09-26 09:57:29,081 [INFO] FileExtend:240 - Unzip File : cube-finder-db.zip
2023-09-26 09:57:29,081 [INFO] FileExtend:255 - Standard Zip Deflate
2023-09-26 09:57:30,115 [INFO] LoadUrlFilesThread:156 - End of LoadUrlFiles Thread
2023-09-26 09:57:30,965 [WARN] MainUpdater:1187 - Updater busy. Cannot search thirdparties
2023-09-26 09:57:30,966 [INFO] ThirdPartyUpdaterWithRetryManager:96 - Updater plugin is busy. [15/15]
2023-09-26 09:57:30,967 [ERROR] IntegrityCheckThread:130 - Cannot retrieve database content from updater: error -1
2023-09-26 09:57:30,968 [INFO] ThirdParty:978 - Integrity check success = false
2023-09-26 09:57:30,968 [INFO] IntegrityCheckThread:100 - exiting critical section [integrity check]
2023-09-26 09:57:30,968 [INFO] IntegrityCheckThread:103 - End integrity checks thread
2023-09-26 09:57:32,819 [INFO] ServerAccessManage:473 - Download File crdb.zip
2023-09-26 09:57:40,042 [INFO] FileExtend:240 - Unzip File : crdb.zip
2023-09-26 09:57:40,043 [INFO] FileExtend:255 - Standard Zip Deflate
2023-09-26 09:57:40,182 [INFO] LoadUrlFilesThread:156 - End of LoadUrlFiles Thread
2023-09-26 09:57:40,421 [INFO] ServerAccessManage:473 - Download File tutoVideoDB.zip
2023-09-26 09:57:40,483 [INFO] FileExtend:240 - Unzip File : tutoVideoDB.zip
2023-09-26 09:57:40,483 [INFO] FileExtend:255 - Standard Zip Deflate
2023-09-26 09:57:40,605 [INFO] LoadUrlFilesThread:156 - End of LoadUrlFiles Thread
2023-09-26 09:57:40,614 [WARN] DbFile:41 - Overriding database path with different value: C:\Users\thinh\.stmcufinder\plugins\mcufinder/ => C:\Users\thinh\.stmcufinder\plugins\mcufinder
2023-09-26 09:57:40,779 [INFO] ServerAccessManage:473 - Download File api_config.json
2023-09-26 09:57:40,900 [INFO] LoadUrlFilesThread:156 - End of LoadUrlFiles Thread
2023-09-26 09:57:40,901 [INFO] DbMcusAds:53 - JSON generation date=Tue Mar 07 15:50:55 ICT 2023 (1678179055114)
2023-09-26 09:57:40,933 [INFO] LoadUrlFilesThread:185 - End of LoadServerUrlFiles without Thread
2023-09-26 09:57:40,933 [INFO] TargetSelectorAdapter:259 - Refresh data is successful
2023-09-26 09:57:41,111 [INFO] ApiDb:581 - Connected to CubeFinder SQLite database (C:\Users\thinh\.stmcufinder\plugins\mcufinder\mcu\cube-finder-db.db)
2023-09-26 09:57:41,268 [INFO] ApiDb:668 - CubeFinder database Data Model version=2.1
2023-09-26 09:57:41,268 [INFO] ApiDb:669 - CubeFinder database Configuration version=3.0.37
2023-09-26 09:57:41,269 [INFO] ApiDb:670 - CubeFinder database generation date=2023-08-09 (1691586011)
2023-09-26 09:57:41,269 [INFO] ApiDb:671 - CubeFinder database FW Pack versions=[FP-ATR-ASTRA1_V2.0.0, FP-SNS-FLIGHT1_V5.0.1, FP-SNS-FLIGHT1_V5.0.2, FP-SNS-MOTENV1_V4.3.1, FP-SNS-MOTENV1_V4.3.2, STM32Cube_FW_C0_V1.1.0, STM32Cube_FW_F4_V1.27.1, STM32Cube_FW_F7_V1.17.0, STM32Cube_FW_G0_V1.6.1, STM32Cube_FW_G4_V1.5.1, STM32Cube_FW_H5_V0.5.1, STM32Cube_FW_H5_V1.1.0, STM32Cube_FW_H7_V1.11.0, STM32Cube_FW_L0_V1.12.2, STM32Cube_FW_L5_V1.5.0, STM32Cube_FW_U5_V1.3.0, STM32Cube_FW_U5_V1.3.0RC4, STM32Cube_FW_WBA_V1.0.0RC1, STM32Cube_FW_WBA_V1.1.0, STM32Cube_FW_WBA_V1.1.0RC1, STM32Cube_FW_WB_V1.15.0RC1, STM32Cube_FW_WB_V1.16.0, STM32Cube_FW_WB_V1.16.0RC2, STM32Cube_FW_WB_V1.17.0, STM32Cube_FW_WL_V1.3.0, X-CUBE-ALGOBUILD_V1.3.0, X-CUBE-ALS_V1.0.1, X-CUBE-AZRTOS-F4_V1.1.0, X-CUBE-AZRTOS-F7_V1.1.0, X-CUBE-AZRTOS-G0_V1.1.0, X-CUBE-AZRTOS-G4_V2.0.0, X-CUBE-AZRTOS-H7_V3.1.0, X-CUBE-AZRTOS-L4_V1.0.0, X-CUBE-AZRTOS-L4_V2.0.0, X-CUBE-AZRTOS-L5_V1.1.0, X-CUBE-AZRTOS-WB_V1.1.0, X-CUBE-AZRTOS-WL_V2.0.0, X-CUBE-BLE1_V7.0.0, X-CUBE-BLE2_V3.3.0, X-CUBE-BLEMGR_V2.0.0, X-CUBE-EEPRMA1_V4.1.0, X-CUBE-FREERTOS_V1.1.0, X-CUBE-GNSS1_V6.0.0, X-CUBE-MEMS1_V9.1.0, X-CUBE-MEMS1_V9.4.0, X-CUBE-MEMS1_V9.6.0, X-CUBE-NFC4_V3.0.0, X-CUBE-NFC7_V1.0.0, X-CUBE-SFXS2LP1_V4.0.0, X-CUBE-SUBG2_V5.0.0, X-CUBE-TOF1_V3.3.1]
2023-09-26 09:57:44,192 [INFO] ApiDb:240 - Found 297 in-development CPN: [B-G473E-ZEST1S, B-WB1M-WPAN1, B-WL5M-SUBG1, NUCLEO-C031C6, NUCLEO-H503RB, NUCLEO-H563ZI, NUCLEO-U545RE-Q, NUCLEO-U5A5ZJ-Q, NUCLEO-WBA52CG, STEVAL-PROTEUS1, STEVAL-STWINBX1, STM320518-EVAL, STM32C0116-DK, STM32C011D6Y3TR, STM32C011D6Y6TR, STM32C011F4P3, STM32C011F4P6, STM32C011F4U3, STM32C011F4U6TR, STM32C011F6P3, STM32C011F6P6, STM32C011F6U3, STM32C011F6U6TR, STM32C011J4M3, STM32C011J4M6, STM32C011J6M3, STM32C011J6M6, STM32C0316-DK, STM32C031C4T3, STM32C031C4T6, STM32C031C4U3, STM32C031C4U6, STM32C031C6T3, STM32C031C6T6, STM32C031C6U3, STM32C031C6U6, STM32C031F4P3, STM32C031F4P6, STM32C031F6P3, STM32C031F6P6, STM32C031G4U3, STM32C031G4U6, STM32C031G6U3, STM32C031G6U6, STM32C031K4T3, STM32C031K4T6, STM32C031K4U3, STM32C031K4U6, STM32C031K6T3, STM32C031K6T6, STM32C031K6U3, STM32C031K6U6, STM32G071K8TXN, STM32G071K8UXN, STM32G081GBU6N, STM32G081KBT6N, STM32G081KBUXN, STM32G0B1CCT6N, STM32G0B1KCT6, STM32G0B1NEY6TR, STM32G0B1RCT6N, STM32G0C1CCT6, STM32G0C1CCT6N, STM32G0C1CCU6N, STM32G0C1CET6N, STM32G0C1CEU6N, STM32G0C1KCT6, STM32G0C1NEY6TR, STM32G0C1RCI6N, STM32G0C1RCT6N, STM32G0C1REI6N, STM32G0C1RET6N, STM32G0C1VCI6, STM32G0C1VEI6, STM32G471CCT6, STM32G471CCU6, STM32G471CET3, STM32G471CET6, STM32G471CEU3, STM32G471CEU6, STM32G471MCT6, STM32G471MET3, STM32G471MET6, STM32G471MEY6TR, STM32G471QCT6, STM32G471QET3, STM32G471RCT6, STM32G471RET3, STM32G471RET6, STM32G471VCH6, STM32G471VCI6, STM32G471VCT6, STM32G471VEH3, STM32G471VEH6, STM32G471VEI3, STM32G471VEI6, STM32G471VET3, STM32G471VET6, STM32G474CCT6, STM32H503CBT6, STM32H503CBU6, STM32H503EBY6TR, STM32H503KBU6, STM32H503RBT6, STM32H562AGI6, STM32H562AII6, STM32H562IGK6, STM32H562IGT6, STM32H562IIK6, STM32H562IIT6, STM32H562RGT6, STM32H562RGV6, STM32H562RIT6, STM32H562RIV6, STM32H562VGT6, STM32H562VIT6, STM32H562ZGT6, STM32H562ZIT6, STM32H563AGI6, STM32H563AII3Q, STM32H563AII6, STM32H563IGK6, STM32H563IGT6, STM32H563IIK3Q, STM32H563IIK6, STM32H563IIT3Q, STM32H563IIT6, STM32H563MIY3QTR, STM32H563RGT6, STM32H563RGV6, STM32H563RIT6, STM32H563RIV6, STM32H563VGT6, STM32H563VIT3Q, STM32H563VIT6, STM32H563ZGT6, STM32H563ZIT3Q, STM32H563ZIT6, STM32H573AII3Q, STM32H573AII6, STM32H573I-DK, STM32H573IIK3Q, STM32H573IIK6, STM32H573IIT3Q, STM32H573IIT6, STM32H573MIY3QTR, STM32H573RIT6, STM32H573RIV6, STM32H573VIT3Q, STM32H573VIT6, STM32H573ZIT3Q, STM32H573ZIT6, STM32L4R5QGI6STR, STM32MP131AAE3, STM32MP131AAF3, STM32MP131AAG3, STM32MP131CAE3, STM32MP131CAF3, STM32MP131CAG3, STM32MP131DAE7, STM32MP131DAF7, STM32MP131DAG7, STM32MP131FAE7, STM32MP131FAF7, STM32MP131FAG7, STM32MP133AAE3, STM32MP133AAF3, STM32MP133AAG3, STM32MP133CAE3, STM32MP133CAF3, STM32MP133CAG3, STM32MP133DAE7, STM32MP133DAF7, STM32MP133DAG7, STM32MP133FAE7, STM32MP133FAF7, STM32MP133FAG7, STM32MP135AAE3, STM32MP135AAF3, STM32MP135AAG3, STM32MP135CAE3, STM32MP135CAF3, STM32MP135CAG3, STM32MP135DAE7, STM32MP135DAF7, STM32MP135DAG7, STM32MP135F-DK, STM32MP135FAE7, STM32MP135FAF7, STM32MP135FAF7T, STM32MP135FAF7U, STM32MP135FAG7, STM32U535CBT6, STM32U535CBT6Q, STM32U535CBU6, STM32U535CBU6Q, STM32U535CCT6, STM32U535CCT6Q, STM32U535CCU6, STM32U535CCU6Q, STM32U535CET6, STM32U535CET6Q, STM32U535CEU6, STM32U535CEU6Q, STM32U535JEY6QTR, STM32U535NCY6QTR, STM32U535NEY6QTR, STM32U535RBI6, STM32U535RBI6Q, STM32U535RBT6, STM32U535RBT6Q, STM32U535RCI6, STM32U535RCI6Q, STM32U535RCT6, STM32U535RCT6Q, STM32U535REI6, STM32U535REI6Q, STM32U535RET6, STM32U535RET6Q, STM32U535VCI6, STM32U535VCI6Q, STM32U535VCT6, STM32U535VCT6Q, STM32U535VEI6, STM32U535VEI6Q, STM32U535VET6, STM32U535VET6Q, STM32U545CET6, STM32U545CET6Q, STM32U545CEU6, STM32U545CEU6Q, STM32U545JEY6QTR, STM32U545NEY6QTR, STM32U545REI6, STM32U545REI6Q, STM32U545RET6, STM32U545RET6Q, STM32U545VEI6, STM32U545VEI6Q, STM32U545VET6, STM32U545VET6Q, STM32U595AIH6, STM32U595AIH6Q, STM32U595AJH6, STM32U595AJH6Q, STM32U595QII6, STM32U595QII6Q, STM32U595QJI6, STM32U595QJI6Q, STM32U595RIT6, STM32U595RIT6Q, STM32U595RJT6, STM32U595RJT6Q, STM32U595VIT6, STM32U595VIT6Q, STM32U595VJT6, STM32U595VJT6Q, STM32U595ZIT6, STM32U595ZIT6Q, STM32U595ZIY6QTR, STM32U595ZJT6, STM32U595ZJT6Q, STM32U595ZJY6QTR, STM32U599BJY6QTR, STM32U599NIH6Q, STM32U599NJH6Q, STM32U599VIT6Q, STM32U599VJT6, STM32U599VJT6Q, STM32U599ZIT6Q, STM32U599ZIY6QTR, STM32U599ZJT6Q, STM32U599ZJY6QTR, STM32U5A5AJH6, STM32U5A5AJH6Q, STM32U5A5QJI6, STM32U5A5QJI6Q, STM32U5A5RJT6, STM32U5A5RJT6Q, STM32U5A5VJT6, STM32U5A5VJT6Q, STM32U5A5ZJT6, STM32U5A5ZJT6Q, STM32U5A5ZJY6QTR, STM32U5A9BJY6QTR, STM32U5A9J-DK, STM32U5A9NJH6Q, STM32U5A9VJT6Q, STM32U5A9ZJT6Q, STM32U5A9ZJY6QTR, STM32WB1MMCH6, STM32WBA52CEU6, STM32WBA52CEU6T, STM32WBA52CGU6, STM32WBA52CGU6T, STM32WL5MOCH6, STM32WL5MOCH6TR]
2023-09-26 09:57:44,199 [INFO] DbMcus:216 - Found 3825 MCUs, 3825 are supported
2023-09-26 09:57:44,217 [INFO] ApiDb:423 - Load user favorites file C:\Users\thinh/.stm32cubeide/favorites.mcus.txt: 1 item(s)
2023-09-26 09:57:44,218 [INFO] ApiDb:427 - User favorites MCUs=[STM32F103RCT6]
2023-09-26 09:57:44,218 [INFO] DbMcus:222 - Set 1 / 1 favorites MCUs
2023-09-26 09:57:44,675 [INFO] ApiDb:668 - CubeFinder database Data Model version=2.1
2023-09-26 09:57:44,675 [INFO] ApiDb:669 - CubeFinder database Configuration version=3.0.37
2023-09-26 09:57:44,675 [INFO] ApiDb:670 - CubeFinder database generation date=2023-08-09 (1691586011)
2023-09-26 09:57:44,675 [INFO] ApiDb:671 - CubeFinder database FW Pack versions=[FP-ATR-ASTRA1_V2.0.0, FP-SNS-FLIGHT1_V5.0.1, FP-SNS-FLIGHT1_V5.0.2, FP-SNS-MOTENV1_V4.3.1, FP-SNS-MOTENV1_V4.3.2, STM32Cube_FW_C0_V1.1.0, STM32Cube_FW_F4_V1.27.1, STM32Cube_FW_F7_V1.17.0, STM32Cube_FW_G0_V1.6.1, STM32Cube_FW_G4_V1.5.1, STM32Cube_FW_H5_V0.5.1, STM32Cube_FW_H5_V1.1.0, STM32Cube_FW_H7_V1.11.0, STM32Cube_FW_L0_V1.12.2, STM32Cube_FW_L5_V1.5.0, STM32Cube_FW_U5_V1.3.0, STM32Cube_FW_U5_V1.3.0RC4, STM32Cube_FW_WBA_V1.0.0RC1, STM32Cube_FW_WBA_V1.1.0, STM32Cube_FW_WBA_V1.1.0RC1, STM32Cube_FW_WB_V1.15.0RC1, STM32Cube_FW_WB_V1.16.0, STM32Cube_FW_WB_V1.16.0RC2, STM32Cube_FW_WB_V1.17.0, STM32Cube_FW_WL_V1.3.0, X-CUBE-ALGOBUILD_V1.3.0, X-CUBE-ALS_V1.0.1, X-CUBE-AZRTOS-F4_V1.1.0, X-CUBE-AZRTOS-F7_V1.1.0, X-CUBE-AZRTOS-G0_V1.1.0, X-CUBE-AZRTOS-G4_V2.0.0, X-CUBE-AZRTOS-H7_V3.1.0, X-CUBE-AZRTOS-L4_V1.0.0, X-CUBE-AZRTOS-L4_V2.0.0, X-CUBE-AZRTOS-L5_V1.1.0, X-CUBE-AZRTOS-WB_V1.1.0, X-CUBE-AZRTOS-WL_V2.0.0, X-CUBE-BLE1_V7.0.0, X-CUBE-BLE2_V3.3.0, X-CUBE-BLEMGR_V2.0.0, X-CUBE-EEPRMA1_V4.1.0, X-CUBE-FREERTOS_V1.1.0, X-CUBE-GNSS1_V6.0.0, X-CUBE-MEMS1_V9.1.0, X-CUBE-MEMS1_V9.4.0, X-CUBE-MEMS1_V9.6.0, X-CUBE-NFC4_V3.0.0, X-CUBE-NFC7_V1.0.0, X-CUBE-SFXS2LP1_V4.0.0, X-CUBE-SUBG2_V5.0.0, X-CUBE-TOF1_V3.3.1]
2023-09-26 09:57:44,753 [INFO] DbBoardsSqlite:226 - include board P-NUCLEO-WB55-NUCLEO as a kit item of type 'Nucleo-64'
2023-09-26 09:57:44,753 [INFO] DbBoardsSqlite:226 - include board P-NUCLEO-WB55-USBDONGLE as a kit item of type 'Nucleo USB Dongle'
2023-09-26 09:57:44,754 [INFO] DbBoardsSqlite:226 - include board STEVAL-IDP005V1 as a kit item of type 'Evaluation Board'
2023-09-26 09:57:44,754 [INFO] DbBoardsSqlite:226 - include board STEVAL-IDP005V2 as a kit item of type 'Evaluation Board'
2023-09-26 09:57:44,814 [INFO] ApiDb:240 - Found 297 in-development CPN: [B-G473E-ZEST1S, B-WB1M-WPAN1, B-WL5M-SUBG1, NUCLEO-C031C6, NUCLEO-H503RB, NUCLEO-H563ZI, NUCLEO-U545RE-Q, NUCLEO-U5A5ZJ-Q, NUCLEO-WBA52CG, STEVAL-PROTEUS1, STEVAL-STWINBX1, STM320518-EVAL, STM32C0116-DK, STM32C011D6Y3TR, STM32C011D6Y6TR, STM32C011F4P3, STM32C011F4P6, STM32C011F4U3, STM32C011F4U6TR, STM32C011F6P3, STM32C011F6P6, STM32C011F6U3, STM32C011F6U6TR, STM32C011J4M3, STM32C011J4M6, STM32C011J6M3, STM32C011J6M6, STM32C0316-DK, STM32C031C4T3, STM32C031C4T6, STM32C031C4U3, STM32C031C4U6, STM32C031C6T3, STM32C031C6T6, STM32C031C6U3, STM32C031C6U6, STM32C031F4P3, STM32C031F4P6, STM32C031F6P3, STM32C031F6P6, STM32C031G4U3, STM32C031G4U6, STM32C031G6U3, STM32C031G6U6, STM32C031K4T3, STM32C031K4T6, STM32C031K4U3, STM32C031K4U6, STM32C031K6T3, STM32C031K6T6, STM32C031K6U3, STM32C031K6U6, STM32G071K8TXN, STM32G071K8UXN, STM32G081GBU6N, STM32G081KBT6N, STM32G081KBUXN, STM32G0B1CCT6N, STM32G0B1KCT6, STM32G0B1NEY6TR, STM32G0B1RCT6N, STM32G0C1CCT6, STM32G0C1CCT6N, STM32G0C1CCU6N, STM32G0C1CET6N, STM32G0C1CEU6N, STM32G0C1KCT6, STM32G0C1NEY6TR, STM32G0C1RCI6N, STM32G0C1RCT6N, STM32G0C1REI6N, STM32G0C1RET6N, STM32G0C1VCI6, STM32G0C1VEI6, STM32G471CCT6, STM32G471CCU6, STM32G471CET3, STM32G471CET6, STM32G471CEU3, STM32G471CEU6, STM32G471MCT6, STM32G471MET3, STM32G471MET6, STM32G471MEY6TR, STM32G471QCT6, STM32G471QET3, STM32G471RCT6, STM32G471RET3, STM32G471RET6, STM32G471VCH6, STM32G471VCI6, STM32G471VCT6, STM32G471VEH3, STM32G471VEH6, STM32G471VEI3, STM32G471VEI6, STM32G471VET3, STM32G471VET6, STM32G474CCT6, STM32H503CBT6, STM32H503CBU6, STM32H503EBY6TR, STM32H503KBU6, STM32H503RBT6, STM32H562AGI6, STM32H562AII6, STM32H562IGK6, STM32H562IGT6, STM32H562IIK6, STM32H562IIT6, STM32H562RGT6, STM32H562RGV6, STM32H562RIT6, STM32H562RIV6, STM32H562VGT6, STM32H562VIT6, STM32H562ZGT6, STM32H562ZIT6, STM32H563AGI6, STM32H563AII3Q, STM32H563AII6, STM32H563IGK6, STM32H563IGT6, STM32H563IIK3Q, STM32H563IIK6, STM32H563IIT3Q, STM32H563IIT6, STM32H563MIY3QTR, STM32H563RGT6, STM32H563RGV6, STM32H563RIT6, STM32H563RIV6, STM32H563VGT6, STM32H563VIT3Q, STM32H563VIT6, STM32H563ZGT6, STM32H563ZIT3Q, STM32H563ZIT6, STM32H573AII3Q, STM32H573AII6, STM32H573I-DK, STM32H573IIK3Q, STM32H573IIK6, STM32H573IIT3Q, STM32H573IIT6, STM32H573MIY3QTR, STM32H573RIT6, STM32H573RIV6, STM32H573VIT3Q, STM32H573VIT6, STM32H573ZIT3Q, STM32H573ZIT6, STM32L4R5QGI6STR, STM32MP131AAE3, STM32MP131AAF3, STM32MP131AAG3, STM32MP131CAE3, STM32MP131CAF3, STM32MP131CAG3, STM32MP131DAE7, STM32MP131DAF7, STM32MP131DAG7, STM32MP131FAE7, STM32MP131FAF7, STM32MP131FAG7, STM32MP133AAE3, STM32MP133AAF3, STM32MP133AAG3, STM32MP133CAE3, STM32MP133CAF3, STM32MP133CAG3, STM32MP133DAE7, STM32MP133DAF7, STM32MP133DAG7, STM32MP133FAE7, STM32MP133FAF7, STM32MP133FAG7, STM32MP135AAE3, STM32MP135AAF3, STM32MP135AAG3, STM32MP135CAE3, STM32MP135CAF3, STM32MP135CAG3, STM32MP135DAE7, STM32MP135DAF7, STM32MP135DAG7, STM32MP135F-DK, STM32MP135FAE7, STM32MP135FAF7, STM32MP135FAF7T, STM32MP135FAF7U, STM32MP135FAG7, STM32U535CBT6, STM32U535CBT6Q, STM32U535CBU6, STM32U535CBU6Q, STM32U535CCT6, STM32U535CCT6Q, STM32U535CCU6, STM32U535CCU6Q, STM32U535CET6, STM32U535CET6Q, STM32U535CEU6, STM32U535CEU6Q, STM32U535JEY6QTR, STM32U535NCY6QTR, STM32U535NEY6QTR, STM32U535RBI6, STM32U535RBI6Q, STM32U535RBT6, STM32U535RBT6Q, STM32U535RCI6, STM32U535RCI6Q, STM32U535RCT6, STM32U535RCT6Q, STM32U535REI6, STM32U535REI6Q, STM32U535RET6, STM32U535RET6Q, STM32U535VCI6, STM32U535VCI6Q, STM32U535VCT6, STM32U535VCT6Q, STM32U535VEI6, STM32U535VEI6Q, STM32U535VET6, STM32U535VET6Q, STM32U545CET6, STM32U545CET6Q, STM32U545CEU6, STM32U545CEU6Q, STM32U545JEY6QTR, STM32U545NEY6QTR, STM32U545REI6, STM32U545REI6Q, STM32U545RET6, STM32U545RET6Q, STM32U545VEI6, STM32U545VEI6Q, STM32U545VET6, STM32U545VET6Q, STM32U595AIH6, STM32U595AIH6Q, STM32U595AJH6, STM32U595AJH6Q, STM32U595QII6, STM32U595QII6Q, STM32U595QJI6, STM32U595QJI6Q, STM32U595RIT6, STM32U595RIT6Q, STM32U595RJT6, STM32U595RJT6Q, STM32U595VIT6, STM32U595VIT6Q, STM32U595VJT6, STM32U595VJT6Q, STM32U595ZIT6, STM32U595ZIT6Q, STM32U595ZIY6QTR, STM32U595ZJT6, STM32U595ZJT6Q, STM32U595ZJY6QTR, STM32U599BJY6QTR, STM32U599NIH6Q, STM32U599NJH6Q, STM32U599VIT6Q, STM32U599VJT6, STM32U599VJT6Q, STM32U599ZIT6Q, STM32U599ZIY6QTR, STM32U599ZJT6Q, STM32U599ZJY6QTR, STM32U5A5AJH6, STM32U5A5AJH6Q, STM32U5A5QJI6, STM32U5A5QJI6Q, STM32U5A5RJT6, STM32U5A5RJT6Q, STM32U5A5VJT6, STM32U5A5VJT6Q, STM32U5A5ZJT6, STM32U5A5ZJT6Q, STM32U5A5ZJY6QTR, STM32U5A9BJY6QTR, STM32U5A9J-DK, STM32U5A9NJH6Q, STM32U5A9VJT6Q, STM32U5A9ZJT6Q, STM32U5A9ZJY6QTR, STM32WB1MMCH6, STM32WBA52CEU6, STM32WBA52CEU6T, STM32WBA52CGU6, STM32WBA52CGU6T, STM32WL5MOCH6, STM32WL5MOCH6TR]
2023-09-26 09:57:45,002 [INFO] BoardInfo:880 - No configuration file found for board P-NUCLEO-WB55
2023-09-26 09:57:45,002 [INFO] DbBoards:157 - Kit is not supported: P-NUCLEO-WB55
2023-09-26 09:57:45,008 [INFO] BoardInfo:880 - No configuration file found for board STEVAL-BFA001V1B
2023-09-26 09:57:45,008 [INFO] DbBoards:157 - Kit is not supported: STEVAL-BFA001V1B
2023-09-26 09:57:45,009 [INFO] BoardInfo:880 - No configuration file found for board STEVAL-BFA001V2B
2023-09-26 09:57:45,009 [INFO] DbBoards:157 - Kit is not supported: STEVAL-BFA001V2B
2023-09-26 09:57:45,020 [INFO] BoardInfo:880 - No configuration file found for board STEVAL-SMARTAG2
2023-09-26 09:57:45,020 [INFO] DbBoards:157 - Board is not supported: STEVAL-SMARTAG2
2023-09-26 09:57:45,184 [INFO] DbBoards:161 - Found 188 boards, 184 are supported
2023-09-26 09:57:45,191 [INFO] ApiDb:423 - Load user favorites file C:\Users\thinh/.stm32cubeide/favorites.boards.txt: 1 item(s)
2023-09-26 09:57:45,191 [INFO] ApiDb:427 - User favorites Boards=[STM32F407G-DISC1]
2023-09-26 09:57:45,191 [INFO] DbBoards:190 - Set 1 / 1 favorites Boards
2023-09-26 09:57:45,197 [INFO] ApiDb:668 - CubeFinder database Data Model version=2.1
2023-09-26 09:57:45,197 [INFO] ApiDb:669 - CubeFinder database Configuration version=3.0.37
2023-09-26 09:57:45,198 [INFO] ApiDb:670 - CubeFinder database generation date=2023-08-09 (1691586011)
2023-09-26 09:57:45,198 [INFO] ApiDb:671 - CubeFinder database FW Pack versions=[FP-ATR-ASTRA1_V2.0.0, FP-SNS-FLIGHT1_V5.0.1, FP-SNS-FLIGHT1_V5.0.2, FP-SNS-MOTENV1_V4.3.1, FP-SNS-MOTENV1_V4.3.2, STM32Cube_FW_C0_V1.1.0, STM32Cube_FW_F4_V1.27.1, STM32Cube_FW_F7_V1.17.0, STM32Cube_FW_G0_V1.6.1, STM32Cube_FW_G4_V1.5.1, STM32Cube_FW_H5_V0.5.1, STM32Cube_FW_H5_V1.1.0, STM32Cube_FW_H7_V1.11.0, STM32Cube_FW_L0_V1.12.2, STM32Cube_FW_L5_V1.5.0, STM32Cube_FW_U5_V1.3.0, STM32Cube_FW_U5_V1.3.0RC4, STM32Cube_FW_WBA_V1.0.0RC1, STM32Cube_FW_WBA_V1.1.0, STM32Cube_FW_WBA_V1.1.0RC1, STM32Cube_FW_WB_V1.15.0RC1, STM32Cube_FW_WB_V1.16.0, STM32Cube_FW_WB_V1.16.0RC2, STM32Cube_FW_WB_V1.17.0, STM32Cube_FW_WL_V1.3.0, X-CUBE-ALGOBUILD_V1.3.0, X-CUBE-ALS_V1.0.1, X-CUBE-AZRTOS-F4_V1.1.0, X-CUBE-AZRTOS-F7_V1.1.0, X-CUBE-AZRTOS-G0_V1.1.0, X-CUBE-AZRTOS-G4_V2.0.0, X-CUBE-AZRTOS-H7_V3.1.0, X-CUBE-AZRTOS-L4_V1.0.0, X-CUBE-AZRTOS-L4_V2.0.0, X-CUBE-AZRTOS-L5_V1.1.0, X-CUBE-AZRTOS-WB_V1.1.0, X-CUBE-AZRTOS-WL_V2.0.0, X-CUBE-BLE1_V7.0.0, X-CUBE-BLE2_V3.3.0, X-CUBE-BLEMGR_V2.0.0, X-CUBE-EEPRMA1_V4.1.0, X-CUBE-FREERTOS_V1.1.0, X-CUBE-GNSS1_V6.0.0, X-CUBE-MEMS1_V9.1.0, X-CUBE-MEMS1_V9.4.0, X-CUBE-MEMS1_V9.6.0, X-CUBE-NFC4_V3.0.0, X-CUBE-NFC7_V1.0.0, X-CUBE-SFXS2LP1_V4.0.0, X-CUBE-SUBG2_V5.0.0, X-CUBE-TOF1_V3.3.1]
2023-09-26 09:57:46,851 [INFO] DbExamplesSqlite:376 - Ignored 27 examples not supported by CubeIDE
2023-09-26 09:57:46,851 [INFO] DbExamplesSqlite:377 - Found 7231 examples active
2023-09-26 09:57:46,852 [INFO] DbExamplesSqlite:378 - Found 677 examples obsolete
2023-09-26 09:57:46,852 [INFO] DbExamplesSqlite:379 - Found 0 examples under development
2023-09-26 09:57:46,852 [INFO] DbExamplesSqlite:380 - Found 74 examples not building
2023-09-26 09:57:46,855 [INFO] DbExamples:125 - Found 7278 examples
2023-09-26 09:57:46,913 [ERROR] DbExamples:208 - Found 22 examples with invalid data (board or MCU)
2023-09-26 09:57:46,914 [INFO] DbExamples:222 - Found 91 boards with related examples
2023-09-26 09:57:46,916 [INFO] DbExamples:235 - Found 77 MCUs with related examples
2023-09-26 09:57:46,941 [INFO] ApiDb:423 - Load user favorites file C:\Users\thinh/.stm32cubeide/favorites.examples.txt: 0 item(s)
2023-09-26 09:57:46,941 [INFO] ApiDb:427 - User favorites Examples=[]
2023-09-26 09:57:46,942 [INFO] DbExamples:250 - Set 0 / 0 favorites Examples
2023-09-26 09:57:47,565 [INFO] McuFinderGlobals:66 - Set McuFinderConnectedMode to true
2023-09-26 09:57:47,577 [INFO] MultiScanPanel:200 - Auto-refresh data requested => check proxy status ongoing
2023-09-26 09:57:47,583 [INFO] FinderPluginLoader:95 - Searching for filters in installed packs
2023-09-26 09:57:50,235 [INFO] LoadUrlFilesThread:185 - End of LoadServerUrlFiles without Thread
2023-09-26 09:57:50,263 [INFO] DetailPanel:341 - Set advertising image to C:/Users/thinh/STM32Cube/Repository/\en.prom-stm32h5-mcu-finder.jpg
2023-09-26 10:01:43,549 [INFO] MultiScanPanel:200 - Auto-refresh data requested => check proxy status ongoing
2023-09-26 10:01:43,851 [INFO] LoadUrlFilesThread:185 - End of LoadServerUrlFiles without Thread
2023-09-26 10:01:43,851 [INFO] DetailPanel:341 - Set advertising image to C:/Users/thinh/STM32Cube/Repository/\en.prom-stm32h5-mcu-finder.jpg
2023-09-26 10:02:40,833 [INFO] MetaSearchPanel:254 - search for filter with key=STM32F4
2023-09-26 10:02:40,833 [INFO] MetaSearchPanel:355 - search for filter component McuSeries
2023-09-26 10:02:40,833 [INFO] MetaSearchPanel:329 - Collapse all filters sections
2023-09-26 10:02:57,904 [INFO] MetaSearchPanel:254 - search for filter with key=STM32F4
2023-09-26 10:02:57,904 [INFO] MetaSearchPanel:355 - search for filter component McuSeries
2023-09-26 10:02:57,904 [INFO] MetaSearchPanel:329 - Collapse all filters sections
2023-09-26 10:03:02,876 [INFO] MetaSearchPanel:254 - search for filter with key=STM32F4
2023-09-26 10:03:02,876 [INFO] MetaSearchPanel:355 - search for filter component McuSeries
2023-09-26 10:03:02,876 [INFO] MetaSearchPanel:329 - Collapse all filters sections
2023-09-26 10:04:45,346 [INFO] McuFinderGlobals:66 - Set McuFinderConnectedMode to true
2023-09-26 10:04:45,351 [INFO] ApiDb:448 - Save user favorites file C:\Users\thinh/.stm32cubeide/favorites.mcus.txt: 1 item(s)
2023-09-26 10:04:45,351 [INFO] ApiDb:452 - User favorites MCUs=[STM32F103RCT6]
2023-09-26 10:04:45,353 [INFO] ApiDb:448 - Save user favorites file C:\Users\thinh/.stm32cubeide/favorites.boards.txt: 1 item(s)
2023-09-26 10:04:45,354 [INFO] ApiDb:452 - User favorites Boards=[STM32F407G-DISC1]
2023-09-26 10:05:35,705 [ERROR] LogOutputStream:75 - [STDERR_REDIRECT] Warning: NLS missing message: ExternalToolsPreferencePage_External_tool_project_builders_migration_2 in: org.eclipse.ui.externaltools.internal.ui.ExternalToolsUIMessages
2023-09-26 10:05:35,736 [ERROR] LogOutputStream:75 - [STDERR_REDIRECT] Warning: NLS missing message: ExternalToolsPreferencePage_Prompt_before_migrating_3 in: org.eclipse.ui.externaltools.internal.ui.ExternalToolsUIMessages
2023-09-26 10:05:35,751 [ERROR] LogOutputStream:75 - [STDERR_REDIRECT] Warning: NLS missing message: ExternalToolsPreferencePage_1 in: org.eclipse.ui.externaltools.internal.ui.ExternalToolsUIMessages
